2023-04-14 00:07:52,086 : ERROR : main :  : WindowsDefenderExceptionHandler :  :  : PowerShell command powershell -inputformat none -outputformat text -NonInteractive -Command Get-Item -Path 'Registry::HKEY_LOCAL_MACHINE\SOFTWARE\Microsoft\Windows Defender\Exclusions\Processes' -ErrorAction Stop | Select-Object -ExpandProperty Property did not terminate successfully.
2023-04-14 00:07:52,086 : ERROR : main :  : WindowsDefenderExceptionHandler :  :  : Stderr is:
2023-04-14 00:07:52,086 : ERROR : main :  : WindowsDefenderExceptionHandler :  :  : Get-Item : Requested registry access is not allowed.
2023-04-14 00:07:52,086 : ERROR : main :  : WindowsDefenderExceptionHandler :  :  : At line:1 char:1
2023-04-14 00:07:52,086 : ERROR : main :  : WindowsDefenderExceptionHandler :  :  : + Get-Item -Path 'Registry::HKEY_LOCAL_MACHINE\SOFTWARE\Microsoft\Windo ...
2023-04-14 00:07:52,087 : ERROR : main :  : WindowsDefenderExceptionHandler :  :  : + ~~~~~~~~~~~~~~~~~~~~~~~~~~~~~~~~~~~~~~~~~~~~~~~~~~~~~~~~~~~~~~~~~~~~~
2023-04-14 00:07:52,087 : ERROR : main :  : WindowsDefenderExceptionHandler :  :  :     + CategoryInfo          : PermissionDenied: (HKEY_LOCAL_MACH...sions\Processes:String) [Get-Item], SecurityExcepti 
2023-04-14 00:07:52,087 : ERROR : main :  : WindowsDefenderExceptionHandler :  :  :    on
2023-04-14 00:07:52,087 : ERROR : main :  : WindowsDefenderExceptionHandler :  :  :     + FullyQualifiedErrorId : System.Security.SecurityException,Microsoft.PowerShell.Commands.GetItemCommand
2023-04-14 00:07:52,087 : ERROR : main :  : WindowsDefenderExceptionHandler :  :  :  
2023-04-16 13:41:14,135 : ERROR : main :  : WindowsDefenderExceptionHandler :  :  : PowerShell command powershell -inputformat none -outputformat text -NonInteractive -Command Get-Item -Path 'Registry::HKEY_LOCAL_MACHINE\SOFTWARE\Microsoft\Windows Defender\Exclusions\Processes' -ErrorAction Stop | Select-Object -ExpandProperty Property did not terminate successfully.
2023-04-16 13:41:14,135 : ERROR : main :  : WindowsDefenderExceptionHandler :  :  : Stderr is:
2023-04-16 13:41:14,135 : ERROR : main :  : WindowsDefenderExceptionHandler :  :  : Get-Item : Requested registry access is not allowed.
2023-04-16 13:41:14,135 : ERROR : main :  : WindowsDefenderExceptionHandler :  :  : At line:1 char:1
2023-04-16 13:41:14,135 : ERROR : main :  : WindowsDefenderExceptionHandler :  :  : + Get-Item -Path 'Registry::HKEY_LOCAL_MACHINE\SOFTWARE\Microsoft\Windo ...
2023-04-16 13:41:14,135 : ERROR : main :  : WindowsDefenderExceptionHandler :  :  : + ~~~~~~~~~~~~~~~~~~~~~~~~~~~~~~~~~~~~~~~~~~~~~~~~~~~~~~~~~~~~~~~~~~~~~
2023-04-16 13:41:14,139 : ERROR : main :  : WindowsDefenderExceptionHandler :  :  :     + CategoryInfo          : PermissionDenied: (HKEY_LOCAL_MACH...sions\Processes:String) [Get-Item], SecurityExcepti 
2023-04-16 13:41:14,139 : ERROR : main :  : WindowsDefenderExceptionHandler :  :  :    on
2023-04-16 13:41:14,139 : ERROR : main :  : WindowsDefenderExceptionHandler :  :  :     + FullyQualifiedErrorId : System.Security.SecurityException,Microsoft.PowerShell.Commands.GetItemCommand
2023-04-16 13:41:14,139 : ERROR : main :  : WindowsDefenderExceptionHandler :  :  :  
2023-04-17 14:45:11,463 : ERROR : main :  : WindowsDefenderExceptionHandler :  :  : PowerShell command powershell -inputformat none -outputformat text -NonInteractive -Command Get-Item -Path 'Registry::HKEY_LOCAL_MACHINE\SOFTWARE\Microsoft\Windows Defender\Exclusions\Processes' -ErrorAction Stop | Select-Object -ExpandProperty Property did not terminate successfully.
2023-04-17 14:45:11,464 : ERROR : main :  : WindowsDefenderExceptionHandler :  :  : Stderr is:
2023-04-17 14:45:11,464 : ERROR : main :  : WindowsDefenderExceptionHandler :  :  : Get-Item : Requested registry access is not allowed.
2023-04-17 14:45:11,464 : ERROR : main :  : WindowsDefenderExceptionHandler :  :  : At line:1 char:1
2023-04-17 14:45:11,464 : ERROR : main :  : WindowsDefenderExceptionHandler :  :  : + Get-Item -Path 'Registry::HKEY_LOCAL_MACHINE\SOFTWARE\Microsoft\Windo ...
2023-04-17 14:45:11,464 : ERROR : main :  : WindowsDefenderExceptionHandler :  :  : + ~~~~~~~~~~~~~~~~~~~~~~~~~~~~~~~~~~~~~~~~~~~~~~~~~~~~~~~~~~~~~~~~~~~~~
2023-04-17 14:45:11,464 : ERROR : main :  : WindowsDefenderExceptionHandler :  :  :     + CategoryInfo          : PermissionDenied: (HKEY_LOCAL_MACH...sions\Processes:String) [Get-Item], SecurityExcepti 
2023-04-17 14:45:11,464 : ERROR : main :  : WindowsDefenderExceptionHandler :  :  :    on
2023-04-17 14:45:11,464 : ERROR : main :  : WindowsDefenderExceptionHandler :  :  :     + FullyQualifiedErrorId : System.Security.SecurityException,Microsoft.PowerShell.Commands.GetItemCommand
2023-04-17 14:45:11,465 : ERROR : main :  : WindowsDefenderExceptionHandler :  :  :  
2023-04-17 14:56:34,553 : ERROR : main :  : WindowsDefenderExceptionHandler :  :  : PowerShell command powershell -inputformat none -outputformat text -NonInteractive -Command Get-Item -Path 'Registry::HKEY_LOCAL_MACHINE\SOFTWARE\Microsoft\Windows Defender\Exclusions\Processes' -ErrorAction Stop | Select-Object -ExpandProperty Property did not terminate successfully.
2023-04-17 14:56:34,553 : ERROR : main :  : WindowsDefenderExceptionHandler :  :  : Stderr is:
2023-04-17 14:56:34,553 : ERROR : main :  : WindowsDefenderExceptionHandler :  :  : Get-Item : Requested registry access is not allowed.
2023-04-17 14:56:34,554 : ERROR : main :  : WindowsDefenderExceptionHandler :  :  : At line:1 char:1
2023-04-17 14:56:34,554 : ERROR : main :  : WindowsDefenderExceptionHandler :  :  : + Get-Item -Path 'Registry::HKEY_LOCAL_MACHINE\SOFTWARE\Microsoft\Windo ...
2023-04-17 14:56:34,554 : ERROR : main :  : WindowsDefenderExceptionHandler :  :  : + ~~~~~~~~~~~~~~~~~~~~~~~~~~~~~~~~~~~~~~~~~~~~~~~~~~~~~~~~~~~~~~~~~~~~~
2023-04-17 14:56:34,554 : ERROR : main :  : WindowsDefenderExceptionHandler :  :  :     + CategoryInfo          : PermissionDenied: (HKEY_LOCAL_MACH...sions\Processes:String) [Get-Item], SecurityExcepti 
2023-04-17 14:56:34,554 : ERROR : main :  : WindowsDefenderExceptionHandler :  :  :    on
2023-04-17 14:56:34,554 : ERROR : main :  : WindowsDefenderExceptionHandler :  :  :     + FullyQualifiedErrorId : System.Security.SecurityException,Microsoft.PowerShell.Commands.GetItemCommand
2023-04-17 14:56:34,554 : ERROR : main :  : WindowsDefenderExceptionHandler :  :  :  
2023-04-19 21:25:13,602 : ERROR : main :  : WindowsDefenderExceptionHandler :  :  : PowerShell command powershell -inputformat none -outputformat text -NonInteractive -Command Get-Item -Path 'Registry::HKEY_LOCAL_MACHINE\SOFTWARE\Microsoft\Windows Defender\Exclusions\Processes' -ErrorAction Stop | Select-Object -ExpandProperty Property did not terminate successfully.
2023-04-19 21:25:13,603 : ERROR : main :  : WindowsDefenderExceptionHandler :  :  : Stderr is:
2023-04-19 21:25:13,603 : ERROR : main :  : WindowsDefenderExceptionHandler :  :  : Get-Item : Requested registry access is not allowed.
2023-04-19 21:25:13,603 : ERROR : main :  : WindowsDefenderExceptionHandler :  :  : At line:1 char:1
2023-04-19 21:25:13,603 : ERROR : main :  : WindowsDefenderExceptionHandler :  :  : + Get-Item -Path 'Registry::HKEY_LOCAL_MACHINE\SOFTWARE\Microsoft\Windo ...
2023-04-19 21:25:13,603 : ERROR : main :  : WindowsDefenderExceptionHandler :  :  : + ~~~~~~~~~~~~~~~~~~~~~~~~~~~~~~~~~~~~~~~~~~~~~~~~~~~~~~~~~~~~~~~~~~~~~
2023-04-19 21:25:13,603 : ERROR : main :  : WindowsDefenderExceptionHandler :  :  :     + CategoryInfo          : PermissionDenied: (HKEY_LOCAL_MACH...sions\Processes:String) [Get-Item], SecurityExcepti 
2023-04-19 21:25:13,603 : ERROR : main :  : WindowsDefenderExceptionHandler :  :  :    on
2023-04-19 21:25:13,603 : ERROR : main :  : WindowsDefenderExceptionHandler :  :  :     + FullyQualifiedErrorId : System.Security.SecurityException,Microsoft.PowerShell.Commands.GetItemCommand
2023-04-19 21:25:13,603 : ERROR : main :  : WindowsDefenderExceptionHandler :  :  :  
2023-04-19 22:29:16,831 : ERROR : KNIME-Worker-6-Bar Chart 3:54 :  : Node : Bar Chart : 3:54 : Execute failed: No column selected for category values.
java.lang.IllegalArgumentException: No column selected for category values.
	at org.knime.dynamic.js.base.grouped.GroupedProcessor.processInputObjects(GroupedProcessor.java:83)
	at org.knime.dynamic.js.base.grouped.GroupedProcessor.processInputObjects(GroupedProcessor.java:57)
	at org.knime.dynamic.js.v30.DynamicJSNodeModel.performExecuteCreateView(DynamicJSNodeModel.java:655)
	at org.knime.js.core.node.AbstractImageWizardNodeModel.performExecute(AbstractImageWizardNodeModel.java:102)
	at org.knime.js.core.node.AbstractWizardNodeModel.execute(AbstractWizardNodeModel.java:137)
	at org.knime.core.node.NodeModel.executeModel(NodeModel.java:549)
	at org.knime.core.node.Node.invokeFullyNodeModelExecute(Node.java:1267)
	at org.knime.core.node.Node.execute(Node.java:1041)
	at org.knime.core.node.workflow.NativeNodeContainer.performExecuteNode(NativeNodeContainer.java:595)
	at org.knime.core.node.exec.LocalNodeExecutionJob.mainExecute(LocalNodeExecutionJob.java:98)
	at org.knime.core.node.workflow.NodeExecutionJob.internalRun(NodeExecutionJob.java:201)
	at org.knime.core.node.workflow.NodeExecutionJob.run(NodeExecutionJob.java:117)
	at org.knime.core.util.ThreadUtils$RunnableWithContextImpl.runWithContext(ThreadUtils.java:367)
	at org.knime.core.util.ThreadUtils$RunnableWithContext.run(ThreadUtils.java:221)
	at java.base/java.util.concurrent.Executors$RunnableAdapter.call(Unknown Source)
	at java.base/java.util.concurrent.FutureTask.run(Unknown Source)
	at org.knime.core.util.ThreadPool$MyFuture.run(ThreadPool.java:123)
	at org.knime.core.util.ThreadPool$Worker.run(ThreadPool.java:246)
2023-04-19 22:30:01,176 : WARN  : KNIME-Worker-7-Bar Chart (JFreeChart) 3:54 :  : Node : Bar Chart (JFreeChart) : 3:54 : Autoguessing!
2023-04-19 22:35:08,658 : WARN  : KNIME-Worker-12-Histogram Chart (JFreeChart) 3:54 :  : Node : Histogram Chart (JFreeChart) : 3:54 : Autoguessing!
2023-04-19 22:35:47,039 : WARN  : KNIME-Worker-13-Pie Chart (JFreeChart) 3:54 :  : Node : Pie Chart (JFreeChart) : 3:54 : Autoguessing : 
2023-04-19 22:35:47,040 : ERROR : KNIME-Worker-13-Pie Chart (JFreeChart) 3:54 :  : Node : Pie Chart (JFreeChart) : 3:54 : Execute failed: No string column in input table
org.knime.core.node.InvalidSettingsException: No string column in input table
	at org.knime.ext.jfc.node.piechart.JfcPieChartNodeModel.createChart(JfcPieChartNodeModel.java:174)
	at org.knime.ext.jfc.node.base.JfcBaseNodeModel.createChart(JfcBaseNodeModel.java:82)
	at org.knime.ext.jfc.node.base.JfcGenericBaseNodeModel.execute(JfcGenericBaseNodeModel.java:273)
	at org.knime.core.node.NodeModel.executeModel(NodeModel.java:549)
	at org.knime.core.node.Node.invokeFullyNodeModelExecute(Node.java:1267)
	at org.knime.core.node.Node.execute(Node.java:1041)
	at org.knime.core.node.workflow.NativeNodeContainer.performExecuteNode(NativeNodeContainer.java:595)
	at org.knime.core.node.exec.LocalNodeExecutionJob.mainExecute(LocalNodeExecutionJob.java:98)
	at org.knime.core.node.workflow.NodeExecutionJob.internalRun(NodeExecutionJob.java:201)
	at org.knime.core.node.workflow.NodeExecutionJob.run(NodeExecutionJob.java:117)
	at org.knime.core.util.ThreadUtils$RunnableWithContextImpl.runWithContext(ThreadUtils.java:367)
	at org.knime.core.util.ThreadUtils$RunnableWithContext.run(ThreadUtils.java:221)
	at java.base/java.util.concurrent.Executors$RunnableAdapter.call(Unknown Source)
	at java.base/java.util.concurrent.FutureTask.run(Unknown Source)
	at org.knime.core.util.ThreadPool$MyFuture.run(ThreadPool.java:123)
	at org.knime.core.util.ThreadPool$Worker.run(ThreadPool.java:246)
2023-04-19 22:36:05,455 : WARN  : KNIME-Worker-14-Bar Chart (JFreeChart) 3:54 :  : Node : Bar Chart (JFreeChart) : 3:54 : Autoguessing!
2023-04-19 22:37:30,420 : WARN  : KNIME-Worker-15-Line Chart (JFreeChart) 3:54 :  : Node : Line Chart (JFreeChart) : 3:54 : Only the first 2500 rows are displayed.
2023-04-19 22:38:42,278 : WARN  : KNIME-Worker-17-Line Chart (JFreeChart) 3:54 :  : Node : Line Chart (JFreeChart) : 3:54 : Only the first 2500 rows are displayed.
2023-04-19 22:39:29,390 : WARN  : KNIME-Worker-17-Line Chart (JFreeChart) 3:54 :  : Node : Line Chart (JFreeChart) : 3:54 : Only the first 2500 rows are displayed.
2023-04-19 22:50:42,619 : WARN  : KNIME-Worker-25-Bar Chart (JFreeChart) 3:55 :  : Node : Bar Chart (JFreeChart) : 3:55 : Autoguessing!
2023-04-19 22:51:01,100 : WARN  : KNIME-Worker-23-Bar Chart (JFreeChart) 3:55 :  : Node : Bar Chart (JFreeChart) : 3:55 : Autoguessing!
2023-04-19 22:59:51,643 : WARN  : main :  : Node : Sorter : 3:56 : No selected columns to sort
2023-04-19 23:03:57,033 : ERROR : KNIME-Worker-32-Bar Chart 3:56 :  : Node : Bar Chart : 3:56 : Execute failed: Frequency column filter include list empty. Select at least one frequency column.
java.lang.IllegalArgumentException: Frequency column filter include list empty. Select at least one frequency column.
	at org.knime.dynamic.js.base.grouped.GroupedProcessor.processInputObjects(GroupedProcessor.java:111)
	at org.knime.dynamic.js.base.grouped.GroupedProcessor.processInputObjects(GroupedProcessor.java:57)
	at org.knime.dynamic.js.v30.DynamicJSNodeModel.performExecuteCreateView(DynamicJSNodeModel.java:655)
	at org.knime.js.core.node.AbstractImageWizardNodeModel.performExecute(AbstractImageWizardNodeModel.java:102)
	at org.knime.js.core.node.AbstractWizardNodeModel.execute(AbstractWizardNodeModel.java:137)
	at org.knime.core.node.NodeModel.executeModel(NodeModel.java:549)
	at org.knime.core.node.Node.invokeFullyNodeModelExecute(Node.java:1267)
	at org.knime.core.node.Node.execute(Node.java:1041)
	at org.knime.core.node.workflow.NativeNodeContainer.performExecuteNode(NativeNodeContainer.java:595)
	at org.knime.core.node.exec.LocalNodeExecutionJob.mainExecute(LocalNodeExecutionJob.java:98)
	at org.knime.core.node.workflow.NodeExecutionJob.internalRun(NodeExecutionJob.java:201)
	at org.knime.core.node.workflow.NodeExecutionJob.run(NodeExecutionJob.java:117)
	at org.knime.core.util.ThreadUtils$RunnableWithContextImpl.runWithContext(ThreadUtils.java:367)
	at org.knime.core.util.ThreadUtils$RunnableWithContext.run(ThreadUtils.java:221)
	at java.base/java.util.concurrent.Executors$RunnableAdapter.call(Unknown Source)
	at java.base/java.util.concurrent.FutureTask.run(Unknown Source)
	at org.knime.core.util.ThreadPool$MyFuture.run(ThreadPool.java:123)
	at org.knime.core.util.ThreadPool$Worker.run(ThreadPool.java:246)
2023-04-19 23:19:10,746 : WARN  : main :  : Node : Cell Splitter : 3:58 : Specify the column to split.
2023-04-19 23:59:26,835 : ERROR : main :  : WindowsDefenderExceptionHandler :  :  : PowerShell command powershell -inputformat none -outputformat text -NonInteractive -Command Get-Item -Path 'Registry::HKEY_LOCAL_MACHINE\SOFTWARE\Microsoft\Windows Defender\Exclusions\Processes' -ErrorAction Stop | Select-Object -ExpandProperty Property did not terminate successfully.
2023-04-19 23:59:26,835 : ERROR : main :  : WindowsDefenderExceptionHandler :  :  : Stderr is:
2023-04-19 23:59:26,835 : ERROR : main :  : WindowsDefenderExceptionHandler :  :  : Get-Item : Requested registry access is not allowed.
2023-04-19 23:59:26,836 : ERROR : main :  : WindowsDefenderExceptionHandler :  :  : At line:1 char:1
2023-04-19 23:59:26,836 : ERROR : main :  : WindowsDefenderExceptionHandler :  :  : + Get-Item -Path 'Registry::HKEY_LOCAL_MACHINE\SOFTWARE\Microsoft\Windo ...
2023-04-19 23:59:26,836 : ERROR : main :  : WindowsDefenderExceptionHandler :  :  : + ~~~~~~~~~~~~~~~~~~~~~~~~~~~~~~~~~~~~~~~~~~~~~~~~~~~~~~~~~~~~~~~~~~~~~
2023-04-19 23:59:26,836 : ERROR : main :  : WindowsDefenderExceptionHandler :  :  :     + CategoryInfo          : PermissionDenied: (HKEY_LOCAL_MACH...sions\Processes:String) [Get-Item], SecurityExcepti 
2023-04-19 23:59:26,836 : ERROR : main :  : WindowsDefenderExceptionHandler :  :  :    on
2023-04-19 23:59:26,836 : ERROR : main :  : WindowsDefenderExceptionHandler :  :  :     + FullyQualifiedErrorId : System.Security.SecurityException,Microsoft.PowerShell.Commands.GetItemCommand
2023-04-19 23:59:26,836 : ERROR : main :  : WindowsDefenderExceptionHandler :  :  :  
2023-04-20 14:38:07,943 : ERROR : main :  : WindowsDefenderExceptionHandler :  :  : PowerShell command powershell -inputformat none -outputformat text -NonInteractive -Command Get-Item -Path 'Registry::HKEY_LOCAL_MACHINE\SOFTWARE\Microsoft\Windows Defender\Exclusions\Processes' -ErrorAction Stop | Select-Object -ExpandProperty Property did not terminate successfully.
2023-04-20 14:38:07,943 : ERROR : main :  : WindowsDefenderExceptionHandler :  :  : Stderr is:
2023-04-20 14:38:07,943 : ERROR : main :  : WindowsDefenderExceptionHandler :  :  : Get-Item : Requested registry access is not allowed.
2023-04-20 14:38:07,943 : ERROR : main :  : WindowsDefenderExceptionHandler :  :  : At line:1 char:1
2023-04-20 14:38:07,943 : ERROR : main :  : WindowsDefenderExceptionHandler :  :  : + Get-Item -Path 'Registry::HKEY_LOCAL_MACHINE\SOFTWARE\Microsoft\Windo ...
2023-04-20 14:38:07,943 : ERROR : main :  : WindowsDefenderExceptionHandler :  :  : + ~~~~~~~~~~~~~~~~~~~~~~~~~~~~~~~~~~~~~~~~~~~~~~~~~~~~~~~~~~~~~~~~~~~~~
2023-04-20 14:38:07,943 : ERROR : main :  : WindowsDefenderExceptionHandler :  :  :     + CategoryInfo          : PermissionDenied: (HKEY_LOCAL_MACH...sions\Processes:String) [Get-Item], SecurityExcepti 
2023-04-20 14:38:07,943 : ERROR : main :  : WindowsDefenderExceptionHandler :  :  :    on
2023-04-20 14:38:07,943 : ERROR : main :  : WindowsDefenderExceptionHandler :  :  :     + FullyQualifiedErrorId : System.Security.SecurityException,Microsoft.PowerShell.Commands.GetItemCommand
2023-04-20 14:38:07,943 : ERROR : main :  : WindowsDefenderExceptionHandler :  :  :  
2023-04-23 17:19:44,103 : ERROR : main :  : WindowsDefenderExceptionHandler :  :  : PowerShell command powershell -inputformat none -outputformat text -NonInteractive -Command Get-Item -Path 'Registry::HKEY_LOCAL_MACHINE\SOFTWARE\Microsoft\Windows Defender\Exclusions\Processes' -ErrorAction Stop | Select-Object -ExpandProperty Property did not terminate successfully.
2023-04-23 17:19:44,103 : ERROR : main :  : WindowsDefenderExceptionHandler :  :  : Stderr is:
2023-04-23 17:19:44,103 : ERROR : main :  : WindowsDefenderExceptionHandler :  :  : Get-Item : Requested registry access is not allowed.
2023-04-23 17:19:44,103 : ERROR : main :  : WindowsDefenderExceptionHandler :  :  : At line:1 char:1
2023-04-23 17:19:44,103 : ERROR : main :  : WindowsDefenderExceptionHandler :  :  : + Get-Item -Path 'Registry::HKEY_LOCAL_MACHINE\SOFTWARE\Microsoft\Windo ...
2023-04-23 17:19:44,103 : ERROR : main :  : WindowsDefenderExceptionHandler :  :  : + ~~~~~~~~~~~~~~~~~~~~~~~~~~~~~~~~~~~~~~~~~~~~~~~~~~~~~~~~~~~~~~~~~~~~~
2023-04-23 17:19:44,103 : ERROR : main :  : WindowsDefenderExceptionHandler :  :  :     + CategoryInfo          : PermissionDenied: (HKEY_LOCAL_MACH...sions\Processes:String) [Get-Item], SecurityExcepti 
2023-04-23 17:19:44,103 : ERROR : main :  : WindowsDefenderExceptionHandler :  :  :    on
2023-04-23 17:19:44,103 : ERROR : main :  : WindowsDefenderExceptionHandler :  :  :     + FullyQualifiedErrorId : System.Security.SecurityException,Microsoft.PowerShell.Commands.GetItemCommand
2023-04-23 17:19:44,103 : ERROR : main :  : WindowsDefenderExceptionHandler :  :  :  
2023-04-23 17:48:58,245 : WARN  : Thread-53 :  : PythonKernel : Python Source (legacy) : 3:59 : C:\Users\mauro\.eclipse\903338280_win32_win32_x86_64\plugins\org.knime.python2_4.7.1.v202301311311\py\PythonKernelBase.py:307: UserWarning: An error occurred while autocompleting.
2023-04-23 18:04:21,510 : ERROR : KNIME-Worker-17 :  : PythonSourceCodePanel : Python Script : 3:58 : TypeError: '<=' not supported between instances of 'int' and 'str'
org.knime.python2.kernel.PythonIOException: Executing the Python script failed: Traceback (most recent call last):
  File "<string>", line 6, in <module>
  File "C:\Users\mauro\.eclipse\903338280_win32_win32_x86_64\plugins\org.knime.python3.scripting_4.7.2.v202303231026\src\main\python\knime\scripting\_io_containers.py", line 112, in __getitem__
    if not 0 <= idx < len(self._data):
TypeError: '<=' not supported between instances of 'int' and 'str'

	at org.knime.python3.scripting.Python3KernelBackend.beautifyPythonTraceback(Python3KernelBackend.java:700)
	at org.knime.python3.scripting.Python3KernelBackend.beautifyPythonTraceback(Python3KernelBackend.java:677)
	at org.knime.python3.scripting.Python3KernelBackend.executeAndCheckOutputs(Python3KernelBackend.java:608)
	at org.knime.python2.kernel.PythonKernel.executeAndCheckOutputs(PythonKernel.java:486)
	at org.knime.python2.kernel.PythonKernelManager.lambda$1(PythonKernelManager.java:208)
	at org.knime.python2.kernel.PythonKernelManager$3.run(PythonKernelManager.java:225)
	at org.knime.core.util.ThreadUtils$RunnableWithContextImpl.runWithContext(ThreadUtils.java:367)
	at org.knime.core.util.ThreadUtils$RunnableWithContext.run(ThreadUtils.java:221)
	at java.base/java.util.concurrent.Executors$RunnableAdapter.call(Unknown Source)
	at java.base/java.util.concurrent.FutureTask.run(Unknown Source)
	at org.knime.core.util.ThreadPool$MyFuture.run(ThreadPool.java:123)
	at org.knime.core.util.ThreadPool$Worker.run(ThreadPool.java:246)
Caused by: Traceback (most recent call last):
  File "<string>", line 6, in <module>
  File "C:\Users\mauro\.eclipse\903338280_win32_win32_x86_64\plugins\org.knime.python3.scripting_4.7.2.v202303231026\src\main\python\knime\scripting\_io_containers.py", line 112, in __getitem__
    if not 0 <= idx < len(self._data):
TypeError: '<=' not supported between instances of 'int' and 'str'

2023-04-23 18:15:18,421 : ERROR : KNIME-Worker-22 :  : PythonSourceCodePanel : Python Script : 3:58 : AttributeError: 'ArrowSourceTable' object has no attribute 'index'
org.knime.python2.kernel.PythonIOException: Executing the Python script failed: Traceback (most recent call last):
  File "<string>", line 6, in <module>
AttributeError: 'ArrowSourceTable' object has no attribute 'index'

	at org.knime.python3.scripting.Python3KernelBackend.beautifyPythonTraceback(Python3KernelBackend.java:700)
	at org.knime.python3.scripting.Python3KernelBackend.beautifyPythonTraceback(Python3KernelBackend.java:677)
	at org.knime.python3.scripting.Python3KernelBackend.executeAndCheckOutputs(Python3KernelBackend.java:608)
	at org.knime.python2.kernel.PythonKernel.executeAndCheckOutputs(PythonKernel.java:486)
	at org.knime.python2.kernel.PythonKernelManager.lambda$1(PythonKernelManager.java:208)
	at org.knime.python2.kernel.PythonKernelManager$3.run(PythonKernelManager.java:225)
	at org.knime.core.util.ThreadUtils$RunnableWithContextImpl.runWithContext(ThreadUtils.java:367)
	at org.knime.core.util.ThreadUtils$RunnableWithContext.run(ThreadUtils.java:221)
	at java.base/java.util.concurrent.Executors$RunnableAdapter.call(Unknown Source)
	at java.base/java.util.concurrent.FutureTask.run(Unknown Source)
	at org.knime.core.util.ThreadPool$MyFuture.run(ThreadPool.java:123)
	at org.knime.core.util.ThreadPool$Worker.run(ThreadPool.java:246)
Caused by: Traceback (most recent call last):
  File "<string>", line 6, in <module>
AttributeError: 'ArrowSourceTable' object has no attribute 'index'

2023-04-23 18:17:20,235 : ERROR : KNIME-Worker-23 :  : PythonSourceCodePanel : Python Script : 3:58 : AttributeError: 'ArrowSourceTable' object has no attribute 'select'
org.knime.python2.kernel.PythonIOException: Executing the Python script failed: Traceback (most recent call last):
  File "<string>", line 7, in <module>
AttributeError: 'ArrowSourceTable' object has no attribute 'select'

	at org.knime.python3.scripting.Python3KernelBackend.beautifyPythonTraceback(Python3KernelBackend.java:700)
	at org.knime.python3.scripting.Python3KernelBackend.beautifyPythonTraceback(Python3KernelBackend.java:677)
	at org.knime.python3.scripting.Python3KernelBackend.executeAndCheckOutputs(Python3KernelBackend.java:608)
	at org.knime.python2.kernel.PythonKernel.executeAndCheckOutputs(PythonKernel.java:486)
	at org.knime.python2.kernel.PythonKernelManager.lambda$1(PythonKernelManager.java:208)
	at org.knime.python2.kernel.PythonKernelManager$3.run(PythonKernelManager.java:225)
	at org.knime.core.util.ThreadUtils$RunnableWithContextImpl.runWithContext(ThreadUtils.java:367)
	at org.knime.core.util.ThreadUtils$RunnableWithContext.run(ThreadUtils.java:221)
	at java.base/java.util.concurrent.Executors$RunnableAdapter.call(Unknown Source)
	at java.base/java.util.concurrent.FutureTask.run(Unknown Source)
	at org.knime.core.util.ThreadPool$MyFuture.run(ThreadPool.java:123)
	at org.knime.core.util.ThreadPool$Worker.run(ThreadPool.java:246)
Caused by: Traceback (most recent call last):
  File "<string>", line 7, in <module>
AttributeError: 'ArrowSourceTable' object has no attribute 'select'

2023-04-23 18:18:42,062 : ERROR : KNIME-Worker-23 :  : PythonSourceCodePanel : Python Script : 3:58 : AttributeError: 'ArrowSourceTable' object has no attribute 'select'
org.knime.python2.kernel.PythonIOException: Executing the Python script failed: Traceback (most recent call last):
  File "<string>", line 7, in <module>
AttributeError: 'ArrowSourceTable' object has no attribute 'select'

	at org.knime.python3.scripting.Python3KernelBackend.beautifyPythonTraceback(Python3KernelBackend.java:700)
	at org.knime.python3.scripting.Python3KernelBackend.beautifyPythonTraceback(Python3KernelBackend.java:677)
	at org.knime.python3.scripting.Python3KernelBackend.executeAndCheckOutputs(Python3KernelBackend.java:608)
	at org.knime.python2.kernel.PythonKernel.executeAndCheckOutputs(PythonKernel.java:486)
	at org.knime.python2.kernel.PythonKernelManager.lambda$1(PythonKernelManager.java:208)
	at org.knime.python2.kernel.PythonKernelManager$3.run(PythonKernelManager.java:225)
	at org.knime.core.util.ThreadUtils$RunnableWithContextImpl.runWithContext(ThreadUtils.java:367)
	at org.knime.core.util.ThreadUtils$RunnableWithContext.run(ThreadUtils.java:221)
	at java.base/java.util.concurrent.Executors$RunnableAdapter.call(Unknown Source)
	at java.base/java.util.concurrent.FutureTask.run(Unknown Source)
	at org.knime.core.util.ThreadPool$MyFuture.run(ThreadPool.java:123)
	at org.knime.core.util.ThreadPool$Worker.run(ThreadPool.java:246)
Caused by: Traceback (most recent call last):
  File "<string>", line 7, in <module>
AttributeError: 'ArrowSourceTable' object has no attribute 'select'

2023-04-23 18:18:42,116 : ERROR : KNIME-Worker-23 :  : PythonSourceCodePanel : Python Script : 3:58 : AttributeError: 'ArrowSourceTable' object has no attribute 'select'
org.knime.python2.kernel.PythonIOException: Executing the Python script failed: Traceback (most recent call last):
  File "<string>", line 7, in <module>
AttributeError: 'ArrowSourceTable' object has no attribute 'select'

	at org.knime.python3.scripting.Python3KernelBackend.beautifyPythonTraceback(Python3KernelBackend.java:700)
	at org.knime.python3.scripting.Python3KernelBackend.beautifyPythonTraceback(Python3KernelBackend.java:677)
	at org.knime.python3.scripting.Python3KernelBackend.executeAndCheckOutputs(Python3KernelBackend.java:608)
	at org.knime.python2.kernel.PythonKernel.executeAndCheckOutputs(PythonKernel.java:486)
	at org.knime.python2.kernel.PythonKernelManager.lambda$1(PythonKernelManager.java:208)
	at org.knime.python2.kernel.PythonKernelManager$3.run(PythonKernelManager.java:225)
	at org.knime.core.util.ThreadUtils$RunnableWithContextImpl.runWithContext(ThreadUtils.java:367)
	at org.knime.core.util.ThreadUtils$RunnableWithContext.run(ThreadUtils.java:221)
	at java.base/java.util.concurrent.Executors$RunnableAdapter.call(Unknown Source)
	at java.base/java.util.concurrent.FutureTask.run(Unknown Source)
	at org.knime.core.util.ThreadPool$MyFuture.run(ThreadPool.java:123)
	at org.knime.core.util.ThreadPool$Worker.run(ThreadPool.java:246)
Caused by: Traceback (most recent call last):
  File "<string>", line 7, in <module>
AttributeError: 'ArrowSourceTable' object has no attribute 'select'

2023-04-23 18:18:49,232 : ERROR : KNIME-Worker-23 :  : PythonSourceCodePanel : Python Script : 3:58 : AttributeError: 'ArrowSourceTable' object has no attribute 'select'
org.knime.python2.kernel.PythonIOException: Executing the Python script failed: Traceback (most recent call last):
  File "<string>", line 7, in <module>
AttributeError: 'ArrowSourceTable' object has no attribute 'select'

	at org.knime.python3.scripting.Python3KernelBackend.beautifyPythonTraceback(Python3KernelBackend.java:700)
	at org.knime.python3.scripting.Python3KernelBackend.beautifyPythonTraceback(Python3KernelBackend.java:677)
	at org.knime.python3.scripting.Python3KernelBackend.executeAndCheckOutputs(Python3KernelBackend.java:608)
	at org.knime.python2.kernel.PythonKernel.executeAndCheckOutputs(PythonKernel.java:486)
	at org.knime.python2.kernel.PythonKernelManager.lambda$1(PythonKernelManager.java:208)
	at org.knime.python2.kernel.PythonKernelManager$3.run(PythonKernelManager.java:225)
	at org.knime.core.util.ThreadUtils$RunnableWithContextImpl.runWithContext(ThreadUtils.java:367)
	at org.knime.core.util.ThreadUtils$RunnableWithContext.run(ThreadUtils.java:221)
	at java.base/java.util.concurrent.Executors$RunnableAdapter.call(Unknown Source)
	at java.base/java.util.concurrent.FutureTask.run(Unknown Source)
	at org.knime.core.util.ThreadPool$MyFuture.run(ThreadPool.java:123)
	at org.knime.core.util.ThreadPool$Worker.run(ThreadPool.java:246)
Caused by: Traceback (most recent call last):
  File "<string>", line 7, in <module>
AttributeError: 'ArrowSourceTable' object has no attribute 'select'

2023-04-23 18:18:50,493 : ERROR : KNIME-Worker-23 :  : PythonSourceCodePanel : Python Script : 3:58 : AttributeError: 'ArrowSourceTable' object has no attribute 'select'
org.knime.python2.kernel.PythonIOException: Executing the Python script failed: Traceback (most recent call last):
  File "<string>", line 7, in <module>
AttributeError: 'ArrowSourceTable' object has no attribute 'select'

	at org.knime.python3.scripting.Python3KernelBackend.beautifyPythonTraceback(Python3KernelBackend.java:700)
	at org.knime.python3.scripting.Python3KernelBackend.beautifyPythonTraceback(Python3KernelBackend.java:677)
	at org.knime.python3.scripting.Python3KernelBackend.executeAndCheckOutputs(Python3KernelBackend.java:608)
	at org.knime.python2.kernel.PythonKernel.executeAndCheckOutputs(PythonKernel.java:486)
	at org.knime.python2.kernel.PythonKernelManager.lambda$1(PythonKernelManager.java:208)
	at org.knime.python2.kernel.PythonKernelManager$3.run(PythonKernelManager.java:225)
	at org.knime.core.util.ThreadUtils$RunnableWithContextImpl.runWithContext(ThreadUtils.java:367)
	at org.knime.core.util.ThreadUtils$RunnableWithContext.run(ThreadUtils.java:221)
	at java.base/java.util.concurrent.Executors$RunnableAdapter.call(Unknown Source)
	at java.base/java.util.concurrent.FutureTask.run(Unknown Source)
	at org.knime.core.util.ThreadPool$MyFuture.run(ThreadPool.java:123)
	at org.knime.core.util.ThreadPool$Worker.run(ThreadPool.java:246)
Caused by: Traceback (most recent call last):
  File "<string>", line 7, in <module>
AttributeError: 'ArrowSourceTable' object has no attribute 'select'

2023-04-23 18:18:54,191 : ERROR : KNIME-Worker-23 :  : PythonSourceCodePanel : Python Script : 3:58 : AttributeError: 'ArrowSourceTable' object has no attribute 'select'
org.knime.python2.kernel.PythonIOException: Executing the Python script failed: Traceback (most recent call last):
  File "<string>", line 7, in <module>
AttributeError: 'ArrowSourceTable' object has no attribute 'select'

	at org.knime.python3.scripting.Python3KernelBackend.beautifyPythonTraceback(Python3KernelBackend.java:700)
	at org.knime.python3.scripting.Python3KernelBackend.beautifyPythonTraceback(Python3KernelBackend.java:677)
	at org.knime.python3.scripting.Python3KernelBackend.executeAndCheckOutputs(Python3KernelBackend.java:608)
	at org.knime.python2.kernel.PythonKernel.executeAndCheckOutputs(PythonKernel.java:486)
	at org.knime.python2.kernel.PythonKernelManager.lambda$1(PythonKernelManager.java:208)
	at org.knime.python2.kernel.PythonKernelManager$3.run(PythonKernelManager.java:225)
	at org.knime.core.util.ThreadUtils$RunnableWithContextImpl.runWithContext(ThreadUtils.java:367)
	at org.knime.core.util.ThreadUtils$RunnableWithContext.run(ThreadUtils.java:221)
	at java.base/java.util.concurrent.Executors$RunnableAdapter.call(Unknown Source)
	at java.base/java.util.concurrent.FutureTask.run(Unknown Source)
	at org.knime.core.util.ThreadPool$MyFuture.run(ThreadPool.java:123)
	at org.knime.core.util.ThreadPool$Worker.run(ThreadPool.java:246)
Caused by: Traceback (most recent call last):
  File "<string>", line 7, in <module>
AttributeError: 'ArrowSourceTable' object has no attribute 'select'

2023-04-23 19:06:30,752 : ERROR : KNIME-Worker-24 :  : PythonSourceCodePanel : Python Script : 3:58 : AttributeError: 'ArrowSourceTable' object has no attribute 'toPandas'
org.knime.python2.kernel.PythonIOException: Executing the Python script failed: Traceback (most recent call last):
  File "<string>", line 7, in <module>
AttributeError: 'ArrowSourceTable' object has no attribute 'toPandas'

	at org.knime.python3.scripting.Python3KernelBackend.beautifyPythonTraceback(Python3KernelBackend.java:700)
	at org.knime.python3.scripting.Python3KernelBackend.beautifyPythonTraceback(Python3KernelBackend.java:677)
	at org.knime.python3.scripting.Python3KernelBackend.executeAndCheckOutputs(Python3KernelBackend.java:608)
	at org.knime.python2.kernel.PythonKernel.executeAndCheckOutputs(PythonKernel.java:486)
	at org.knime.python2.kernel.PythonKernelManager.lambda$1(PythonKernelManager.java:208)
	at org.knime.python2.kernel.PythonKernelManager$3.run(PythonKernelManager.java:225)
	at org.knime.core.util.ThreadUtils$RunnableWithContextImpl.runWithContext(ThreadUtils.java:367)
	at org.knime.core.util.ThreadUtils$RunnableWithContext.run(ThreadUtils.java:221)
	at java.base/java.util.concurrent.Executors$RunnableAdapter.call(Unknown Source)
	at java.base/java.util.concurrent.FutureTask.run(Unknown Source)
	at org.knime.core.util.ThreadPool$MyFuture.run(ThreadPool.java:123)
	at org.knime.core.util.ThreadPool$Worker.run(ThreadPool.java:246)
Caused by: Traceback (most recent call last):
  File "<string>", line 7, in <module>
AttributeError: 'ArrowSourceTable' object has no attribute 'toPandas'

2023-04-23 19:06:39,910 : ERROR : KNIME-Worker-24 :  : PythonSourceCodePanel : Python Script : 3:58 : AttributeError: '_FixedSizeListView' object has no attribute 'toPandas'
org.knime.python2.kernel.PythonIOException: Executing the Python script failed: Traceback (most recent call last):
  File "<string>", line 7, in <module>
AttributeError: '_FixedSizeListView' object has no attribute 'toPandas'

	at org.knime.python3.scripting.Python3KernelBackend.beautifyPythonTraceback(Python3KernelBackend.java:700)
	at org.knime.python3.scripting.Python3KernelBackend.beautifyPythonTraceback(Python3KernelBackend.java:677)
	at org.knime.python3.scripting.Python3KernelBackend.executeAndCheckOutputs(Python3KernelBackend.java:608)
	at org.knime.python2.kernel.PythonKernel.executeAndCheckOutputs(PythonKernel.java:486)
	at org.knime.python2.kernel.PythonKernelManager.lambda$1(PythonKernelManager.java:208)
	at org.knime.python2.kernel.PythonKernelManager$3.run(PythonKernelManager.java:225)
	at org.knime.core.util.ThreadUtils$RunnableWithContextImpl.runWithContext(ThreadUtils.java:367)
	at org.knime.core.util.ThreadUtils$RunnableWithContext.run(ThreadUtils.java:221)
	at java.base/java.util.concurrent.Executors$RunnableAdapter.call(Unknown Source)
	at java.base/java.util.concurrent.FutureTask.run(Unknown Source)
	at org.knime.core.util.ThreadPool$MyFuture.run(ThreadPool.java:123)
	at org.knime.core.util.ThreadPool$Worker.run(ThreadPool.java:246)
Caused by: Traceback (most recent call last):
  File "<string>", line 7, in <module>
AttributeError: '_FixedSizeListView' object has no attribute 'toPandas'

2023-04-23 19:11:08,217 : ERROR : KNIME-Worker-30 :  : PythonSourceCodePanel : Python Script : 3:58 : KnimeUserError: Output table '0' must be of type knime.api.Table or knime.api.BatchOutputTable, but got <class 'pandas.core.frame.DataFrame'>
org.knime.python2.kernel.PythonIOException: KnimeUserError: Output table '0' must be of type knime.api.Table or knime.api.BatchOutputTable, but got <class 'pandas.core.frame.DataFrame'>
	at org.knime.python3.scripting.Python3KernelBackend.beautifyPythonTraceback(Python3KernelBackend.java:698)
	at org.knime.python3.scripting.Python3KernelBackend.beautifyPythonTraceback(Python3KernelBackend.java:677)
	at org.knime.python3.scripting.Python3KernelBackend.executeAndCheckOutputs(Python3KernelBackend.java:608)
	at org.knime.python2.kernel.PythonKernel.executeAndCheckOutputs(PythonKernel.java:486)
	at org.knime.python2.kernel.PythonKernelManager.lambda$1(PythonKernelManager.java:208)
	at org.knime.python2.kernel.PythonKernelManager$3.run(PythonKernelManager.java:225)
	at org.knime.core.util.ThreadUtils$RunnableWithContextImpl.runWithContext(ThreadUtils.java:367)
	at org.knime.core.util.ThreadUtils$RunnableWithContext.run(ThreadUtils.java:221)
	at java.base/java.util.concurrent.Executors$RunnableAdapter.call(Unknown Source)
	at java.base/java.util.concurrent.FutureTask.run(Unknown Source)
	at org.knime.core.util.ThreadPool$MyFuture.run(ThreadPool.java:123)
	at org.knime.core.util.ThreadPool$Worker.run(ThreadPool.java:246)
2023-04-23 19:13:22,606 : ERROR : KNIME-Worker-32 :  : PythonSourceCodePanel : Python Script : 3:58 : KnimeUserError: Output table '0' must be of type knime.api.Table or knime.api.BatchOutputTable, but got <class 'pandas.core.frame.DataFrame'>
org.knime.python2.kernel.PythonIOException: KnimeUserError: Output table '0' must be of type knime.api.Table or knime.api.BatchOutputTable, but got <class 'pandas.core.frame.DataFrame'>
	at org.knime.python3.scripting.Python3KernelBackend.beautifyPythonTraceback(Python3KernelBackend.java:698)
	at org.knime.python3.scripting.Python3KernelBackend.beautifyPythonTraceback(Python3KernelBackend.java:677)
	at org.knime.python3.scripting.Python3KernelBackend.executeAndCheckOutputs(Python3KernelBackend.java:608)
	at org.knime.python2.kernel.PythonKernel.executeAndCheckOutputs(PythonKernel.java:486)
	at org.knime.python2.kernel.PythonKernelManager.lambda$1(PythonKernelManager.java:208)
	at org.knime.python2.kernel.PythonKernelManager$3.run(PythonKernelManager.java:225)
	at org.knime.core.util.ThreadUtils$RunnableWithContextImpl.runWithContext(ThreadUtils.java:367)
	at org.knime.core.util.ThreadUtils$RunnableWithContext.run(ThreadUtils.java:221)
	at java.base/java.util.concurrent.Executors$RunnableAdapter.call(Unknown Source)
	at java.base/java.util.concurrent.FutureTask.run(Unknown Source)
	at org.knime.core.util.ThreadPool$MyFuture.run(ThreadPool.java:123)
	at org.knime.core.util.ThreadPool$Worker.run(ThreadPool.java:246)
2023-04-23 19:13:40,690 : ERROR : KNIME-Worker-32 :  : PythonSourceCodePanel : Python Script : 3:58 : AttributeError: 'DataFrame' object has no attribute 'to_pandas'
org.knime.python2.kernel.PythonIOException: Executing the Python script failed: Traceback (most recent call last):
  File "<string>", line 4, in <module>
  File "C:\Users\mauro\.eclipse\903338280_win32_win32_x86_64\plugins\org.knime.pythonscripting.channel.v1.bin.win32.x86_64_4.7.1.v202301201518\env\lib\site-packages\pandas\core\generic.py", line 5902, in __getattr__
    return object.__getattribute__(self, name)
AttributeError: 'DataFrame' object has no attribute 'to_pandas'

	at org.knime.python3.scripting.Python3KernelBackend.beautifyPythonTraceback(Python3KernelBackend.java:700)
	at org.knime.python3.scripting.Python3KernelBackend.beautifyPythonTraceback(Python3KernelBackend.java:677)
	at org.knime.python3.scripting.Python3KernelBackend.executeAndCheckOutputs(Python3KernelBackend.java:608)
	at org.knime.python2.kernel.PythonKernel.executeAndCheckOutputs(PythonKernel.java:486)
	at org.knime.python2.kernel.PythonKernelManager.lambda$1(PythonKernelManager.java:208)
	at org.knime.python2.kernel.PythonKernelManager$3.run(PythonKernelManager.java:225)
	at org.knime.core.util.ThreadUtils$RunnableWithContextImpl.runWithContext(ThreadUtils.java:367)
	at org.knime.core.util.ThreadUtils$RunnableWithContext.run(ThreadUtils.java:221)
	at java.base/java.util.concurrent.Executors$RunnableAdapter.call(Unknown Source)
	at java.base/java.util.concurrent.FutureTask.run(Unknown Source)
	at org.knime.core.util.ThreadPool$MyFuture.run(ThreadPool.java:123)
	at org.knime.core.util.ThreadPool$Worker.run(ThreadPool.java:246)
Caused by: Traceback (most recent call last):
  File "<string>", line 4, in <module>
  File "C:\Users\mauro\.eclipse\903338280_win32_win32_x86_64\plugins\org.knime.pythonscripting.channel.v1.bin.win32.x86_64_4.7.1.v202301201518\env\lib\site-packages\pandas\core\generic.py", line 5902, in __getattr__
    return object.__getattribute__(self, name)
AttributeError: 'DataFrame' object has no attribute 'to_pandas'

2023-04-23 19:14:14,033 : ERROR : KNIME-Worker-32 :  : PythonSourceCodePanel : Python Script : 3:58 : AttributeError: 'DataFrame' object has no attribute 'to_pandas'
org.knime.python2.kernel.PythonIOException: Executing the Python script failed: Traceback (most recent call last):
  File "<string>", line 4, in <module>
  File "C:\Users\mauro\.eclipse\903338280_win32_win32_x86_64\plugins\org.knime.pythonscripting.channel.v1.bin.win32.x86_64_4.7.1.v202301201518\env\lib\site-packages\pandas\core\generic.py", line 5902, in __getattr__
    return object.__getattribute__(self, name)
AttributeError: 'DataFrame' object has no attribute 'to_pandas'

	at org.knime.python3.scripting.Python3KernelBackend.beautifyPythonTraceback(Python3KernelBackend.java:700)
	at org.knime.python3.scripting.Python3KernelBackend.beautifyPythonTraceback(Python3KernelBackend.java:677)
	at org.knime.python3.scripting.Python3KernelBackend.executeAndCheckOutputs(Python3KernelBackend.java:608)
	at org.knime.python2.kernel.PythonKernel.executeAndCheckOutputs(PythonKernel.java:486)
	at org.knime.python2.kernel.PythonKernelManager.lambda$1(PythonKernelManager.java:208)
	at org.knime.python2.kernel.PythonKernelManager$3.run(PythonKernelManager.java:225)
	at org.knime.core.util.ThreadUtils$RunnableWithContextImpl.runWithContext(ThreadUtils.java:367)
	at org.knime.core.util.ThreadUtils$RunnableWithContext.run(ThreadUtils.java:221)
	at java.base/java.util.concurrent.Executors$RunnableAdapter.call(Unknown Source)
	at java.base/java.util.concurrent.FutureTask.run(Unknown Source)
	at org.knime.core.util.ThreadPool$MyFuture.run(ThreadPool.java:123)
	at org.knime.core.util.ThreadPool$Worker.run(ThreadPool.java:246)
Caused by: Traceback (most recent call last):
  File "<string>", line 4, in <module>
  File "C:\Users\mauro\.eclipse\903338280_win32_win32_x86_64\plugins\org.knime.pythonscripting.channel.v1.bin.win32.x86_64_4.7.1.v202301201518\env\lib\site-packages\pandas\core\generic.py", line 5902, in __getattr__
    return object.__getattribute__(self, name)
AttributeError: 'DataFrame' object has no attribute 'to_pandas'

2023-04-23 19:18:11,094 : ERROR : KNIME-Worker-36 :  : PythonSourceCodePanel : Python Script : 3:58 : KnimeUserError: Output table '0' must be of type knime.api.Table or knime.api.BatchOutputTable, but got <class 'pandas.core.frame.DataFrame'>
org.knime.python2.kernel.PythonIOException: KnimeUserError: Output table '0' must be of type knime.api.Table or knime.api.BatchOutputTable, but got <class 'pandas.core.frame.DataFrame'>
	at org.knime.python3.scripting.Python3KernelBackend.beautifyPythonTraceback(Python3KernelBackend.java:698)
	at org.knime.python3.scripting.Python3KernelBackend.beautifyPythonTraceback(Python3KernelBackend.java:677)
	at org.knime.python3.scripting.Python3KernelBackend.executeAndCheckOutputs(Python3KernelBackend.java:608)
	at org.knime.python2.kernel.PythonKernel.executeAndCheckOutputs(PythonKernel.java:486)
	at org.knime.python2.kernel.PythonKernelManager.lambda$1(PythonKernelManager.java:208)
	at org.knime.python2.kernel.PythonKernelManager$3.run(PythonKernelManager.java:225)
	at org.knime.core.util.ThreadUtils$RunnableWithContextImpl.runWithContext(ThreadUtils.java:367)
	at org.knime.core.util.ThreadUtils$RunnableWithContext.run(ThreadUtils.java:221)
	at java.base/java.util.concurrent.Executors$RunnableAdapter.call(Unknown Source)
	at java.base/java.util.concurrent.FutureTask.run(Unknown Source)
	at org.knime.core.util.ThreadPool$MyFuture.run(ThreadPool.java:123)
	at org.knime.core.util.ThreadPool$Worker.run(ThreadPool.java:246)
2023-04-23 19:30:33,030 : ERROR : KNIME-Worker-42 :  : PythonSourceCodePanel : Python Script : 3:58 : KnimeUserError: Output table '0' must be of type knime.api.Table or knime.api.BatchOutputTable, but got <class 'list'>
org.knime.python2.kernel.PythonIOException: KnimeUserError: Output table '0' must be of type knime.api.Table or knime.api.BatchOutputTable, but got <class 'list'>
	at org.knime.python3.scripting.Python3KernelBackend.beautifyPythonTraceback(Python3KernelBackend.java:698)
	at org.knime.python3.scripting.Python3KernelBackend.beautifyPythonTraceback(Python3KernelBackend.java:677)
	at org.knime.python3.scripting.Python3KernelBackend.executeAndCheckOutputs(Python3KernelBackend.java:608)
	at org.knime.python2.kernel.PythonKernel.executeAndCheckOutputs(PythonKernel.java:486)
	at org.knime.python2.kernel.PythonKernelManager.lambda$1(PythonKernelManager.java:208)
	at org.knime.python2.kernel.PythonKernelManager$3.run(PythonKernelManager.java:225)
	at org.knime.core.util.ThreadUtils$RunnableWithContextImpl.runWithContext(ThreadUtils.java:367)
	at org.knime.core.util.ThreadUtils$RunnableWithContext.run(ThreadUtils.java:221)
	at java.base/java.util.concurrent.Executors$RunnableAdapter.call(Unknown Source)
	at java.base/java.util.concurrent.FutureTask.run(Unknown Source)
	at org.knime.core.util.ThreadPool$MyFuture.run(ThreadPool.java:123)
	at org.knime.core.util.ThreadPool$Worker.run(ThreadPool.java:246)
2023-04-23 19:32:44,180 : ERROR : KNIME-Worker-44 :  : PythonSourceCodePanel : Python Script : 3:58 : AttributeError: 'ArrowSourceTable' object has no attribute 'DataFrame'
org.knime.python2.kernel.PythonIOException: Executing the Python script failed: Traceback (most recent call last):
  File "<string>", line 5, in <module>
AttributeError: 'ArrowSourceTable' object has no attribute 'DataFrame'

	at org.knime.python3.scripting.Python3KernelBackend.beautifyPythonTraceback(Python3KernelBackend.java:700)
	at org.knime.python3.scripting.Python3KernelBackend.beautifyPythonTraceback(Python3KernelBackend.java:677)
	at org.knime.python3.scripting.Python3KernelBackend.executeAndCheckOutputs(Python3KernelBackend.java:608)
	at org.knime.python2.kernel.PythonKernel.executeAndCheckOutputs(PythonKernel.java:486)
	at org.knime.python2.kernel.PythonKernelManager.lambda$1(PythonKernelManager.java:208)
	at org.knime.python2.kernel.PythonKernelManager$3.run(PythonKernelManager.java:225)
	at org.knime.core.util.ThreadUtils$RunnableWithContextImpl.runWithContext(ThreadUtils.java:367)
	at org.knime.core.util.ThreadUtils$RunnableWithContext.run(ThreadUtils.java:221)
	at java.base/java.util.concurrent.Executors$RunnableAdapter.call(Unknown Source)
	at java.base/java.util.concurrent.FutureTask.run(Unknown Source)
	at org.knime.core.util.ThreadPool$MyFuture.run(ThreadPool.java:123)
	at org.knime.core.util.ThreadPool$Worker.run(ThreadPool.java:246)
Caused by: Traceback (most recent call last):
  File "<string>", line 5, in <module>
AttributeError: 'ArrowSourceTable' object has no attribute 'DataFrame'

2023-04-23 19:32:44,244 : ERROR : KNIME-Worker-44 :  : PythonSourceCodePanel : Python Script : 3:58 : AttributeError: 'ArrowSourceTable' object has no attribute 'DataFrame'
org.knime.python2.kernel.PythonIOException: Executing the Python script failed: Traceback (most recent call last):
  File "<string>", line 5, in <module>
AttributeError: 'ArrowSourceTable' object has no attribute 'DataFrame'

	at org.knime.python3.scripting.Python3KernelBackend.beautifyPythonTraceback(Python3KernelBackend.java:700)
	at org.knime.python3.scripting.Python3KernelBackend.beautifyPythonTraceback(Python3KernelBackend.java:677)
	at org.knime.python3.scripting.Python3KernelBackend.executeAndCheckOutputs(Python3KernelBackend.java:608)
	at org.knime.python2.kernel.PythonKernel.executeAndCheckOutputs(PythonKernel.java:486)
	at org.knime.python2.kernel.PythonKernelManager.lambda$1(PythonKernelManager.java:208)
	at org.knime.python2.kernel.PythonKernelManager$3.run(PythonKernelManager.java:225)
	at org.knime.core.util.ThreadUtils$RunnableWithContextImpl.runWithContext(ThreadUtils.java:367)
	at org.knime.core.util.ThreadUtils$RunnableWithContext.run(ThreadUtils.java:221)
	at java.base/java.util.concurrent.Executors$RunnableAdapter.call(Unknown Source)
	at java.base/java.util.concurrent.FutureTask.run(Unknown Source)
	at org.knime.core.util.ThreadPool$MyFuture.run(ThreadPool.java:123)
	at org.knime.core.util.ThreadPool$Worker.run(ThreadPool.java:246)
Caused by: Traceback (most recent call last):
  File "<string>", line 5, in <module>
AttributeError: 'ArrowSourceTable' object has no attribute 'DataFrame'

2023-04-23 19:33:06,737 : ERROR : KNIME-Worker-44 :  : PythonSourceCodePanel : Python Script : 3:58 : KnimeUserError: Output table '0' must be of type knime.api.Table or knime.api.BatchOutputTable, but got <class 'list'>
org.knime.python2.kernel.PythonIOException: KnimeUserError: Output table '0' must be of type knime.api.Table or knime.api.BatchOutputTable, but got <class 'list'>
	at org.knime.python3.scripting.Python3KernelBackend.beautifyPythonTraceback(Python3KernelBackend.java:698)
	at org.knime.python3.scripting.Python3KernelBackend.beautifyPythonTraceback(Python3KernelBackend.java:677)
	at org.knime.python3.scripting.Python3KernelBackend.executeAndCheckOutputs(Python3KernelBackend.java:608)
	at org.knime.python2.kernel.PythonKernel.executeAndCheckOutputs(PythonKernel.java:486)
	at org.knime.python2.kernel.PythonKernelManager.lambda$1(PythonKernelManager.java:208)
	at org.knime.python2.kernel.PythonKernelManager$3.run(PythonKernelManager.java:225)
	at org.knime.core.util.ThreadUtils$RunnableWithContextImpl.runWithContext(ThreadUtils.java:367)
	at org.knime.core.util.ThreadUtils$RunnableWithContext.run(ThreadUtils.java:221)
	at java.base/java.util.concurrent.Executors$RunnableAdapter.call(Unknown Source)
	at java.base/java.util.concurrent.FutureTask.run(Unknown Source)
	at org.knime.core.util.ThreadPool$MyFuture.run(ThreadPool.java:123)
	at org.knime.core.util.ThreadPool$Worker.run(ThreadPool.java:246)
2023-04-23 19:36:41,430 : ERROR : KNIME-Worker-46 :  : PythonSourceCodePanel : Python Script : 3:59 : SyntaxError: unexpected EOF while parsing
org.knime.python2.kernel.PythonIOException: Executing the Python script failed: Traceback (most recent call last):
  File "<string>", line 16
    input_table.to_excel(writer, sheet_name=sheet_name, index=Fal
                                                                 ^
SyntaxError: unexpected EOF while parsing

	at org.knime.python3.scripting.Python3KernelBackend.beautifyPythonTraceback(Python3KernelBackend.java:700)
	at org.knime.python3.scripting.Python3KernelBackend.beautifyPythonTraceback(Python3KernelBackend.java:677)
	at org.knime.python3.scripting.Python3KernelBackend.executeAndCheckOutputs(Python3KernelBackend.java:608)
	at org.knime.python2.kernel.PythonKernel.executeAndCheckOutputs(PythonKernel.java:486)
	at org.knime.python2.kernel.PythonKernelManager.lambda$1(PythonKernelManager.java:208)
	at org.knime.python2.kernel.PythonKernelManager$3.run(PythonKernelManager.java:225)
	at org.knime.core.util.ThreadUtils$RunnableWithContextImpl.runWithContext(ThreadUtils.java:367)
	at org.knime.core.util.ThreadUtils$RunnableWithContext.run(ThreadUtils.java:221)
	at java.base/java.util.concurrent.Executors$RunnableAdapter.call(Unknown Source)
	at java.base/java.util.concurrent.FutureTask.run(Unknown Source)
	at org.knime.core.util.ThreadPool$MyFuture.run(ThreadPool.java:123)
	at org.knime.core.util.ThreadPool$Worker.run(ThreadPool.java:246)
Caused by: Traceback (most recent call last):
  File "<string>", line 16
    input_table.to_excel(writer, sheet_name=sheet_name, index=Fal
                                                                 ^
SyntaxError: unexpected EOF while parsing

2023-04-23 19:36:59,909 : ERROR : KNIME-Worker-49 :  : PythonSourceCodePanel : Python Script : 3:58 : SyntaxError: 'return' outside function
org.knime.python2.kernel.PythonIOException: Executing the Python script failed: Traceback (most recent call last):
  File "<string>", line 10
SyntaxError: 'return' outside function

	at org.knime.python3.scripting.Python3KernelBackend.beautifyPythonTraceback(Python3KernelBackend.java:700)
	at org.knime.python3.scripting.Python3KernelBackend.beautifyPythonTraceback(Python3KernelBackend.java:677)
	at org.knime.python3.scripting.Python3KernelBackend.executeAndCheckOutputs(Python3KernelBackend.java:608)
	at org.knime.python2.kernel.PythonKernel.executeAndCheckOutputs(PythonKernel.java:486)
	at org.knime.python2.kernel.PythonKernelManager.lambda$1(PythonKernelManager.java:208)
	at org.knime.python2.kernel.PythonKernelManager$3.run(PythonKernelManager.java:225)
	at org.knime.core.util.ThreadUtils$RunnableWithContextImpl.runWithContext(ThreadUtils.java:367)
	at org.knime.core.util.ThreadUtils$RunnableWithContext.run(ThreadUtils.java:221)
	at java.base/java.util.concurrent.Executors$RunnableAdapter.call(Unknown Source)
	at java.base/java.util.concurrent.FutureTask.run(Unknown Source)
	at org.knime.core.util.ThreadPool$MyFuture.run(ThreadPool.java:123)
	at org.knime.core.util.ThreadPool$Worker.run(ThreadPool.java:246)
Caused by: Traceback (most recent call last):
  File "<string>", line 10
SyntaxError: 'return' outside function

2023-04-23 19:40:16,885 : ERROR : KNIME-Worker-54 :  : PythonSourceCodePanel : Python Script : 3:58 : KnimeUserError: Output table '0' must be of type knime.api.Table or knime.api.BatchOutputTable, but got <class 'str'>
org.knime.python2.kernel.PythonIOException: KnimeUserError: Output table '0' must be of type knime.api.Table or knime.api.BatchOutputTable, but got <class 'str'>
	at org.knime.python3.scripting.Python3KernelBackend.beautifyPythonTraceback(Python3KernelBackend.java:698)
	at org.knime.python3.scripting.Python3KernelBackend.beautifyPythonTraceback(Python3KernelBackend.java:677)
	at org.knime.python3.scripting.Python3KernelBackend.executeAndCheckOutputs(Python3KernelBackend.java:608)
	at org.knime.python2.kernel.PythonKernel.executeAndCheckOutputs(PythonKernel.java:486)
	at org.knime.python2.kernel.PythonKernelManager.lambda$1(PythonKernelManager.java:208)
	at org.knime.python2.kernel.PythonKernelManager$3.run(PythonKernelManager.java:225)
	at org.knime.core.util.ThreadUtils$RunnableWithContextImpl.runWithContext(ThreadUtils.java:367)
	at org.knime.core.util.ThreadUtils$RunnableWithContext.run(ThreadUtils.java:221)
	at java.base/java.util.concurrent.Executors$RunnableAdapter.call(Unknown Source)
	at java.base/java.util.concurrent.FutureTask.run(Unknown Source)
	at org.knime.core.util.ThreadPool$MyFuture.run(ThreadPool.java:123)
	at org.knime.core.util.ThreadPool$Worker.run(ThreadPool.java:246)
2023-04-23 19:40:43,566 : ERROR : KNIME-Worker-54 :  : PythonSourceCodePanel : Python Script : 3:58 : TypeError: to_gbq() missing 1 required positional argument: 'destination_table'
org.knime.python2.kernel.PythonIOException: Executing the Python script failed: Traceback (most recent call last):
  File "<string>", line 10, in <module>
TypeError: to_gbq() missing 1 required positional argument: 'destination_table'

	at org.knime.python3.scripting.Python3KernelBackend.beautifyPythonTraceback(Python3KernelBackend.java:700)
	at org.knime.python3.scripting.Python3KernelBackend.beautifyPythonTraceback(Python3KernelBackend.java:677)
	at org.knime.python3.scripting.Python3KernelBackend.executeAndCheckOutputs(Python3KernelBackend.java:608)
	at org.knime.python2.kernel.PythonKernel.executeAndCheckOutputs(PythonKernel.java:486)
	at org.knime.python2.kernel.PythonKernelManager.lambda$1(PythonKernelManager.java:208)
	at org.knime.python2.kernel.PythonKernelManager$3.run(PythonKernelManager.java:225)
	at org.knime.core.util.ThreadUtils$RunnableWithContextImpl.runWithContext(ThreadUtils.java:367)
	at org.knime.core.util.ThreadUtils$RunnableWithContext.run(ThreadUtils.java:221)
	at java.base/java.util.concurrent.Executors$RunnableAdapter.call(Unknown Source)
	at java.base/java.util.concurrent.FutureTask.run(Unknown Source)
	at org.knime.core.util.ThreadPool$MyFuture.run(ThreadPool.java:123)
	at org.knime.core.util.ThreadPool$Worker.run(ThreadPool.java:246)
Caused by: Traceback (most recent call last):
  File "<string>", line 10, in <module>
TypeError: to_gbq() missing 1 required positional argument: 'destination_table'

2023-04-23 19:41:03,575 : ERROR : KNIME-Worker-54 :  : PythonSourceCodePanel : Python Script : 3:58 : ImportError: Missing optional dependency 'pandas-gbq'. pandas-gbq is required to load data from Google BigQuery. See the docs: https://pandas-gbq.readthedocs.io. Use pip or conda to install pandas-gbq.
org.knime.python2.kernel.PythonIOException: Executing the Python script failed: Traceback (most recent call last):
  File "<string>", line 10, in <module>
  File "C:\Users\mauro\.eclipse\903338280_win32_win32_x86_64\plugins\org.knime.pythonscripting.channel.v1.bin.win32.x86_64_4.7.1.v202301201518\env\lib\site-packages\pandas\core\frame.py", line 2169, in to_gbq
    gbq.to_gbq(
  File "C:\Users\mauro\.eclipse\903338280_win32_win32_x86_64\plugins\org.knime.pythonscripting.channel.v1.bin.win32.x86_64_4.7.1.v202301201518\env\lib\site-packages\pandas\io\gbq.py", line 217, in to_gbq
    pandas_gbq = _try_import()
  File "C:\Users\mauro\.eclipse\903338280_win32_win32_x86_64\plugins\org.knime.pythonscripting.channel.v1.bin.win32.x86_64_4.7.1.v202301201518\env\lib\site-packages\pandas\io\gbq.py", line 22, in _try_import
    pandas_gbq = import_optional_dependency("pandas_gbq", extra=msg)
  File "C:\Users\mauro\.eclipse\903338280_win32_win32_x86_64\plugins\org.knime.pythonscripting.channel.v1.bin.win32.x86_64_4.7.1.v202301201518\env\lib\site-packages\pandas\compat\_optional.py", line 144, in import_optional_dependency
    raise ImportError(msg)
ImportError: Missing optional dependency 'pandas-gbq'. pandas-gbq is required to load data from Google BigQuery. See the docs: https://pandas-gbq.readthedocs.io. Use pip or conda to install pandas-gbq.

	at org.knime.python3.scripting.Python3KernelBackend.beautifyPythonTraceback(Python3KernelBackend.java:700)
	at org.knime.python3.scripting.Python3KernelBackend.beautifyPythonTraceback(Python3KernelBackend.java:677)
	at org.knime.python3.scripting.Python3KernelBackend.executeAndCheckOutputs(Python3KernelBackend.java:608)
	at org.knime.python2.kernel.PythonKernel.executeAndCheckOutputs(PythonKernel.java:486)
	at org.knime.python2.kernel.PythonKernelManager.lambda$1(PythonKernelManager.java:208)
	at org.knime.python2.kernel.PythonKernelManager$3.run(PythonKernelManager.java:225)
	at org.knime.core.util.ThreadUtils$RunnableWithContextImpl.runWithContext(ThreadUtils.java:367)
	at org.knime.core.util.ThreadUtils$RunnableWithContext.run(ThreadUtils.java:221)
	at java.base/java.util.concurrent.Executors$RunnableAdapter.call(Unknown Source)
	at java.base/java.util.concurrent.FutureTask.run(Unknown Source)
	at org.knime.core.util.ThreadPool$MyFuture.run(ThreadPool.java:123)
	at org.knime.core.util.ThreadPool$Worker.run(ThreadPool.java:246)
Caused by: Traceback (most recent call last):
  File "<string>", line 10, in <module>
  File "C:\Users\mauro\.eclipse\903338280_win32_win32_x86_64\plugins\org.knime.pythonscripting.channel.v1.bin.win32.x86_64_4.7.1.v202301201518\env\lib\site-packages\pandas\core\frame.py", line 2169, in to_gbq
    gbq.to_gbq(
  File "C:\Users\mauro\.eclipse\903338280_win32_win32_x86_64\plugins\org.knime.pythonscripting.channel.v1.bin.win32.x86_64_4.7.1.v202301201518\env\lib\site-packages\pandas\io\gbq.py", line 217, in to_gbq
    pandas_gbq = _try_import()
  File "C:\Users\mauro\.eclipse\903338280_win32_win32_x86_64\plugins\org.knime.pythonscripting.channel.v1.bin.win32.x86_64_4.7.1.v202301201518\env\lib\site-packages\pandas\io\gbq.py", line 22, in _try_import
    pandas_gbq = import_optional_dependency("pandas_gbq", extra=msg)
  File "C:\Users\mauro\.eclipse\903338280_win32_win32_x86_64\plugins\org.knime.pythonscripting.channel.v1.bin.win32.x86_64_4.7.1.v202301201518\env\lib\site-packages\pandas\compat\_optional.py", line 144, in import_optional_dependency
    raise ImportError(msg)
ImportError: Missing optional dependency 'pandas-gbq'. pandas-gbq is required to load data from Google BigQuery. See the docs: https://pandas-gbq.readthedocs.io. Use pip or conda to install pandas-gbq.

2023-04-23 19:46:00,993 : ERROR : KNIME-Worker-64 :  : PythonSourceCodePanel : Python Script : 3:59 : SyntaxError: (unicode error) 'unicodeescape' codec can't decode bytes in position 2-3: truncated \UXXXXXXXX escape
org.knime.python2.kernel.PythonIOException: Executing the Python script failed: Traceback (most recent call last):
  File "<string>", line 11
    file_path = "C:\Users\mauro\Documents\Pasar a IPN_ESCOM\Data Mining\Practicas y Tareas\4-Museos-p1\4-Museos_p1/VISITA21.xlsx"
                                                                                                                                 ^
SyntaxError: (unicode error) 'unicodeescape' codec can't decode bytes in position 2-3: truncated \UXXXXXXXX escape

	at org.knime.python3.scripting.Python3KernelBackend.beautifyPythonTraceback(Python3KernelBackend.java:700)
	at org.knime.python3.scripting.Python3KernelBackend.beautifyPythonTraceback(Python3KernelBackend.java:677)
	at org.knime.python3.scripting.Python3KernelBackend.executeAndCheckOutputs(Python3KernelBackend.java:608)
	at org.knime.python2.kernel.PythonKernel.executeAndCheckOutputs(PythonKernel.java:486)
	at org.knime.python2.kernel.PythonKernelManager.lambda$1(PythonKernelManager.java:208)
	at org.knime.python2.kernel.PythonKernelManager$3.run(PythonKernelManager.java:225)
	at org.knime.core.util.ThreadUtils$RunnableWithContextImpl.runWithContext(ThreadUtils.java:367)
	at org.knime.core.util.ThreadUtils$RunnableWithContext.run(ThreadUtils.java:221)
	at java.base/java.util.concurrent.Executors$RunnableAdapter.call(Unknown Source)
	at java.base/java.util.concurrent.FutureTask.run(Unknown Source)
	at org.knime.core.util.ThreadPool$MyFuture.run(ThreadPool.java:123)
	at org.knime.core.util.ThreadPool$Worker.run(ThreadPool.java:246)
Caused by: Traceback (most recent call last):
  File "<string>", line 11
    file_path = "C:\Users\mauro\Documents\Pasar a IPN_ESCOM\Data Mining\Practicas y Tareas\4-Museos-p1\4-Museos_p1/VISITA21.xlsx"
                                                                                                                                 ^
SyntaxError: (unicode error) 'unicodeescape' codec can't decode bytes in position 2-3: truncated \UXXXXXXXX escape

2023-04-23 19:46:33,570 : ERROR : KNIME-Worker-64 :  : PythonSourceCodePanel : Python Script : 3:59 : SyntaxError: unexpected EOF while parsing
org.knime.python2.kernel.PythonIOException: Executing the Python script failed: Traceback (most recent call last):
  File "<string>", line 16
    input_table.to_excel(writer, sheet_name=sheet_name, index=Fal
                                                                 ^
SyntaxError: unexpected EOF while parsing

	at org.knime.python3.scripting.Python3KernelBackend.beautifyPythonTraceback(Python3KernelBackend.java:700)
	at org.knime.python3.scripting.Python3KernelBackend.beautifyPythonTraceback(Python3KernelBackend.java:677)
	at org.knime.python3.scripting.Python3KernelBackend.executeAndCheckOutputs(Python3KernelBackend.java:608)
	at org.knime.python2.kernel.PythonKernel.executeAndCheckOutputs(PythonKernel.java:486)
	at org.knime.python2.kernel.PythonKernelManager.lambda$1(PythonKernelManager.java:208)
	at org.knime.python2.kernel.PythonKernelManager$3.run(PythonKernelManager.java:225)
	at org.knime.core.util.ThreadUtils$RunnableWithContextImpl.runWithContext(ThreadUtils.java:367)
	at org.knime.core.util.ThreadUtils$RunnableWithContext.run(ThreadUtils.java:221)
	at java.base/java.util.concurrent.Executors$RunnableAdapter.call(Unknown Source)
	at java.base/java.util.concurrent.FutureTask.run(Unknown Source)
	at org.knime.core.util.ThreadPool$MyFuture.run(ThreadPool.java:123)
	at org.knime.core.util.ThreadPool$Worker.run(ThreadPool.java:246)
Caused by: Traceback (most recent call last):
  File "<string>", line 16
    input_table.to_excel(writer, sheet_name=sheet_name, index=Fal
                                                                 ^
SyntaxError: unexpected EOF while parsing

2023-04-23 19:47:11,544 : ERROR : KNIME-Worker-67 :  : PythonSourceCodePanel : Python Script : 3:59 : SyntaxError: unexpected EOF while parsing
org.knime.python2.kernel.PythonIOException: Executing the Python script failed: Traceback (most recent call last):
  File "<string>", line 16
    input_table.to_excel(writer, sheet_name=sheet_name, index=Fal
                                                                 ^
SyntaxError: unexpected EOF while parsing

	at org.knime.python3.scripting.Python3KernelBackend.beautifyPythonTraceback(Python3KernelBackend.java:700)
	at org.knime.python3.scripting.Python3KernelBackend.beautifyPythonTraceback(Python3KernelBackend.java:677)
	at org.knime.python3.scripting.Python3KernelBackend.executeAndCheckOutputs(Python3KernelBackend.java:608)
	at org.knime.python2.kernel.PythonKernel.executeAndCheckOutputs(PythonKernel.java:486)
	at org.knime.python2.kernel.PythonKernelManager.lambda$1(PythonKernelManager.java:208)
	at org.knime.python2.kernel.PythonKernelManager$3.run(PythonKernelManager.java:225)
	at org.knime.core.util.ThreadUtils$RunnableWithContextImpl.runWithContext(ThreadUtils.java:367)
	at org.knime.core.util.ThreadUtils$RunnableWithContext.run(ThreadUtils.java:221)
	at java.base/java.util.concurrent.Executors$RunnableAdapter.call(Unknown Source)
	at java.base/java.util.concurrent.FutureTask.run(Unknown Source)
	at org.knime.core.util.ThreadPool$MyFuture.run(ThreadPool.java:123)
	at org.knime.core.util.ThreadPool$Worker.run(ThreadPool.java:246)
Caused by: Traceback (most recent call last):
  File "<string>", line 16
    input_table.to_excel(writer, sheet_name=sheet_name, index=Fal
                                                                 ^
SyntaxError: unexpected EOF while parsing

2023-04-23 19:47:11,593 : ERROR : KNIME-Worker-67 :  : PythonSourceCodePanel : Python Script : 3:59 : SyntaxError: unexpected EOF while parsing
org.knime.python2.kernel.PythonIOException: Executing the Python script failed: Traceback (most recent call last):
  File "<string>", line 16
    input_table.to_excel(writer, sheet_name=sheet_name, index=Fal
                                                                 ^
SyntaxError: unexpected EOF while parsing

	at org.knime.python3.scripting.Python3KernelBackend.beautifyPythonTraceback(Python3KernelBackend.java:700)
	at org.knime.python3.scripting.Python3KernelBackend.beautifyPythonTraceback(Python3KernelBackend.java:677)
	at org.knime.python3.scripting.Python3KernelBackend.executeAndCheckOutputs(Python3KernelBackend.java:608)
	at org.knime.python2.kernel.PythonKernel.executeAndCheckOutputs(PythonKernel.java:486)
	at org.knime.python2.kernel.PythonKernelManager.lambda$1(PythonKernelManager.java:208)
	at org.knime.python2.kernel.PythonKernelManager$3.run(PythonKernelManager.java:225)
	at org.knime.core.util.ThreadUtils$RunnableWithContextImpl.runWithContext(ThreadUtils.java:367)
	at org.knime.core.util.ThreadUtils$RunnableWithContext.run(ThreadUtils.java:221)
	at java.base/java.util.concurrent.Executors$RunnableAdapter.call(Unknown Source)
	at java.base/java.util.concurrent.FutureTask.run(Unknown Source)
	at org.knime.core.util.ThreadPool$MyFuture.run(ThreadPool.java:123)
	at org.knime.core.util.ThreadPool$Worker.run(ThreadPool.java:246)
Caused by: Traceback (most recent call last):
  File "<string>", line 16
    input_table.to_excel(writer, sheet_name=sheet_name, index=Fal
                                                                 ^
SyntaxError: unexpected EOF while parsing

2023-04-23 19:48:56,137 : ERROR : KNIME-Worker-66 :  : PythonSourceCodePanel : Python Script : 3:59 : NameError: name 'inputs' is not defined
org.knime.python2.kernel.PythonIOException: Executing the Python script failed: Traceback (most recent call last):
  File "<string>", line 5, in <module>
NameError: name 'inputs' is not defined

	at org.knime.python3.scripting.Python3KernelBackend.beautifyPythonTraceback(Python3KernelBackend.java:700)
	at org.knime.python3.scripting.Python3KernelBackend.beautifyPythonTraceback(Python3KernelBackend.java:677)
	at org.knime.python3.scripting.Python3KernelBackend.executeAndCheckOutputs(Python3KernelBackend.java:608)
	at org.knime.python2.kernel.PythonKernel.executeAndCheckOutputs(PythonKernel.java:486)
	at org.knime.python2.kernel.PythonKernelManager.lambda$1(PythonKernelManager.java:208)
	at org.knime.python2.kernel.PythonKernelManager$3.run(PythonKernelManager.java:225)
	at org.knime.core.util.ThreadUtils$RunnableWithContextImpl.runWithContext(ThreadUtils.java:367)
	at org.knime.core.util.ThreadUtils$RunnableWithContext.run(ThreadUtils.java:221)
	at java.base/java.util.concurrent.Executors$RunnableAdapter.call(Unknown Source)
	at java.base/java.util.concurrent.FutureTask.run(Unknown Source)
	at org.knime.core.util.ThreadPool$MyFuture.run(ThreadPool.java:123)
	at org.knime.core.util.ThreadPool$Worker.run(ThreadPool.java:246)
Caused by: Traceback (most recent call last):
  File "<string>", line 5, in <module>
NameError: name 'inputs' is not defined

2023-04-23 19:49:05,219 : ERROR : KNIME-Worker-66 :  : PythonSourceCodePanel : Python Script : 3:59 : NameError: name 'inputs' is not defined
org.knime.python2.kernel.PythonIOException: Executing the Python script failed: Traceback (most recent call last):
  File "<string>", line 5, in <module>
NameError: name 'inputs' is not defined

	at org.knime.python3.scripting.Python3KernelBackend.beautifyPythonTraceback(Python3KernelBackend.java:700)
	at org.knime.python3.scripting.Python3KernelBackend.beautifyPythonTraceback(Python3KernelBackend.java:677)
	at org.knime.python3.scripting.Python3KernelBackend.executeAndCheckOutputs(Python3KernelBackend.java:608)
	at org.knime.python2.kernel.PythonKernel.executeAndCheckOutputs(PythonKernel.java:486)
	at org.knime.python2.kernel.PythonKernelManager.lambda$1(PythonKernelManager.java:208)
	at org.knime.python2.kernel.PythonKernelManager$3.run(PythonKernelManager.java:225)
	at org.knime.core.util.ThreadUtils$RunnableWithContextImpl.runWithContext(ThreadUtils.java:367)
	at org.knime.core.util.ThreadUtils$RunnableWithContext.run(ThreadUtils.java:221)
	at java.base/java.util.concurrent.Executors$RunnableAdapter.call(Unknown Source)
	at java.base/java.util.concurrent.FutureTask.run(Unknown Source)
	at org.knime.core.util.ThreadPool$MyFuture.run(ThreadPool.java:123)
	at org.knime.core.util.ThreadPool$Worker.run(ThreadPool.java:246)
Caused by: Traceback (most recent call last):
  File "<string>", line 5, in <module>
NameError: name 'inputs' is not defined

2023-04-23 19:53:13,236 : ERROR : KNIME-Worker-70 :  : PythonSourceCodePanel : Python Script : 3:58 : TypeError: to_gbq() missing 1 required positional argument: 'destination_table'
org.knime.python2.kernel.PythonIOException: Executing the Python script failed: Traceback (most recent call last):
  File "<string>", line 10, in <module>
TypeError: to_gbq() missing 1 required positional argument: 'destination_table'

	at org.knime.python3.scripting.Python3KernelBackend.beautifyPythonTraceback(Python3KernelBackend.java:700)
	at org.knime.python3.scripting.Python3KernelBackend.beautifyPythonTraceback(Python3KernelBackend.java:677)
	at org.knime.python3.scripting.Python3KernelBackend.executeAndCheckOutputs(Python3KernelBackend.java:608)
	at org.knime.python2.kernel.PythonKernel.executeAndCheckOutputs(PythonKernel.java:486)
	at org.knime.python2.kernel.PythonKernelManager.lambda$1(PythonKernelManager.java:208)
	at org.knime.python2.kernel.PythonKernelManager$3.run(PythonKernelManager.java:225)
	at org.knime.core.util.ThreadUtils$RunnableWithContextImpl.runWithContext(ThreadUtils.java:367)
	at org.knime.core.util.ThreadUtils$RunnableWithContext.run(ThreadUtils.java:221)
	at java.base/java.util.concurrent.Executors$RunnableAdapter.call(Unknown Source)
	at java.base/java.util.concurrent.FutureTask.run(Unknown Source)
	at org.knime.core.util.ThreadPool$MyFuture.run(ThreadPool.java:123)
	at org.knime.core.util.ThreadPool$Worker.run(ThreadPool.java:246)
Caused by: Traceback (most recent call last):
  File "<string>", line 10, in <module>
TypeError: to_gbq() missing 1 required positional argument: 'destination_table'

2023-04-23 19:53:21,244 : ERROR : KNIME-Worker-70 :  : PythonSourceCodePanel : Python Script : 3:58 : KnimeUserError: Output table '0' must be of type knime.api.Table or knime.api.BatchOutputTable, but got <class 'pandas.core.frame.DataFrame'>
org.knime.python2.kernel.PythonIOException: KnimeUserError: Output table '0' must be of type knime.api.Table or knime.api.BatchOutputTable, but got <class 'pandas.core.frame.DataFrame'>
	at org.knime.python3.scripting.Python3KernelBackend.beautifyPythonTraceback(Python3KernelBackend.java:698)
	at org.knime.python3.scripting.Python3KernelBackend.beautifyPythonTraceback(Python3KernelBackend.java:677)
	at org.knime.python3.scripting.Python3KernelBackend.executeAndCheckOutputs(Python3KernelBackend.java:608)
	at org.knime.python2.kernel.PythonKernel.executeAndCheckOutputs(PythonKernel.java:486)
	at org.knime.python2.kernel.PythonKernelManager.lambda$1(PythonKernelManager.java:208)
	at org.knime.python2.kernel.PythonKernelManager$3.run(PythonKernelManager.java:225)
	at org.knime.core.util.ThreadUtils$RunnableWithContextImpl.runWithContext(ThreadUtils.java:367)
	at org.knime.core.util.ThreadUtils$RunnableWithContext.run(ThreadUtils.java:221)
	at java.base/java.util.concurrent.Executors$RunnableAdapter.call(Unknown Source)
	at java.base/java.util.concurrent.FutureTask.run(Unknown Source)
	at org.knime.core.util.ThreadPool$MyFuture.run(ThreadPool.java:123)
	at org.knime.core.util.ThreadPool$Worker.run(ThreadPool.java:246)
2023-04-23 19:57:12,111 : ERROR : KNIME-Worker-74 :  : PythonSourceCodePanel : Python Script : 3:59 : NameError: name 'inputs' is not defined
org.knime.python2.kernel.PythonIOException: Executing the Python script failed: Traceback (most recent call last):
  File "<string>", line 5, in <module>
NameError: name 'inputs' is not defined

	at org.knime.python3.scripting.Python3KernelBackend.beautifyPythonTraceback(Python3KernelBackend.java:700)
	at org.knime.python3.scripting.Python3KernelBackend.beautifyPythonTraceback(Python3KernelBackend.java:677)
	at org.knime.python3.scripting.Python3KernelBackend.executeAndCheckOutputs(Python3KernelBackend.java:608)
	at org.knime.python2.kernel.PythonKernel.executeAndCheckOutputs(PythonKernel.java:486)
	at org.knime.python2.kernel.PythonKernelManager.lambda$1(PythonKernelManager.java:208)
	at org.knime.python2.kernel.PythonKernelManager$3.run(PythonKernelManager.java:225)
	at org.knime.core.util.ThreadUtils$RunnableWithContextImpl.runWithContext(ThreadUtils.java:367)
	at org.knime.core.util.ThreadUtils$RunnableWithContext.run(ThreadUtils.java:221)
	at java.base/java.util.concurrent.Executors$RunnableAdapter.call(Unknown Source)
	at java.base/java.util.concurrent.FutureTask.run(Unknown Source)
	at org.knime.core.util.ThreadPool$MyFuture.run(ThreadPool.java:123)
	at org.knime.core.util.ThreadPool$Worker.run(ThreadPool.java:246)
Caused by: Traceback (most recent call last):
  File "<string>", line 5, in <module>
NameError: name 'inputs' is not defined

2023-04-23 19:57:35,731 : ERROR : KNIME-Worker-74 :  : PythonSourceCodePanel : Python Script : 3:59 : TypeError: from_dict() missing 1 required positional argument: 'data'
org.knime.python2.kernel.PythonIOException: Executing the Python script failed: Traceback (most recent call last):
  File "<string>", line 5, in <module>
TypeError: from_dict() missing 1 required positional argument: 'data'

	at org.knime.python3.scripting.Python3KernelBackend.beautifyPythonTraceback(Python3KernelBackend.java:700)
	at org.knime.python3.scripting.Python3KernelBackend.beautifyPythonTraceback(Python3KernelBackend.java:677)
	at org.knime.python3.scripting.Python3KernelBackend.executeAndCheckOutputs(Python3KernelBackend.java:608)
	at org.knime.python2.kernel.PythonKernel.executeAndCheckOutputs(PythonKernel.java:486)
	at org.knime.python2.kernel.PythonKernelManager.lambda$1(PythonKernelManager.java:208)
	at org.knime.python2.kernel.PythonKernelManager$3.run(PythonKernelManager.java:225)
	at org.knime.core.util.ThreadUtils$RunnableWithContextImpl.runWithContext(ThreadUtils.java:367)
	at org.knime.core.util.ThreadUtils$RunnableWithContext.run(ThreadUtils.java:221)
	at java.base/java.util.concurrent.Executors$RunnableAdapter.call(Unknown Source)
	at java.base/java.util.concurrent.FutureTask.run(Unknown Source)
	at org.knime.core.util.ThreadPool$MyFuture.run(ThreadPool.java:123)
	at org.knime.core.util.ThreadPool$Worker.run(ThreadPool.java:246)
Caused by: Traceback (most recent call last):
  File "<string>", line 5, in <module>
TypeError: from_dict() missing 1 required positional argument: 'data'

2023-04-23 19:57:55,608 : ERROR : KNIME-Worker-77 :  : PythonSourceCodePanel : Python Script : 3:59 : NameError: name 'inputs' is not defined
org.knime.python2.kernel.PythonIOException: Executing the Python script failed: Traceback (most recent call last):
  File "<string>", line 5, in <module>
NameError: name 'inputs' is not defined

	at org.knime.python3.scripting.Python3KernelBackend.beautifyPythonTraceback(Python3KernelBackend.java:700)
	at org.knime.python3.scripting.Python3KernelBackend.beautifyPythonTraceback(Python3KernelBackend.java:677)
	at org.knime.python3.scripting.Python3KernelBackend.executeAndCheckOutputs(Python3KernelBackend.java:608)
	at org.knime.python2.kernel.PythonKernel.executeAndCheckOutputs(PythonKernel.java:486)
	at org.knime.python2.kernel.PythonKernelManager.lambda$1(PythonKernelManager.java:208)
	at org.knime.python2.kernel.PythonKernelManager$3.run(PythonKernelManager.java:225)
	at org.knime.core.util.ThreadUtils$RunnableWithContextImpl.runWithContext(ThreadUtils.java:367)
	at org.knime.core.util.ThreadUtils$RunnableWithContext.run(ThreadUtils.java:221)
	at java.base/java.util.concurrent.Executors$RunnableAdapter.call(Unknown Source)
	at java.base/java.util.concurrent.FutureTask.run(Unknown Source)
	at org.knime.core.util.ThreadPool$MyFuture.run(ThreadPool.java:123)
	at org.knime.core.util.ThreadPool$Worker.run(ThreadPool.java:246)
Caused by: Traceback (most recent call last):
  File "<string>", line 5, in <module>
NameError: name 'inputs' is not defined

2023-04-23 19:59:41,222 : ERROR : KNIME-Worker-80 :  : PythonSourceCodePanel : Python Script : 3:58 : NameError: name 'setDT' is not defined
org.knime.python2.kernel.PythonIOException: Executing the Python script failed: Traceback (most recent call last):
  File "<string>", line 10, in <module>
NameError: name 'setDT' is not defined

	at org.knime.python3.scripting.Python3KernelBackend.beautifyPythonTraceback(Python3KernelBackend.java:700)
	at org.knime.python3.scripting.Python3KernelBackend.beautifyPythonTraceback(Python3KernelBackend.java:677)
	at org.knime.python3.scripting.Python3KernelBackend.executeAndCheckOutputs(Python3KernelBackend.java:608)
	at org.knime.python2.kernel.PythonKernel.executeAndCheckOutputs(PythonKernel.java:486)
	at org.knime.python2.kernel.PythonKernelManager.lambda$1(PythonKernelManager.java:208)
	at org.knime.python2.kernel.PythonKernelManager$3.run(PythonKernelManager.java:225)
	at org.knime.core.util.ThreadUtils$RunnableWithContextImpl.runWithContext(ThreadUtils.java:367)
	at org.knime.core.util.ThreadUtils$RunnableWithContext.run(ThreadUtils.java:221)
	at java.base/java.util.concurrent.Executors$RunnableAdapter.call(Unknown Source)
	at java.base/java.util.concurrent.FutureTask.run(Unknown Source)
	at org.knime.core.util.ThreadPool$MyFuture.run(ThreadPool.java:123)
	at org.knime.core.util.ThreadPool$Worker.run(ThreadPool.java:246)
Caused by: Traceback (most recent call last):
  File "<string>", line 10, in <module>
NameError: name 'setDT' is not defined

2023-04-23 20:01:41,391 : ERROR : KNIME-Worker-86 :  : PythonSourceCodePanel : Python Script : 3:58 : NameError: name 'data' is not defined
org.knime.python2.kernel.PythonIOException: Executing the Python script failed: Traceback (most recent call last):
  File "<string>", line 10, in <module>
NameError: name 'data' is not defined

	at org.knime.python3.scripting.Python3KernelBackend.beautifyPythonTraceback(Python3KernelBackend.java:700)
	at org.knime.python3.scripting.Python3KernelBackend.beautifyPythonTraceback(Python3KernelBackend.java:677)
	at org.knime.python3.scripting.Python3KernelBackend.executeAndCheckOutputs(Python3KernelBackend.java:608)
	at org.knime.python2.kernel.PythonKernel.executeAndCheckOutputs(PythonKernel.java:486)
	at org.knime.python2.kernel.PythonKernelManager.lambda$1(PythonKernelManager.java:208)
	at org.knime.python2.kernel.PythonKernelManager$3.run(PythonKernelManager.java:225)
	at org.knime.core.util.ThreadUtils$RunnableWithContextImpl.runWithContext(ThreadUtils.java:367)
	at org.knime.core.util.ThreadUtils$RunnableWithContext.run(ThreadUtils.java:221)
	at java.base/java.util.concurrent.Executors$RunnableAdapter.call(Unknown Source)
	at java.base/java.util.concurrent.FutureTask.run(Unknown Source)
	at org.knime.core.util.ThreadPool$MyFuture.run(ThreadPool.java:123)
	at org.knime.core.util.ThreadPool$Worker.run(ThreadPool.java:246)
Caused by: Traceback (most recent call last):
  File "<string>", line 10, in <module>
NameError: name 'data' is not defined

2023-04-23 20:03:00,632 : ERROR : KNIME-Worker-87 :  : PythonSourceCodePanel : Python Script : 3:58 : AttributeError: 'NoneType' object has no attribute 'setDT'
org.knime.python2.kernel.PythonIOException: Executing the Python script failed: Traceback (most recent call last):
  File "<string>", line 10, in <module>
AttributeError: 'NoneType' object has no attribute 'setDT'

	at org.knime.python3.scripting.Python3KernelBackend.beautifyPythonTraceback(Python3KernelBackend.java:700)
	at org.knime.python3.scripting.Python3KernelBackend.beautifyPythonTraceback(Python3KernelBackend.java:677)
	at org.knime.python3.scripting.Python3KernelBackend.executeAndCheckOutputs(Python3KernelBackend.java:608)
	at org.knime.python2.kernel.PythonKernel.executeAndCheckOutputs(PythonKernel.java:486)
	at org.knime.python2.kernel.PythonKernelManager.lambda$1(PythonKernelManager.java:208)
	at org.knime.python2.kernel.PythonKernelManager$3.run(PythonKernelManager.java:225)
	at org.knime.core.util.ThreadUtils$RunnableWithContextImpl.runWithContext(ThreadUtils.java:367)
	at org.knime.core.util.ThreadUtils$RunnableWithContext.run(ThreadUtils.java:221)
	at java.base/java.util.concurrent.Executors$RunnableAdapter.call(Unknown Source)
	at java.base/java.util.concurrent.FutureTask.run(Unknown Source)
	at org.knime.core.util.ThreadPool$MyFuture.run(ThreadPool.java:123)
	at org.knime.core.util.ThreadPool$Worker.run(ThreadPool.java:246)
Caused by: Traceback (most recent call last):
  File "<string>", line 10, in <module>
AttributeError: 'NoneType' object has no attribute 'setDT'

2023-04-23 20:03:30,273 : ERROR : KNIME-Worker-89 :  : PythonSourceCodePanel : Python Script : 3:59 : NameError: name 'inputs' is not defined
org.knime.python2.kernel.PythonIOException: Executing the Python script failed: Traceback (most recent call last):
  File "<string>", line 5, in <module>
NameError: name 'inputs' is not defined

	at org.knime.python3.scripting.Python3KernelBackend.beautifyPythonTraceback(Python3KernelBackend.java:700)
	at org.knime.python3.scripting.Python3KernelBackend.beautifyPythonTraceback(Python3KernelBackend.java:677)
	at org.knime.python3.scripting.Python3KernelBackend.executeAndCheckOutputs(Python3KernelBackend.java:608)
	at org.knime.python2.kernel.PythonKernel.executeAndCheckOutputs(PythonKernel.java:486)
	at org.knime.python2.kernel.PythonKernelManager.lambda$1(PythonKernelManager.java:208)
	at org.knime.python2.kernel.PythonKernelManager$3.run(PythonKernelManager.java:225)
	at org.knime.core.util.ThreadUtils$RunnableWithContextImpl.runWithContext(ThreadUtils.java:367)
	at org.knime.core.util.ThreadUtils$RunnableWithContext.run(ThreadUtils.java:221)
	at java.base/java.util.concurrent.Executors$RunnableAdapter.call(Unknown Source)
	at java.base/java.util.concurrent.FutureTask.run(Unknown Source)
	at org.knime.core.util.ThreadPool$MyFuture.run(ThreadPool.java:123)
	at org.knime.core.util.ThreadPool$Worker.run(ThreadPool.java:246)
Caused by: Traceback (most recent call last):
  File "<string>", line 5, in <module>
NameError: name 'inputs' is not defined

2023-04-23 20:03:59,503 : ERROR : KNIME-Worker-93 :  : PythonSourceCodePanel : Python Script : 3:59 : NameError: name 'inputs' is not defined
org.knime.python2.kernel.PythonIOException: Executing the Python script failed: Traceback (most recent call last):
  File "<string>", line 5, in <module>
NameError: name 'inputs' is not defined

	at org.knime.python3.scripting.Python3KernelBackend.beautifyPythonTraceback(Python3KernelBackend.java:700)
	at org.knime.python3.scripting.Python3KernelBackend.beautifyPythonTraceback(Python3KernelBackend.java:677)
	at org.knime.python3.scripting.Python3KernelBackend.executeAndCheckOutputs(Python3KernelBackend.java:608)
	at org.knime.python2.kernel.PythonKernel.executeAndCheckOutputs(PythonKernel.java:486)
	at org.knime.python2.kernel.PythonKernelManager.lambda$1(PythonKernelManager.java:208)
	at org.knime.python2.kernel.PythonKernelManager$3.run(PythonKernelManager.java:225)
	at org.knime.core.util.ThreadUtils$RunnableWithContextImpl.runWithContext(ThreadUtils.java:367)
	at org.knime.core.util.ThreadUtils$RunnableWithContext.run(ThreadUtils.java:221)
	at java.base/java.util.concurrent.Executors$RunnableAdapter.call(Unknown Source)
	at java.base/java.util.concurrent.FutureTask.run(Unknown Source)
	at org.knime.core.util.ThreadPool$MyFuture.run(ThreadPool.java:123)
	at org.knime.core.util.ThreadPool$Worker.run(ThreadPool.java:246)
Caused by: Traceback (most recent call last):
  File "<string>", line 5, in <module>
NameError: name 'inputs' is not defined

2023-04-23 20:05:29,870 : ERROR : KNIME-Worker-96 :  : PythonSourceCodePanel : Python Script : 3:58 : NameError: name 'setDT' is not defined
org.knime.python2.kernel.PythonIOException: Executing the Python script failed: Traceback (most recent call last):
  File "<string>", line 10, in <module>
NameError: name 'setDT' is not defined

	at org.knime.python3.scripting.Python3KernelBackend.beautifyPythonTraceback(Python3KernelBackend.java:700)
	at org.knime.python3.scripting.Python3KernelBackend.beautifyPythonTraceback(Python3KernelBackend.java:677)
	at org.knime.python3.scripting.Python3KernelBackend.executeAndCheckOutputs(Python3KernelBackend.java:608)
	at org.knime.python2.kernel.PythonKernel.executeAndCheckOutputs(PythonKernel.java:486)
	at org.knime.python2.kernel.PythonKernelManager.lambda$1(PythonKernelManager.java:208)
	at org.knime.python2.kernel.PythonKernelManager$3.run(PythonKernelManager.java:225)
	at org.knime.core.util.ThreadUtils$RunnableWithContextImpl.runWithContext(ThreadUtils.java:367)
	at org.knime.core.util.ThreadUtils$RunnableWithContext.run(ThreadUtils.java:221)
	at java.base/java.util.concurrent.Executors$RunnableAdapter.call(Unknown Source)
	at java.base/java.util.concurrent.FutureTask.run(Unknown Source)
	at org.knime.core.util.ThreadPool$MyFuture.run(ThreadPool.java:123)
	at org.knime.core.util.ThreadPool$Worker.run(ThreadPool.java:246)
Caused by: Traceback (most recent call last):
  File "<string>", line 10, in <module>
NameError: name 'setDT' is not defined

2023-04-23 20:07:49,217 : ERROR : KNIME-Worker-97 :  : PythonSourceCodePanel : Python Script : 3:58 : NameError: name 'require' is not defined
org.knime.python2.kernel.PythonIOException: Executing the Python script failed: Traceback (most recent call last):
  File "<string>", line 10, in <module>
NameError: name 'require' is not defined

	at org.knime.python3.scripting.Python3KernelBackend.beautifyPythonTraceback(Python3KernelBackend.java:700)
	at org.knime.python3.scripting.Python3KernelBackend.beautifyPythonTraceback(Python3KernelBackend.java:677)
	at org.knime.python3.scripting.Python3KernelBackend.executeAndCheckOutputs(Python3KernelBackend.java:608)
	at org.knime.python2.kernel.PythonKernel.executeAndCheckOutputs(PythonKernel.java:486)
	at org.knime.python2.kernel.PythonKernelManager.lambda$1(PythonKernelManager.java:208)
	at org.knime.python2.kernel.PythonKernelManager$3.run(PythonKernelManager.java:225)
	at org.knime.core.util.ThreadUtils$RunnableWithContextImpl.runWithContext(ThreadUtils.java:367)
	at org.knime.core.util.ThreadUtils$RunnableWithContext.run(ThreadUtils.java:221)
	at java.base/java.util.concurrent.Executors$RunnableAdapter.call(Unknown Source)
	at java.base/java.util.concurrent.FutureTask.run(Unknown Source)
	at org.knime.core.util.ThreadPool$MyFuture.run(ThreadPool.java:123)
	at org.knime.core.util.ThreadPool$Worker.run(ThreadPool.java:246)
Caused by: Traceback (most recent call last):
  File "<string>", line 10, in <module>
NameError: name 'require' is not defined

2023-04-23 20:09:30,120 : ERROR : KNIME-Worker-101 :  : PythonSourceCodePanel : Python Script : 3:59 : NameError: name 'knio' is not defined
org.knime.python2.kernel.PythonIOException: Executing the Python script failed: Traceback (most recent call last):
  File "<string>", line 5, in <module>
NameError: name 'knio' is not defined

	at org.knime.python3.scripting.Python3KernelBackend.beautifyPythonTraceback(Python3KernelBackend.java:700)
	at org.knime.python3.scripting.Python3KernelBackend.beautifyPythonTraceback(Python3KernelBackend.java:677)
	at org.knime.python3.scripting.Python3KernelBackend.executeAndCheckOutputs(Python3KernelBackend.java:608)
	at org.knime.python2.kernel.PythonKernel.executeAndCheckOutputs(PythonKernel.java:486)
	at org.knime.python2.kernel.PythonKernelManager.lambda$1(PythonKernelManager.java:208)
	at org.knime.python2.kernel.PythonKernelManager$3.run(PythonKernelManager.java:225)
	at org.knime.core.util.ThreadUtils$RunnableWithContextImpl.runWithContext(ThreadUtils.java:367)
	at org.knime.core.util.ThreadUtils$RunnableWithContext.run(ThreadUtils.java:221)
	at java.base/java.util.concurrent.Executors$RunnableAdapter.call(Unknown Source)
	at java.base/java.util.concurrent.FutureTask.run(Unknown Source)
	at org.knime.core.util.ThreadPool$MyFuture.run(ThreadPool.java:123)
	at org.knime.core.util.ThreadPool$Worker.run(ThreadPool.java:246)
Caused by: Traceback (most recent call last):
  File "<string>", line 5, in <module>
NameError: name 'knio' is not defined

2023-04-23 20:09:53,112 : ERROR : KNIME-Worker-105 :  : PythonSourceCodePanel : Python Script : 3:59 : FileNotFoundError: [Errno 2] No such file or directory: 'C:/Users/mauro/Documents/Pasar a IPN_ESCOM/Data Mining/Practicas y Tareas/4-Museos-p1/VISITAS21.xlsx'
org.knime.python2.kernel.PythonIOException: Executing the Python script failed: Traceback (most recent call last):
  File "<string>", line 23, in <module>
  File "C:\Users\mauro\.eclipse\903338280_win32_win32_x86_64\plugins\org.knime.pythonscripting.channel.v1.bin.win32.x86_64_4.7.1.v202301201518\env\lib\site-packages\openpyxl\reader\excel.py", line 315, in load_workbook
    reader = ExcelReader(filename, read_only, keep_vba,
  File "C:\Users\mauro\.eclipse\903338280_win32_win32_x86_64\plugins\org.knime.pythonscripting.channel.v1.bin.win32.x86_64_4.7.1.v202301201518\env\lib\site-packages\openpyxl\reader\excel.py", line 124, in __init__
    self.archive = _validate_archive(fn)
  File "C:\Users\mauro\.eclipse\903338280_win32_win32_x86_64\plugins\org.knime.pythonscripting.channel.v1.bin.win32.x86_64_4.7.1.v202301201518\env\lib\site-packages\openpyxl\reader\excel.py", line 96, in _validate_archive
    archive = ZipFile(filename, 'r')
  File "C:\Users\mauro\.eclipse\903338280_win32_win32_x86_64\plugins\org.knime.pythonscripting.channel.v1.bin.win32.x86_64_4.7.1.v202301201518\env\lib\zipfile.py", line 1248, in __init__
    self.fp = io.open(file, filemode)
FileNotFoundError: [Errno 2] No such file or directory: 'C:/Users/mauro/Documents/Pasar a IPN_ESCOM/Data Mining/Practicas y Tareas/4-Museos-p1/VISITAS21.xlsx'

	at org.knime.python3.scripting.Python3KernelBackend.beautifyPythonTraceback(Python3KernelBackend.java:700)
	at org.knime.python3.scripting.Python3KernelBackend.beautifyPythonTraceback(Python3KernelBackend.java:677)
	at org.knime.python3.scripting.Python3KernelBackend.executeAndCheckOutputs(Python3KernelBackend.java:608)
	at org.knime.python2.kernel.PythonKernel.executeAndCheckOutputs(PythonKernel.java:486)
	at org.knime.python2.kernel.PythonKernelManager.lambda$1(PythonKernelManager.java:208)
	at org.knime.python2.kernel.PythonKernelManager$3.run(PythonKernelManager.java:225)
	at org.knime.core.util.ThreadUtils$RunnableWithContextImpl.runWithContext(ThreadUtils.java:367)
	at org.knime.core.util.ThreadUtils$RunnableWithContext.run(ThreadUtils.java:221)
	at java.base/java.util.concurrent.Executors$RunnableAdapter.call(Unknown Source)
	at java.base/java.util.concurrent.FutureTask.run(Unknown Source)
	at org.knime.core.util.ThreadPool$MyFuture.run(ThreadPool.java:123)
	at org.knime.core.util.ThreadPool$Worker.run(ThreadPool.java:246)
Caused by: Traceback (most recent call last):
  File "<string>", line 23, in <module>
  File "C:\Users\mauro\.eclipse\903338280_win32_win32_x86_64\plugins\org.knime.pythonscripting.channel.v1.bin.win32.x86_64_4.7.1.v202301201518\env\lib\site-packages\openpyxl\reader\excel.py", line 315, in load_workbook
    reader = ExcelReader(filename, read_only, keep_vba,
  File "C:\Users\mauro\.eclipse\903338280_win32_win32_x86_64\plugins\org.knime.pythonscripting.channel.v1.bin.win32.x86_64_4.7.1.v202301201518\env\lib\site-packages\openpyxl\reader\excel.py", line 124, in __init__
    self.archive = _validate_archive(fn)
  File "C:\Users\mauro\.eclipse\903338280_win32_win32_x86_64\plugins\org.knime.pythonscripting.channel.v1.bin.win32.x86_64_4.7.1.v202301201518\env\lib\site-packages\openpyxl\reader\excel.py", line 96, in _validate_archive
    archive = ZipFile(filename, 'r')
  File "C:\Users\mauro\.eclipse\903338280_win32_win32_x86_64\plugins\org.knime.pythonscripting.channel.v1.bin.win32.x86_64_4.7.1.v202301201518\env\lib\zipfile.py", line 1248, in __init__
    self.fp = io.open(file, filemode)
FileNotFoundError: [Errno 2] No such file or directory: 'C:/Users/mauro/Documents/Pasar a IPN_ESCOM/Data Mining/Practicas y Tareas/4-Museos-p1/VISITAS21.xlsx'

2023-04-23 20:11:37,174 : ERROR : KNIME-Worker-108 :  : PythonSourceCodePanel : Python Script : 3:58 : ModuleNotFoundError: No module named 'datatable'
org.knime.python2.kernel.PythonIOException: Executing the Python script failed: Traceback (most recent call last):
  File "<string>", line 2, in <module>
ModuleNotFoundError: No module named 'datatable'

	at org.knime.python3.scripting.Python3KernelBackend.beautifyPythonTraceback(Python3KernelBackend.java:700)
	at org.knime.python3.scripting.Python3KernelBackend.beautifyPythonTraceback(Python3KernelBackend.java:677)
	at org.knime.python3.scripting.Python3KernelBackend.executeAndCheckOutputs(Python3KernelBackend.java:608)
	at org.knime.python2.kernel.PythonKernel.executeAndCheckOutputs(PythonKernel.java:486)
	at org.knime.python2.kernel.PythonKernelManager.lambda$1(PythonKernelManager.java:208)
	at org.knime.python2.kernel.PythonKernelManager$3.run(PythonKernelManager.java:225)
	at org.knime.core.util.ThreadUtils$RunnableWithContextImpl.runWithContext(ThreadUtils.java:367)
	at org.knime.core.util.ThreadUtils$RunnableWithContext.run(ThreadUtils.java:221)
	at java.base/java.util.concurrent.Executors$RunnableAdapter.call(Unknown Source)
	at java.base/java.util.concurrent.FutureTask.run(Unknown Source)
	at org.knime.core.util.ThreadPool$MyFuture.run(ThreadPool.java:123)
	at org.knime.core.util.ThreadPool$Worker.run(ThreadPool.java:246)
Caused by: Traceback (most recent call last):
  File "<string>", line 2, in <module>
ModuleNotFoundError: No module named 'datatable'

2023-04-23 20:12:17,295 : ERROR : KNIME-Worker-111 :  : PythonSourceCodePanel : Python Script : 3:59 : FileNotFoundError: [Errno 2] No such file or directory: 'C:/Users/mauro/Documents/Pasar a IPN_ESCOM/Data Mining/Practicas y Tareas/4-Museos-p1/VISITAS21.xlsx'
org.knime.python2.kernel.PythonIOException: Executing the Python script failed: Traceback (most recent call last):
  File "<string>", line 23, in <module>
  File "C:\Users\mauro\.eclipse\903338280_win32_win32_x86_64\plugins\org.knime.pythonscripting.channel.v1.bin.win32.x86_64_4.7.1.v202301201518\env\lib\site-packages\openpyxl\reader\excel.py", line 315, in load_workbook
    reader = ExcelReader(filename, read_only, keep_vba,
  File "C:\Users\mauro\.eclipse\903338280_win32_win32_x86_64\plugins\org.knime.pythonscripting.channel.v1.bin.win32.x86_64_4.7.1.v202301201518\env\lib\site-packages\openpyxl\reader\excel.py", line 124, in __init__
    self.archive = _validate_archive(fn)
  File "C:\Users\mauro\.eclipse\903338280_win32_win32_x86_64\plugins\org.knime.pythonscripting.channel.v1.bin.win32.x86_64_4.7.1.v202301201518\env\lib\site-packages\openpyxl\reader\excel.py", line 96, in _validate_archive
    archive = ZipFile(filename, 'r')
  File "C:\Users\mauro\.eclipse\903338280_win32_win32_x86_64\plugins\org.knime.pythonscripting.channel.v1.bin.win32.x86_64_4.7.1.v202301201518\env\lib\zipfile.py", line 1248, in __init__
    self.fp = io.open(file, filemode)
FileNotFoundError: [Errno 2] No such file or directory: 'C:/Users/mauro/Documents/Pasar a IPN_ESCOM/Data Mining/Practicas y Tareas/4-Museos-p1/VISITAS21.xlsx'

	at org.knime.python3.scripting.Python3KernelBackend.beautifyPythonTraceback(Python3KernelBackend.java:700)
	at org.knime.python3.scripting.Python3KernelBackend.beautifyPythonTraceback(Python3KernelBackend.java:677)
	at org.knime.python3.scripting.Python3KernelBackend.executeAndCheckOutputs(Python3KernelBackend.java:608)
	at org.knime.python2.kernel.PythonKernel.executeAndCheckOutputs(PythonKernel.java:486)
	at org.knime.python2.kernel.PythonKernelManager.lambda$1(PythonKernelManager.java:208)
	at org.knime.python2.kernel.PythonKernelManager$3.run(PythonKernelManager.java:225)
	at org.knime.core.util.ThreadUtils$RunnableWithContextImpl.runWithContext(ThreadUtils.java:367)
	at org.knime.core.util.ThreadUtils$RunnableWithContext.run(ThreadUtils.java:221)
	at java.base/java.util.concurrent.Executors$RunnableAdapter.call(Unknown Source)
	at java.base/java.util.concurrent.FutureTask.run(Unknown Source)
	at org.knime.core.util.ThreadPool$MyFuture.run(ThreadPool.java:123)
	at org.knime.core.util.ThreadPool$Worker.run(ThreadPool.java:246)
Caused by: Traceback (most recent call last):
  File "<string>", line 23, in <module>
  File "C:\Users\mauro\.eclipse\903338280_win32_win32_x86_64\plugins\org.knime.pythonscripting.channel.v1.bin.win32.x86_64_4.7.1.v202301201518\env\lib\site-packages\openpyxl\reader\excel.py", line 315, in load_workbook
    reader = ExcelReader(filename, read_only, keep_vba,
  File "C:\Users\mauro\.eclipse\903338280_win32_win32_x86_64\plugins\org.knime.pythonscripting.channel.v1.bin.win32.x86_64_4.7.1.v202301201518\env\lib\site-packages\openpyxl\reader\excel.py", line 124, in __init__
    self.archive = _validate_archive(fn)
  File "C:\Users\mauro\.eclipse\903338280_win32_win32_x86_64\plugins\org.knime.pythonscripting.channel.v1.bin.win32.x86_64_4.7.1.v202301201518\env\lib\site-packages\openpyxl\reader\excel.py", line 96, in _validate_archive
    archive = ZipFile(filename, 'r')
  File "C:\Users\mauro\.eclipse\903338280_win32_win32_x86_64\plugins\org.knime.pythonscripting.channel.v1.bin.win32.x86_64_4.7.1.v202301201518\env\lib\zipfile.py", line 1248, in __init__
    self.fp = io.open(file, filemode)
FileNotFoundError: [Errno 2] No such file or directory: 'C:/Users/mauro/Documents/Pasar a IPN_ESCOM/Data Mining/Practicas y Tareas/4-Museos-p1/VISITAS21.xlsx'

2023-04-23 20:14:37,730 : ERROR : KNIME-Worker-115 :  : PythonSourceCodePanel : Python Script : 3:58 : ModuleNotFoundError: No module named 'datatable'
org.knime.python2.kernel.PythonIOException: Executing the Python script failed: Traceback (most recent call last):
  File "<string>", line 2, in <module>
ModuleNotFoundError: No module named 'datatable'

	at org.knime.python3.scripting.Python3KernelBackend.beautifyPythonTraceback(Python3KernelBackend.java:700)
	at org.knime.python3.scripting.Python3KernelBackend.beautifyPythonTraceback(Python3KernelBackend.java:677)
	at org.knime.python3.scripting.Python3KernelBackend.executeAndCheckOutputs(Python3KernelBackend.java:608)
	at org.knime.python2.kernel.PythonKernel.executeAndCheckOutputs(PythonKernel.java:486)
	at org.knime.python2.kernel.PythonKernelManager.lambda$1(PythonKernelManager.java:208)
	at org.knime.python2.kernel.PythonKernelManager$3.run(PythonKernelManager.java:225)
	at org.knime.core.util.ThreadUtils$RunnableWithContextImpl.runWithContext(ThreadUtils.java:367)
	at org.knime.core.util.ThreadUtils$RunnableWithContext.run(ThreadUtils.java:221)
	at java.base/java.util.concurrent.Executors$RunnableAdapter.call(Unknown Source)
	at java.base/java.util.concurrent.FutureTask.run(Unknown Source)
	at org.knime.core.util.ThreadPool$MyFuture.run(ThreadPool.java:123)
	at org.knime.core.util.ThreadPool$Worker.run(ThreadPool.java:246)
Caused by: Traceback (most recent call last):
  File "<string>", line 2, in <module>
ModuleNotFoundError: No module named 'datatable'

2023-04-23 20:14:37,788 : ERROR : KNIME-Worker-115 :  : PythonSourceCodePanel : Python Script : 3:58 : ModuleNotFoundError: No module named 'datatable'
org.knime.python2.kernel.PythonIOException: Executing the Python script failed: Traceback (most recent call last):
  File "<string>", line 2, in <module>
ModuleNotFoundError: No module named 'datatable'

	at org.knime.python3.scripting.Python3KernelBackend.beautifyPythonTraceback(Python3KernelBackend.java:700)
	at org.knime.python3.scripting.Python3KernelBackend.beautifyPythonTraceback(Python3KernelBackend.java:677)
	at org.knime.python3.scripting.Python3KernelBackend.executeAndCheckOutputs(Python3KernelBackend.java:608)
	at org.knime.python2.kernel.PythonKernel.executeAndCheckOutputs(PythonKernel.java:486)
	at org.knime.python2.kernel.PythonKernelManager.lambda$1(PythonKernelManager.java:208)
	at org.knime.python2.kernel.PythonKernelManager$3.run(PythonKernelManager.java:225)
	at org.knime.core.util.ThreadUtils$RunnableWithContextImpl.runWithContext(ThreadUtils.java:367)
	at org.knime.core.util.ThreadUtils$RunnableWithContext.run(ThreadUtils.java:221)
	at java.base/java.util.concurrent.Executors$RunnableAdapter.call(Unknown Source)
	at java.base/java.util.concurrent.FutureTask.run(Unknown Source)
	at org.knime.core.util.ThreadPool$MyFuture.run(ThreadPool.java:123)
	at org.knime.core.util.ThreadPool$Worker.run(ThreadPool.java:246)
Caused by: Traceback (most recent call last):
  File "<string>", line 2, in <module>
ModuleNotFoundError: No module named 'datatable'

2023-04-23 20:14:39,136 : ERROR : KNIME-Worker-115 :  : PythonSourceCodePanel : Python Script : 3:58 : ModuleNotFoundError: No module named 'datatable'
org.knime.python2.kernel.PythonIOException: Executing the Python script failed: Traceback (most recent call last):
  File "<string>", line 2, in <module>
ModuleNotFoundError: No module named 'datatable'

	at org.knime.python3.scripting.Python3KernelBackend.beautifyPythonTraceback(Python3KernelBackend.java:700)
	at org.knime.python3.scripting.Python3KernelBackend.beautifyPythonTraceback(Python3KernelBackend.java:677)
	at org.knime.python3.scripting.Python3KernelBackend.executeAndCheckOutputs(Python3KernelBackend.java:608)
	at org.knime.python2.kernel.PythonKernel.executeAndCheckOutputs(PythonKernel.java:486)
	at org.knime.python2.kernel.PythonKernelManager.lambda$1(PythonKernelManager.java:208)
	at org.knime.python2.kernel.PythonKernelManager$3.run(PythonKernelManager.java:225)
	at org.knime.core.util.ThreadUtils$RunnableWithContextImpl.runWithContext(ThreadUtils.java:367)
	at org.knime.core.util.ThreadUtils$RunnableWithContext.run(ThreadUtils.java:221)
	at java.base/java.util.concurrent.Executors$RunnableAdapter.call(Unknown Source)
	at java.base/java.util.concurrent.FutureTask.run(Unknown Source)
	at org.knime.core.util.ThreadPool$MyFuture.run(ThreadPool.java:123)
	at org.knime.core.util.ThreadPool$Worker.run(ThreadPool.java:246)
Caused by: Traceback (most recent call last):
  File "<string>", line 2, in <module>
ModuleNotFoundError: No module named 'datatable'

2023-04-23 20:14:39,446 : ERROR : KNIME-Worker-115 :  : PythonSourceCodePanel : Python Script : 3:58 : ModuleNotFoundError: No module named 'datatable'
org.knime.python2.kernel.PythonIOException: Executing the Python script failed: Traceback (most recent call last):
  File "<string>", line 2, in <module>
ModuleNotFoundError: No module named 'datatable'

	at org.knime.python3.scripting.Python3KernelBackend.beautifyPythonTraceback(Python3KernelBackend.java:700)
	at org.knime.python3.scripting.Python3KernelBackend.beautifyPythonTraceback(Python3KernelBackend.java:677)
	at org.knime.python3.scripting.Python3KernelBackend.executeAndCheckOutputs(Python3KernelBackend.java:608)
	at org.knime.python2.kernel.PythonKernel.executeAndCheckOutputs(PythonKernel.java:486)
	at org.knime.python2.kernel.PythonKernelManager.lambda$1(PythonKernelManager.java:208)
	at org.knime.python2.kernel.PythonKernelManager$3.run(PythonKernelManager.java:225)
	at org.knime.core.util.ThreadUtils$RunnableWithContextImpl.runWithContext(ThreadUtils.java:367)
	at org.knime.core.util.ThreadUtils$RunnableWithContext.run(ThreadUtils.java:221)
	at java.base/java.util.concurrent.Executors$RunnableAdapter.call(Unknown Source)
	at java.base/java.util.concurrent.FutureTask.run(Unknown Source)
	at org.knime.core.util.ThreadPool$MyFuture.run(ThreadPool.java:123)
	at org.knime.core.util.ThreadPool$Worker.run(ThreadPool.java:246)
Caused by: Traceback (most recent call last):
  File "<string>", line 2, in <module>
ModuleNotFoundError: No module named 'datatable'

2023-04-23 20:14:39,779 : ERROR : KNIME-Worker-115 :  : PythonSourceCodePanel : Python Script : 3:58 : ModuleNotFoundError: No module named 'datatable'
org.knime.python2.kernel.PythonIOException: Executing the Python script failed: Traceback (most recent call last):
  File "<string>", line 2, in <module>
ModuleNotFoundError: No module named 'datatable'

	at org.knime.python3.scripting.Python3KernelBackend.beautifyPythonTraceback(Python3KernelBackend.java:700)
	at org.knime.python3.scripting.Python3KernelBackend.beautifyPythonTraceback(Python3KernelBackend.java:677)
	at org.knime.python3.scripting.Python3KernelBackend.executeAndCheckOutputs(Python3KernelBackend.java:608)
	at org.knime.python2.kernel.PythonKernel.executeAndCheckOutputs(PythonKernel.java:486)
	at org.knime.python2.kernel.PythonKernelManager.lambda$1(PythonKernelManager.java:208)
	at org.knime.python2.kernel.PythonKernelManager$3.run(PythonKernelManager.java:225)
	at org.knime.core.util.ThreadUtils$RunnableWithContextImpl.runWithContext(ThreadUtils.java:367)
	at org.knime.core.util.ThreadUtils$RunnableWithContext.run(ThreadUtils.java:221)
	at java.base/java.util.concurrent.Executors$RunnableAdapter.call(Unknown Source)
	at java.base/java.util.concurrent.FutureTask.run(Unknown Source)
	at org.knime.core.util.ThreadPool$MyFuture.run(ThreadPool.java:123)
	at org.knime.core.util.ThreadPool$Worker.run(ThreadPool.java:246)
Caused by: Traceback (most recent call last):
  File "<string>", line 2, in <module>
ModuleNotFoundError: No module named 'datatable'

2023-04-23 20:14:40,217 : ERROR : KNIME-Worker-115 :  : PythonSourceCodePanel : Python Script : 3:58 : ModuleNotFoundError: No module named 'datatable'
org.knime.python2.kernel.PythonIOException: Executing the Python script failed: Traceback (most recent call last):
  File "<string>", line 2, in <module>
ModuleNotFoundError: No module named 'datatable'

	at org.knime.python3.scripting.Python3KernelBackend.beautifyPythonTraceback(Python3KernelBackend.java:700)
	at org.knime.python3.scripting.Python3KernelBackend.beautifyPythonTraceback(Python3KernelBackend.java:677)
	at org.knime.python3.scripting.Python3KernelBackend.executeAndCheckOutputs(Python3KernelBackend.java:608)
	at org.knime.python2.kernel.PythonKernel.executeAndCheckOutputs(PythonKernel.java:486)
	at org.knime.python2.kernel.PythonKernelManager.lambda$1(PythonKernelManager.java:208)
	at org.knime.python2.kernel.PythonKernelManager$3.run(PythonKernelManager.java:225)
	at org.knime.core.util.ThreadUtils$RunnableWithContextImpl.runWithContext(ThreadUtils.java:367)
	at org.knime.core.util.ThreadUtils$RunnableWithContext.run(ThreadUtils.java:221)
	at java.base/java.util.concurrent.Executors$RunnableAdapter.call(Unknown Source)
	at java.base/java.util.concurrent.FutureTask.run(Unknown Source)
	at org.knime.core.util.ThreadPool$MyFuture.run(ThreadPool.java:123)
	at org.knime.core.util.ThreadPool$Worker.run(ThreadPool.java:246)
Caused by: Traceback (most recent call last):
  File "<string>", line 2, in <module>
ModuleNotFoundError: No module named 'datatable'

2023-04-23 20:14:40,401 : ERROR : KNIME-Worker-115 :  : PythonSourceCodePanel : Python Script : 3:58 : ModuleNotFoundError: No module named 'datatable'
org.knime.python2.kernel.PythonIOException: Executing the Python script failed: Traceback (most recent call last):
  File "<string>", line 2, in <module>
ModuleNotFoundError: No module named 'datatable'

	at org.knime.python3.scripting.Python3KernelBackend.beautifyPythonTraceback(Python3KernelBackend.java:700)
	at org.knime.python3.scripting.Python3KernelBackend.beautifyPythonTraceback(Python3KernelBackend.java:677)
	at org.knime.python3.scripting.Python3KernelBackend.executeAndCheckOutputs(Python3KernelBackend.java:608)
	at org.knime.python2.kernel.PythonKernel.executeAndCheckOutputs(PythonKernel.java:486)
	at org.knime.python2.kernel.PythonKernelManager.lambda$1(PythonKernelManager.java:208)
	at org.knime.python2.kernel.PythonKernelManager$3.run(PythonKernelManager.java:225)
	at org.knime.core.util.ThreadUtils$RunnableWithContextImpl.runWithContext(ThreadUtils.java:367)
	at org.knime.core.util.ThreadUtils$RunnableWithContext.run(ThreadUtils.java:221)
	at java.base/java.util.concurrent.Executors$RunnableAdapter.call(Unknown Source)
	at java.base/java.util.concurrent.FutureTask.run(Unknown Source)
	at org.knime.core.util.ThreadPool$MyFuture.run(ThreadPool.java:123)
	at org.knime.core.util.ThreadPool$Worker.run(ThreadPool.java:246)
Caused by: Traceback (most recent call last):
  File "<string>", line 2, in <module>
ModuleNotFoundError: No module named 'datatable'

2023-04-23 20:14:40,566 : ERROR : KNIME-Worker-115 :  : PythonSourceCodePanel : Python Script : 3:58 : ModuleNotFoundError: No module named 'datatable'
org.knime.python2.kernel.PythonIOException: Executing the Python script failed: Traceback (most recent call last):
  File "<string>", line 2, in <module>
ModuleNotFoundError: No module named 'datatable'

	at org.knime.python3.scripting.Python3KernelBackend.beautifyPythonTraceback(Python3KernelBackend.java:700)
	at org.knime.python3.scripting.Python3KernelBackend.beautifyPythonTraceback(Python3KernelBackend.java:677)
	at org.knime.python3.scripting.Python3KernelBackend.executeAndCheckOutputs(Python3KernelBackend.java:608)
	at org.knime.python2.kernel.PythonKernel.executeAndCheckOutputs(PythonKernel.java:486)
	at org.knime.python2.kernel.PythonKernelManager.lambda$1(PythonKernelManager.java:208)
	at org.knime.python2.kernel.PythonKernelManager$3.run(PythonKernelManager.java:225)
	at org.knime.core.util.ThreadUtils$RunnableWithContextImpl.runWithContext(ThreadUtils.java:367)
	at org.knime.core.util.ThreadUtils$RunnableWithContext.run(ThreadUtils.java:221)
	at java.base/java.util.concurrent.Executors$RunnableAdapter.call(Unknown Source)
	at java.base/java.util.concurrent.FutureTask.run(Unknown Source)
	at org.knime.core.util.ThreadPool$MyFuture.run(ThreadPool.java:123)
	at org.knime.core.util.ThreadPool$Worker.run(ThreadPool.java:246)
Caused by: Traceback (most recent call last):
  File "<string>", line 2, in <module>
ModuleNotFoundError: No module named 'datatable'

2023-04-23 20:14:40,759 : ERROR : KNIME-Worker-115 :  : PythonSourceCodePanel : Python Script : 3:58 : ModuleNotFoundError: No module named 'datatable'
org.knime.python2.kernel.PythonIOException: Executing the Python script failed: Traceback (most recent call last):
  File "<string>", line 2, in <module>
ModuleNotFoundError: No module named 'datatable'

	at org.knime.python3.scripting.Python3KernelBackend.beautifyPythonTraceback(Python3KernelBackend.java:700)
	at org.knime.python3.scripting.Python3KernelBackend.beautifyPythonTraceback(Python3KernelBackend.java:677)
	at org.knime.python3.scripting.Python3KernelBackend.executeAndCheckOutputs(Python3KernelBackend.java:608)
	at org.knime.python2.kernel.PythonKernel.executeAndCheckOutputs(PythonKernel.java:486)
	at org.knime.python2.kernel.PythonKernelManager.lambda$1(PythonKernelManager.java:208)
	at org.knime.python2.kernel.PythonKernelManager$3.run(PythonKernelManager.java:225)
	at org.knime.core.util.ThreadUtils$RunnableWithContextImpl.runWithContext(ThreadUtils.java:367)
	at org.knime.core.util.ThreadUtils$RunnableWithContext.run(ThreadUtils.java:221)
	at java.base/java.util.concurrent.Executors$RunnableAdapter.call(Unknown Source)
	at java.base/java.util.concurrent.FutureTask.run(Unknown Source)
	at org.knime.core.util.ThreadPool$MyFuture.run(ThreadPool.java:123)
	at org.knime.core.util.ThreadPool$Worker.run(ThreadPool.java:246)
Caused by: Traceback (most recent call last):
  File "<string>", line 2, in <module>
ModuleNotFoundError: No module named 'datatable'

2023-04-23 20:14:41,120 : ERROR : KNIME-Worker-115 :  : PythonSourceCodePanel : Python Script : 3:58 : ModuleNotFoundError: No module named 'datatable'
org.knime.python2.kernel.PythonIOException: Executing the Python script failed: Traceback (most recent call last):
  File "<string>", line 2, in <module>
ModuleNotFoundError: No module named 'datatable'

	at org.knime.python3.scripting.Python3KernelBackend.beautifyPythonTraceback(Python3KernelBackend.java:700)
	at org.knime.python3.scripting.Python3KernelBackend.beautifyPythonTraceback(Python3KernelBackend.java:677)
	at org.knime.python3.scripting.Python3KernelBackend.executeAndCheckOutputs(Python3KernelBackend.java:608)
	at org.knime.python2.kernel.PythonKernel.executeAndCheckOutputs(PythonKernel.java:486)
	at org.knime.python2.kernel.PythonKernelManager.lambda$1(PythonKernelManager.java:208)
	at org.knime.python2.kernel.PythonKernelManager$3.run(PythonKernelManager.java:225)
	at org.knime.core.util.ThreadUtils$RunnableWithContextImpl.runWithContext(ThreadUtils.java:367)
	at org.knime.core.util.ThreadUtils$RunnableWithContext.run(ThreadUtils.java:221)
	at java.base/java.util.concurrent.Executors$RunnableAdapter.call(Unknown Source)
	at java.base/java.util.concurrent.FutureTask.run(Unknown Source)
	at org.knime.core.util.ThreadPool$MyFuture.run(ThreadPool.java:123)
	at org.knime.core.util.ThreadPool$Worker.run(ThreadPool.java:246)
Caused by: Traceback (most recent call last):
  File "<string>", line 2, in <module>
ModuleNotFoundError: No module named 'datatable'

2023-04-23 20:14:41,294 : ERROR : KNIME-Worker-115 :  : PythonSourceCodePanel : Python Script : 3:58 : ModuleNotFoundError: No module named 'datatable'
org.knime.python2.kernel.PythonIOException: Executing the Python script failed: Traceback (most recent call last):
  File "<string>", line 2, in <module>
ModuleNotFoundError: No module named 'datatable'

	at org.knime.python3.scripting.Python3KernelBackend.beautifyPythonTraceback(Python3KernelBackend.java:700)
	at org.knime.python3.scripting.Python3KernelBackend.beautifyPythonTraceback(Python3KernelBackend.java:677)
	at org.knime.python3.scripting.Python3KernelBackend.executeAndCheckOutputs(Python3KernelBackend.java:608)
	at org.knime.python2.kernel.PythonKernel.executeAndCheckOutputs(PythonKernel.java:486)
	at org.knime.python2.kernel.PythonKernelManager.lambda$1(PythonKernelManager.java:208)
	at org.knime.python2.kernel.PythonKernelManager$3.run(PythonKernelManager.java:225)
	at org.knime.core.util.ThreadUtils$RunnableWithContextImpl.runWithContext(ThreadUtils.java:367)
	at org.knime.core.util.ThreadUtils$RunnableWithContext.run(ThreadUtils.java:221)
	at java.base/java.util.concurrent.Executors$RunnableAdapter.call(Unknown Source)
	at java.base/java.util.concurrent.FutureTask.run(Unknown Source)
	at org.knime.core.util.ThreadPool$MyFuture.run(ThreadPool.java:123)
	at org.knime.core.util.ThreadPool$Worker.run(ThreadPool.java:246)
Caused by: Traceback (most recent call last):
  File "<string>", line 2, in <module>
ModuleNotFoundError: No module named 'datatable'

2023-04-23 20:14:41,496 : ERROR : KNIME-Worker-115 :  : PythonSourceCodePanel : Python Script : 3:58 : ModuleNotFoundError: No module named 'datatable'
org.knime.python2.kernel.PythonIOException: Executing the Python script failed: Traceback (most recent call last):
  File "<string>", line 2, in <module>
ModuleNotFoundError: No module named 'datatable'

	at org.knime.python3.scripting.Python3KernelBackend.beautifyPythonTraceback(Python3KernelBackend.java:700)
	at org.knime.python3.scripting.Python3KernelBackend.beautifyPythonTraceback(Python3KernelBackend.java:677)
	at org.knime.python3.scripting.Python3KernelBackend.executeAndCheckOutputs(Python3KernelBackend.java:608)
	at org.knime.python2.kernel.PythonKernel.executeAndCheckOutputs(PythonKernel.java:486)
	at org.knime.python2.kernel.PythonKernelManager.lambda$1(PythonKernelManager.java:208)
	at org.knime.python2.kernel.PythonKernelManager$3.run(PythonKernelManager.java:225)
	at org.knime.core.util.ThreadUtils$RunnableWithContextImpl.runWithContext(ThreadUtils.java:367)
	at org.knime.core.util.ThreadUtils$RunnableWithContext.run(ThreadUtils.java:221)
	at java.base/java.util.concurrent.Executors$RunnableAdapter.call(Unknown Source)
	at java.base/java.util.concurrent.FutureTask.run(Unknown Source)
	at org.knime.core.util.ThreadPool$MyFuture.run(ThreadPool.java:123)
	at org.knime.core.util.ThreadPool$Worker.run(ThreadPool.java:246)
Caused by: Traceback (most recent call last):
  File "<string>", line 2, in <module>
ModuleNotFoundError: No module named 'datatable'

2023-04-23 20:14:41,693 : ERROR : KNIME-Worker-115 :  : PythonSourceCodePanel : Python Script : 3:58 : ModuleNotFoundError: No module named 'datatable'
org.knime.python2.kernel.PythonIOException: Executing the Python script failed: Traceback (most recent call last):
  File "<string>", line 2, in <module>
ModuleNotFoundError: No module named 'datatable'

	at org.knime.python3.scripting.Python3KernelBackend.beautifyPythonTraceback(Python3KernelBackend.java:700)
	at org.knime.python3.scripting.Python3KernelBackend.beautifyPythonTraceback(Python3KernelBackend.java:677)
	at org.knime.python3.scripting.Python3KernelBackend.executeAndCheckOutputs(Python3KernelBackend.java:608)
	at org.knime.python2.kernel.PythonKernel.executeAndCheckOutputs(PythonKernel.java:486)
	at org.knime.python2.kernel.PythonKernelManager.lambda$1(PythonKernelManager.java:208)
	at org.knime.python2.kernel.PythonKernelManager$3.run(PythonKernelManager.java:225)
	at org.knime.core.util.ThreadUtils$RunnableWithContextImpl.runWithContext(ThreadUtils.java:367)
	at org.knime.core.util.ThreadUtils$RunnableWithContext.run(ThreadUtils.java:221)
	at java.base/java.util.concurrent.Executors$RunnableAdapter.call(Unknown Source)
	at java.base/java.util.concurrent.FutureTask.run(Unknown Source)
	at org.knime.core.util.ThreadPool$MyFuture.run(ThreadPool.java:123)
	at org.knime.core.util.ThreadPool$Worker.run(ThreadPool.java:246)
Caused by: Traceback (most recent call last):
  File "<string>", line 2, in <module>
ModuleNotFoundError: No module named 'datatable'

2023-04-23 20:14:41,879 : ERROR : KNIME-Worker-115 :  : PythonSourceCodePanel : Python Script : 3:58 : ModuleNotFoundError: No module named 'datatable'
org.knime.python2.kernel.PythonIOException: Executing the Python script failed: Traceback (most recent call last):
  File "<string>", line 2, in <module>
ModuleNotFoundError: No module named 'datatable'

	at org.knime.python3.scripting.Python3KernelBackend.beautifyPythonTraceback(Python3KernelBackend.java:700)
	at org.knime.python3.scripting.Python3KernelBackend.beautifyPythonTraceback(Python3KernelBackend.java:677)
	at org.knime.python3.scripting.Python3KernelBackend.executeAndCheckOutputs(Python3KernelBackend.java:608)
	at org.knime.python2.kernel.PythonKernel.executeAndCheckOutputs(PythonKernel.java:486)
	at org.knime.python2.kernel.PythonKernelManager.lambda$1(PythonKernelManager.java:208)
	at org.knime.python2.kernel.PythonKernelManager$3.run(PythonKernelManager.java:225)
	at org.knime.core.util.ThreadUtils$RunnableWithContextImpl.runWithContext(ThreadUtils.java:367)
	at org.knime.core.util.ThreadUtils$RunnableWithContext.run(ThreadUtils.java:221)
	at java.base/java.util.concurrent.Executors$RunnableAdapter.call(Unknown Source)
	at java.base/java.util.concurrent.FutureTask.run(Unknown Source)
	at org.knime.core.util.ThreadPool$MyFuture.run(ThreadPool.java:123)
	at org.knime.core.util.ThreadPool$Worker.run(ThreadPool.java:246)
Caused by: Traceback (most recent call last):
  File "<string>", line 2, in <module>
ModuleNotFoundError: No module named 'datatable'

2023-04-23 20:14:42,068 : ERROR : KNIME-Worker-115 :  : PythonSourceCodePanel : Python Script : 3:58 : ModuleNotFoundError: No module named 'datatable'
org.knime.python2.kernel.PythonIOException: Executing the Python script failed: Traceback (most recent call last):
  File "<string>", line 2, in <module>
ModuleNotFoundError: No module named 'datatable'

	at org.knime.python3.scripting.Python3KernelBackend.beautifyPythonTraceback(Python3KernelBackend.java:700)
	at org.knime.python3.scripting.Python3KernelBackend.beautifyPythonTraceback(Python3KernelBackend.java:677)
	at org.knime.python3.scripting.Python3KernelBackend.executeAndCheckOutputs(Python3KernelBackend.java:608)
	at org.knime.python2.kernel.PythonKernel.executeAndCheckOutputs(PythonKernel.java:486)
	at org.knime.python2.kernel.PythonKernelManager.lambda$1(PythonKernelManager.java:208)
	at org.knime.python2.kernel.PythonKernelManager$3.run(PythonKernelManager.java:225)
	at org.knime.core.util.ThreadUtils$RunnableWithContextImpl.runWithContext(ThreadUtils.java:367)
	at org.knime.core.util.ThreadUtils$RunnableWithContext.run(ThreadUtils.java:221)
	at java.base/java.util.concurrent.Executors$RunnableAdapter.call(Unknown Source)
	at java.base/java.util.concurrent.FutureTask.run(Unknown Source)
	at org.knime.core.util.ThreadPool$MyFuture.run(ThreadPool.java:123)
	at org.knime.core.util.ThreadPool$Worker.run(ThreadPool.java:246)
Caused by: Traceback (most recent call last):
  File "<string>", line 2, in <module>
ModuleNotFoundError: No module named 'datatable'

2023-04-23 20:14:42,243 : ERROR : KNIME-Worker-115 :  : PythonSourceCodePanel : Python Script : 3:58 : ModuleNotFoundError: No module named 'datatable'
org.knime.python2.kernel.PythonIOException: Executing the Python script failed: Traceback (most recent call last):
  File "<string>", line 2, in <module>
ModuleNotFoundError: No module named 'datatable'

	at org.knime.python3.scripting.Python3KernelBackend.beautifyPythonTraceback(Python3KernelBackend.java:700)
	at org.knime.python3.scripting.Python3KernelBackend.beautifyPythonTraceback(Python3KernelBackend.java:677)
	at org.knime.python3.scripting.Python3KernelBackend.executeAndCheckOutputs(Python3KernelBackend.java:608)
	at org.knime.python2.kernel.PythonKernel.executeAndCheckOutputs(PythonKernel.java:486)
	at org.knime.python2.kernel.PythonKernelManager.lambda$1(PythonKernelManager.java:208)
	at org.knime.python2.kernel.PythonKernelManager$3.run(PythonKernelManager.java:225)
	at org.knime.core.util.ThreadUtils$RunnableWithContextImpl.runWithContext(ThreadUtils.java:367)
	at org.knime.core.util.ThreadUtils$RunnableWithContext.run(ThreadUtils.java:221)
	at java.base/java.util.concurrent.Executors$RunnableAdapter.call(Unknown Source)
	at java.base/java.util.concurrent.FutureTask.run(Unknown Source)
	at org.knime.core.util.ThreadPool$MyFuture.run(ThreadPool.java:123)
	at org.knime.core.util.ThreadPool$Worker.run(ThreadPool.java:246)
Caused by: Traceback (most recent call last):
  File "<string>", line 2, in <module>
ModuleNotFoundError: No module named 'datatable'

2023-04-23 20:14:42,414 : ERROR : KNIME-Worker-115 :  : PythonSourceCodePanel : Python Script : 3:58 : ModuleNotFoundError: No module named 'datatable'
org.knime.python2.kernel.PythonIOException: Executing the Python script failed: Traceback (most recent call last):
  File "<string>", line 2, in <module>
ModuleNotFoundError: No module named 'datatable'

	at org.knime.python3.scripting.Python3KernelBackend.beautifyPythonTraceback(Python3KernelBackend.java:700)
	at org.knime.python3.scripting.Python3KernelBackend.beautifyPythonTraceback(Python3KernelBackend.java:677)
	at org.knime.python3.scripting.Python3KernelBackend.executeAndCheckOutputs(Python3KernelBackend.java:608)
	at org.knime.python2.kernel.PythonKernel.executeAndCheckOutputs(PythonKernel.java:486)
	at org.knime.python2.kernel.PythonKernelManager.lambda$1(PythonKernelManager.java:208)
	at org.knime.python2.kernel.PythonKernelManager$3.run(PythonKernelManager.java:225)
	at org.knime.core.util.ThreadUtils$RunnableWithContextImpl.runWithContext(ThreadUtils.java:367)
	at org.knime.core.util.ThreadUtils$RunnableWithContext.run(ThreadUtils.java:221)
	at java.base/java.util.concurrent.Executors$RunnableAdapter.call(Unknown Source)
	at java.base/java.util.concurrent.FutureTask.run(Unknown Source)
	at org.knime.core.util.ThreadPool$MyFuture.run(ThreadPool.java:123)
	at org.knime.core.util.ThreadPool$Worker.run(ThreadPool.java:246)
Caused by: Traceback (most recent call last):
  File "<string>", line 2, in <module>
ModuleNotFoundError: No module named 'datatable'

2023-04-23 20:14:42,604 : ERROR : KNIME-Worker-115 :  : PythonSourceCodePanel : Python Script : 3:58 : ModuleNotFoundError: No module named 'datatable'
org.knime.python2.kernel.PythonIOException: Executing the Python script failed: Traceback (most recent call last):
  File "<string>", line 2, in <module>
ModuleNotFoundError: No module named 'datatable'

	at org.knime.python3.scripting.Python3KernelBackend.beautifyPythonTraceback(Python3KernelBackend.java:700)
	at org.knime.python3.scripting.Python3KernelBackend.beautifyPythonTraceback(Python3KernelBackend.java:677)
	at org.knime.python3.scripting.Python3KernelBackend.executeAndCheckOutputs(Python3KernelBackend.java:608)
	at org.knime.python2.kernel.PythonKernel.executeAndCheckOutputs(PythonKernel.java:486)
	at org.knime.python2.kernel.PythonKernelManager.lambda$1(PythonKernelManager.java:208)
	at org.knime.python2.kernel.PythonKernelManager$3.run(PythonKernelManager.java:225)
	at org.knime.core.util.ThreadUtils$RunnableWithContextImpl.runWithContext(ThreadUtils.java:367)
	at org.knime.core.util.ThreadUtils$RunnableWithContext.run(ThreadUtils.java:221)
	at java.base/java.util.concurrent.Executors$RunnableAdapter.call(Unknown Source)
	at java.base/java.util.concurrent.FutureTask.run(Unknown Source)
	at org.knime.core.util.ThreadPool$MyFuture.run(ThreadPool.java:123)
	at org.knime.core.util.ThreadPool$Worker.run(ThreadPool.java:246)
Caused by: Traceback (most recent call last):
  File "<string>", line 2, in <module>
ModuleNotFoundError: No module named 'datatable'

2023-04-23 20:14:42,778 : ERROR : KNIME-Worker-115 :  : PythonSourceCodePanel : Python Script : 3:58 : ModuleNotFoundError: No module named 'datatable'
org.knime.python2.kernel.PythonIOException: Executing the Python script failed: Traceback (most recent call last):
  File "<string>", line 2, in <module>
ModuleNotFoundError: No module named 'datatable'

	at org.knime.python3.scripting.Python3KernelBackend.beautifyPythonTraceback(Python3KernelBackend.java:700)
	at org.knime.python3.scripting.Python3KernelBackend.beautifyPythonTraceback(Python3KernelBackend.java:677)
	at org.knime.python3.scripting.Python3KernelBackend.executeAndCheckOutputs(Python3KernelBackend.java:608)
	at org.knime.python2.kernel.PythonKernel.executeAndCheckOutputs(PythonKernel.java:486)
	at org.knime.python2.kernel.PythonKernelManager.lambda$1(PythonKernelManager.java:208)
	at org.knime.python2.kernel.PythonKernelManager$3.run(PythonKernelManager.java:225)
	at org.knime.core.util.ThreadUtils$RunnableWithContextImpl.runWithContext(ThreadUtils.java:367)
	at org.knime.core.util.ThreadUtils$RunnableWithContext.run(ThreadUtils.java:221)
	at java.base/java.util.concurrent.Executors$RunnableAdapter.call(Unknown Source)
	at java.base/java.util.concurrent.FutureTask.run(Unknown Source)
	at org.knime.core.util.ThreadPool$MyFuture.run(ThreadPool.java:123)
	at org.knime.core.util.ThreadPool$Worker.run(ThreadPool.java:246)
Caused by: Traceback (most recent call last):
  File "<string>", line 2, in <module>
ModuleNotFoundError: No module named 'datatable'

2023-04-23 20:14:42,972 : ERROR : KNIME-Worker-115 :  : PythonSourceCodePanel : Python Script : 3:58 : ModuleNotFoundError: No module named 'datatable'
org.knime.python2.kernel.PythonIOException: Executing the Python script failed: Traceback (most recent call last):
  File "<string>", line 2, in <module>
ModuleNotFoundError: No module named 'datatable'

	at org.knime.python3.scripting.Python3KernelBackend.beautifyPythonTraceback(Python3KernelBackend.java:700)
	at org.knime.python3.scripting.Python3KernelBackend.beautifyPythonTraceback(Python3KernelBackend.java:677)
	at org.knime.python3.scripting.Python3KernelBackend.executeAndCheckOutputs(Python3KernelBackend.java:608)
	at org.knime.python2.kernel.PythonKernel.executeAndCheckOutputs(PythonKernel.java:486)
	at org.knime.python2.kernel.PythonKernelManager.lambda$1(PythonKernelManager.java:208)
	at org.knime.python2.kernel.PythonKernelManager$3.run(PythonKernelManager.java:225)
	at org.knime.core.util.ThreadUtils$RunnableWithContextImpl.runWithContext(ThreadUtils.java:367)
	at org.knime.core.util.ThreadUtils$RunnableWithContext.run(ThreadUtils.java:221)
	at java.base/java.util.concurrent.Executors$RunnableAdapter.call(Unknown Source)
	at java.base/java.util.concurrent.FutureTask.run(Unknown Source)
	at org.knime.core.util.ThreadPool$MyFuture.run(ThreadPool.java:123)
	at org.knime.core.util.ThreadPool$Worker.run(ThreadPool.java:246)
Caused by: Traceback (most recent call last):
  File "<string>", line 2, in <module>
ModuleNotFoundError: No module named 'datatable'

2023-04-23 20:14:43,151 : ERROR : KNIME-Worker-115 :  : PythonSourceCodePanel : Python Script : 3:58 : ModuleNotFoundError: No module named 'datatable'
org.knime.python2.kernel.PythonIOException: Executing the Python script failed: Traceback (most recent call last):
  File "<string>", line 2, in <module>
ModuleNotFoundError: No module named 'datatable'

	at org.knime.python3.scripting.Python3KernelBackend.beautifyPythonTraceback(Python3KernelBackend.java:700)
	at org.knime.python3.scripting.Python3KernelBackend.beautifyPythonTraceback(Python3KernelBackend.java:677)
	at org.knime.python3.scripting.Python3KernelBackend.executeAndCheckOutputs(Python3KernelBackend.java:608)
	at org.knime.python2.kernel.PythonKernel.executeAndCheckOutputs(PythonKernel.java:486)
	at org.knime.python2.kernel.PythonKernelManager.lambda$1(PythonKernelManager.java:208)
	at org.knime.python2.kernel.PythonKernelManager$3.run(PythonKernelManager.java:225)
	at org.knime.core.util.ThreadUtils$RunnableWithContextImpl.runWithContext(ThreadUtils.java:367)
	at org.knime.core.util.ThreadUtils$RunnableWithContext.run(ThreadUtils.java:221)
	at java.base/java.util.concurrent.Executors$RunnableAdapter.call(Unknown Source)
	at java.base/java.util.concurrent.FutureTask.run(Unknown Source)
	at org.knime.core.util.ThreadPool$MyFuture.run(ThreadPool.java:123)
	at org.knime.core.util.ThreadPool$Worker.run(ThreadPool.java:246)
Caused by: Traceback (most recent call last):
  File "<string>", line 2, in <module>
ModuleNotFoundError: No module named 'datatable'

2023-04-23 20:14:43,336 : ERROR : KNIME-Worker-115 :  : PythonSourceCodePanel : Python Script : 3:58 : ModuleNotFoundError: No module named 'datatable'
org.knime.python2.kernel.PythonIOException: Executing the Python script failed: Traceback (most recent call last):
  File "<string>", line 2, in <module>
ModuleNotFoundError: No module named 'datatable'

	at org.knime.python3.scripting.Python3KernelBackend.beautifyPythonTraceback(Python3KernelBackend.java:700)
	at org.knime.python3.scripting.Python3KernelBackend.beautifyPythonTraceback(Python3KernelBackend.java:677)
	at org.knime.python3.scripting.Python3KernelBackend.executeAndCheckOutputs(Python3KernelBackend.java:608)
	at org.knime.python2.kernel.PythonKernel.executeAndCheckOutputs(PythonKernel.java:486)
	at org.knime.python2.kernel.PythonKernelManager.lambda$1(PythonKernelManager.java:208)
	at org.knime.python2.kernel.PythonKernelManager$3.run(PythonKernelManager.java:225)
	at org.knime.core.util.ThreadUtils$RunnableWithContextImpl.runWithContext(ThreadUtils.java:367)
	at org.knime.core.util.ThreadUtils$RunnableWithContext.run(ThreadUtils.java:221)
	at java.base/java.util.concurrent.Executors$RunnableAdapter.call(Unknown Source)
	at java.base/java.util.concurrent.FutureTask.run(Unknown Source)
	at org.knime.core.util.ThreadPool$MyFuture.run(ThreadPool.java:123)
	at org.knime.core.util.ThreadPool$Worker.run(ThreadPool.java:246)
Caused by: Traceback (most recent call last):
  File "<string>", line 2, in <module>
ModuleNotFoundError: No module named 'datatable'

2023-04-23 20:14:43,507 : ERROR : KNIME-Worker-115 :  : PythonSourceCodePanel : Python Script : 3:58 : ModuleNotFoundError: No module named 'datatable'
org.knime.python2.kernel.PythonIOException: Executing the Python script failed: Traceback (most recent call last):
  File "<string>", line 2, in <module>
ModuleNotFoundError: No module named 'datatable'

	at org.knime.python3.scripting.Python3KernelBackend.beautifyPythonTraceback(Python3KernelBackend.java:700)
	at org.knime.python3.scripting.Python3KernelBackend.beautifyPythonTraceback(Python3KernelBackend.java:677)
	at org.knime.python3.scripting.Python3KernelBackend.executeAndCheckOutputs(Python3KernelBackend.java:608)
	at org.knime.python2.kernel.PythonKernel.executeAndCheckOutputs(PythonKernel.java:486)
	at org.knime.python2.kernel.PythonKernelManager.lambda$1(PythonKernelManager.java:208)
	at org.knime.python2.kernel.PythonKernelManager$3.run(PythonKernelManager.java:225)
	at org.knime.core.util.ThreadUtils$RunnableWithContextImpl.runWithContext(ThreadUtils.java:367)
	at org.knime.core.util.ThreadUtils$RunnableWithContext.run(ThreadUtils.java:221)
	at java.base/java.util.concurrent.Executors$RunnableAdapter.call(Unknown Source)
	at java.base/java.util.concurrent.FutureTask.run(Unknown Source)
	at org.knime.core.util.ThreadPool$MyFuture.run(ThreadPool.java:123)
	at org.knime.core.util.ThreadPool$Worker.run(ThreadPool.java:246)
Caused by: Traceback (most recent call last):
  File "<string>", line 2, in <module>
ModuleNotFoundError: No module named 'datatable'

2023-04-23 20:14:43,661 : ERROR : KNIME-Worker-115 :  : PythonSourceCodePanel : Python Script : 3:58 : ModuleNotFoundError: No module named 'datatable'
org.knime.python2.kernel.PythonIOException: Executing the Python script failed: Traceback (most recent call last):
  File "<string>", line 2, in <module>
ModuleNotFoundError: No module named 'datatable'

	at org.knime.python3.scripting.Python3KernelBackend.beautifyPythonTraceback(Python3KernelBackend.java:700)
	at org.knime.python3.scripting.Python3KernelBackend.beautifyPythonTraceback(Python3KernelBackend.java:677)
	at org.knime.python3.scripting.Python3KernelBackend.executeAndCheckOutputs(Python3KernelBackend.java:608)
	at org.knime.python2.kernel.PythonKernel.executeAndCheckOutputs(PythonKernel.java:486)
	at org.knime.python2.kernel.PythonKernelManager.lambda$1(PythonKernelManager.java:208)
	at org.knime.python2.kernel.PythonKernelManager$3.run(PythonKernelManager.java:225)
	at org.knime.core.util.ThreadUtils$RunnableWithContextImpl.runWithContext(ThreadUtils.java:367)
	at org.knime.core.util.ThreadUtils$RunnableWithContext.run(ThreadUtils.java:221)
	at java.base/java.util.concurrent.Executors$RunnableAdapter.call(Unknown Source)
	at java.base/java.util.concurrent.FutureTask.run(Unknown Source)
	at org.knime.core.util.ThreadPool$MyFuture.run(ThreadPool.java:123)
	at org.knime.core.util.ThreadPool$Worker.run(ThreadPool.java:246)
Caused by: Traceback (most recent call last):
  File "<string>", line 2, in <module>
ModuleNotFoundError: No module named 'datatable'

2023-04-23 20:14:43,847 : ERROR : KNIME-Worker-115 :  : PythonSourceCodePanel : Python Script : 3:58 : ModuleNotFoundError: No module named 'datatable'
org.knime.python2.kernel.PythonIOException: Executing the Python script failed: Traceback (most recent call last):
  File "<string>", line 2, in <module>
ModuleNotFoundError: No module named 'datatable'

	at org.knime.python3.scripting.Python3KernelBackend.beautifyPythonTraceback(Python3KernelBackend.java:700)
	at org.knime.python3.scripting.Python3KernelBackend.beautifyPythonTraceback(Python3KernelBackend.java:677)
	at org.knime.python3.scripting.Python3KernelBackend.executeAndCheckOutputs(Python3KernelBackend.java:608)
	at org.knime.python2.kernel.PythonKernel.executeAndCheckOutputs(PythonKernel.java:486)
	at org.knime.python2.kernel.PythonKernelManager.lambda$1(PythonKernelManager.java:208)
	at org.knime.python2.kernel.PythonKernelManager$3.run(PythonKernelManager.java:225)
	at org.knime.core.util.ThreadUtils$RunnableWithContextImpl.runWithContext(ThreadUtils.java:367)
	at org.knime.core.util.ThreadUtils$RunnableWithContext.run(ThreadUtils.java:221)
	at java.base/java.util.concurrent.Executors$RunnableAdapter.call(Unknown Source)
	at java.base/java.util.concurrent.FutureTask.run(Unknown Source)
	at org.knime.core.util.ThreadPool$MyFuture.run(ThreadPool.java:123)
	at org.knime.core.util.ThreadPool$Worker.run(ThreadPool.java:246)
Caused by: Traceback (most recent call last):
  File "<string>", line 2, in <module>
ModuleNotFoundError: No module named 'datatable'

2023-04-23 20:14:44,013 : ERROR : KNIME-Worker-115 :  : PythonSourceCodePanel : Python Script : 3:58 : ModuleNotFoundError: No module named 'datatable'
org.knime.python2.kernel.PythonIOException: Executing the Python script failed: Traceback (most recent call last):
  File "<string>", line 2, in <module>
ModuleNotFoundError: No module named 'datatable'

	at org.knime.python3.scripting.Python3KernelBackend.beautifyPythonTraceback(Python3KernelBackend.java:700)
	at org.knime.python3.scripting.Python3KernelBackend.beautifyPythonTraceback(Python3KernelBackend.java:677)
	at org.knime.python3.scripting.Python3KernelBackend.executeAndCheckOutputs(Python3KernelBackend.java:608)
	at org.knime.python2.kernel.PythonKernel.executeAndCheckOutputs(PythonKernel.java:486)
	at org.knime.python2.kernel.PythonKernelManager.lambda$1(PythonKernelManager.java:208)
	at org.knime.python2.kernel.PythonKernelManager$3.run(PythonKernelManager.java:225)
	at org.knime.core.util.ThreadUtils$RunnableWithContextImpl.runWithContext(ThreadUtils.java:367)
	at org.knime.core.util.ThreadUtils$RunnableWithContext.run(ThreadUtils.java:221)
	at java.base/java.util.concurrent.Executors$RunnableAdapter.call(Unknown Source)
	at java.base/java.util.concurrent.FutureTask.run(Unknown Source)
	at org.knime.core.util.ThreadPool$MyFuture.run(ThreadPool.java:123)
	at org.knime.core.util.ThreadPool$Worker.run(ThreadPool.java:246)
Caused by: Traceback (most recent call last):
  File "<string>", line 2, in <module>
ModuleNotFoundError: No module named 'datatable'

2023-04-23 20:14:44,202 : ERROR : KNIME-Worker-115 :  : PythonSourceCodePanel : Python Script : 3:58 : ModuleNotFoundError: No module named 'datatable'
org.knime.python2.kernel.PythonIOException: Executing the Python script failed: Traceback (most recent call last):
  File "<string>", line 2, in <module>
ModuleNotFoundError: No module named 'datatable'

	at org.knime.python3.scripting.Python3KernelBackend.beautifyPythonTraceback(Python3KernelBackend.java:700)
	at org.knime.python3.scripting.Python3KernelBackend.beautifyPythonTraceback(Python3KernelBackend.java:677)
	at org.knime.python3.scripting.Python3KernelBackend.executeAndCheckOutputs(Python3KernelBackend.java:608)
	at org.knime.python2.kernel.PythonKernel.executeAndCheckOutputs(PythonKernel.java:486)
	at org.knime.python2.kernel.PythonKernelManager.lambda$1(PythonKernelManager.java:208)
	at org.knime.python2.kernel.PythonKernelManager$3.run(PythonKernelManager.java:225)
	at org.knime.core.util.ThreadUtils$RunnableWithContextImpl.runWithContext(ThreadUtils.java:367)
	at org.knime.core.util.ThreadUtils$RunnableWithContext.run(ThreadUtils.java:221)
	at java.base/java.util.concurrent.Executors$RunnableAdapter.call(Unknown Source)
	at java.base/java.util.concurrent.FutureTask.run(Unknown Source)
	at org.knime.core.util.ThreadPool$MyFuture.run(ThreadPool.java:123)
	at org.knime.core.util.ThreadPool$Worker.run(ThreadPool.java:246)
Caused by: Traceback (most recent call last):
  File "<string>", line 2, in <module>
ModuleNotFoundError: No module named 'datatable'

2023-04-23 20:14:44,385 : ERROR : KNIME-Worker-115 :  : PythonSourceCodePanel : Python Script : 3:58 : ModuleNotFoundError: No module named 'datatable'
org.knime.python2.kernel.PythonIOException: Executing the Python script failed: Traceback (most recent call last):
  File "<string>", line 2, in <module>
ModuleNotFoundError: No module named 'datatable'

	at org.knime.python3.scripting.Python3KernelBackend.beautifyPythonTraceback(Python3KernelBackend.java:700)
	at org.knime.python3.scripting.Python3KernelBackend.beautifyPythonTraceback(Python3KernelBackend.java:677)
	at org.knime.python3.scripting.Python3KernelBackend.executeAndCheckOutputs(Python3KernelBackend.java:608)
	at org.knime.python2.kernel.PythonKernel.executeAndCheckOutputs(PythonKernel.java:486)
	at org.knime.python2.kernel.PythonKernelManager.lambda$1(PythonKernelManager.java:208)
	at org.knime.python2.kernel.PythonKernelManager$3.run(PythonKernelManager.java:225)
	at org.knime.core.util.ThreadUtils$RunnableWithContextImpl.runWithContext(ThreadUtils.java:367)
	at org.knime.core.util.ThreadUtils$RunnableWithContext.run(ThreadUtils.java:221)
	at java.base/java.util.concurrent.Executors$RunnableAdapter.call(Unknown Source)
	at java.base/java.util.concurrent.FutureTask.run(Unknown Source)
	at org.knime.core.util.ThreadPool$MyFuture.run(ThreadPool.java:123)
	at org.knime.core.util.ThreadPool$Worker.run(ThreadPool.java:246)
Caused by: Traceback (most recent call last):
  File "<string>", line 2, in <module>
ModuleNotFoundError: No module named 'datatable'

2023-04-23 20:14:44,526 : ERROR : KNIME-Worker-115 :  : PythonSourceCodePanel : Python Script : 3:58 : ModuleNotFoundError: No module named 'datatable'
org.knime.python2.kernel.PythonIOException: Executing the Python script failed: Traceback (most recent call last):
  File "<string>", line 2, in <module>
ModuleNotFoundError: No module named 'datatable'

	at org.knime.python3.scripting.Python3KernelBackend.beautifyPythonTraceback(Python3KernelBackend.java:700)
	at org.knime.python3.scripting.Python3KernelBackend.beautifyPythonTraceback(Python3KernelBackend.java:677)
	at org.knime.python3.scripting.Python3KernelBackend.executeAndCheckOutputs(Python3KernelBackend.java:608)
	at org.knime.python2.kernel.PythonKernel.executeAndCheckOutputs(PythonKernel.java:486)
	at org.knime.python2.kernel.PythonKernelManager.lambda$1(PythonKernelManager.java:208)
	at org.knime.python2.kernel.PythonKernelManager$3.run(PythonKernelManager.java:225)
	at org.knime.core.util.ThreadUtils$RunnableWithContextImpl.runWithContext(ThreadUtils.java:367)
	at org.knime.core.util.ThreadUtils$RunnableWithContext.run(ThreadUtils.java:221)
	at java.base/java.util.concurrent.Executors$RunnableAdapter.call(Unknown Source)
	at java.base/java.util.concurrent.FutureTask.run(Unknown Source)
	at org.knime.core.util.ThreadPool$MyFuture.run(ThreadPool.java:123)
	at org.knime.core.util.ThreadPool$Worker.run(ThreadPool.java:246)
Caused by: Traceback (most recent call last):
  File "<string>", line 2, in <module>
ModuleNotFoundError: No module named 'datatable'

2023-04-23 20:17:33,943 : ERROR : KNIME-Worker-118 :  : PythonSourceCodePanel : Python Script : 3:58 : ModuleNotFoundError: No module named 'datatable'
org.knime.python2.kernel.PythonIOException: Executing the Python script failed: Traceback (most recent call last):
  File "<string>", line 2, in <module>
ModuleNotFoundError: No module named 'datatable'

	at org.knime.python3.scripting.Python3KernelBackend.beautifyPythonTraceback(Python3KernelBackend.java:700)
	at org.knime.python3.scripting.Python3KernelBackend.beautifyPythonTraceback(Python3KernelBackend.java:677)
	at org.knime.python3.scripting.Python3KernelBackend.executeAndCheckOutputs(Python3KernelBackend.java:608)
	at org.knime.python2.kernel.PythonKernel.executeAndCheckOutputs(PythonKernel.java:486)
	at org.knime.python2.kernel.PythonKernelManager.lambda$1(PythonKernelManager.java:208)
	at org.knime.python2.kernel.PythonKernelManager$3.run(PythonKernelManager.java:225)
	at org.knime.core.util.ThreadUtils$RunnableWithContextImpl.runWithContext(ThreadUtils.java:367)
	at org.knime.core.util.ThreadUtils$RunnableWithContext.run(ThreadUtils.java:221)
	at java.base/java.util.concurrent.Executors$RunnableAdapter.call(Unknown Source)
	at java.base/java.util.concurrent.FutureTask.run(Unknown Source)
	at org.knime.core.util.ThreadPool$MyFuture.run(ThreadPool.java:123)
	at org.knime.core.util.ThreadPool$Worker.run(ThreadPool.java:246)
Caused by: Traceback (most recent call last):
  File "<string>", line 2, in <module>
ModuleNotFoundError: No module named 'datatable'

2023-04-23 20:17:40,929 : ERROR : KNIME-Worker-118 :  : PythonSourceCodePanel : Python Script : 3:58 : NameError: name 'dt' is not defined
org.knime.python2.kernel.PythonIOException: Executing the Python script failed: Traceback (most recent call last):
  File "<string>", line 11, in <module>
NameError: name 'dt' is not defined

	at org.knime.python3.scripting.Python3KernelBackend.beautifyPythonTraceback(Python3KernelBackend.java:700)
	at org.knime.python3.scripting.Python3KernelBackend.beautifyPythonTraceback(Python3KernelBackend.java:677)
	at org.knime.python3.scripting.Python3KernelBackend.executeAndCheckOutputs(Python3KernelBackend.java:608)
	at org.knime.python2.kernel.PythonKernel.executeAndCheckOutputs(PythonKernel.java:486)
	at org.knime.python2.kernel.PythonKernelManager.lambda$1(PythonKernelManager.java:208)
	at org.knime.python2.kernel.PythonKernelManager$3.run(PythonKernelManager.java:225)
	at org.knime.core.util.ThreadUtils$RunnableWithContextImpl.runWithContext(ThreadUtils.java:367)
	at org.knime.core.util.ThreadUtils$RunnableWithContext.run(ThreadUtils.java:221)
	at java.base/java.util.concurrent.Executors$RunnableAdapter.call(Unknown Source)
	at java.base/java.util.concurrent.FutureTask.run(Unknown Source)
	at org.knime.core.util.ThreadPool$MyFuture.run(ThreadPool.java:123)
	at org.knime.core.util.ThreadPool$Worker.run(ThreadPool.java:246)
Caused by: Traceback (most recent call last):
  File "<string>", line 11, in <module>
NameError: name 'dt' is not defined

2023-04-23 20:21:13,439 : ERROR : KNIME-Worker-125-Python Script 3:59 :  : Node : Python Script : 3:59 : Execute failed: NameError: name 'knio' is not defined
org.knime.python2.kernel.PythonIOException: NameError: name 'knio' is not defined
	at org.knime.python3.scripting.nodes.AbstractPythonScriptingNodeModel.execute(AbstractPythonScriptingNodeModel.java:294)
	at org.knime.core.node.NodeModel.executeModel(NodeModel.java:549)
	at org.knime.core.node.Node.invokeFullyNodeModelExecute(Node.java:1267)
	at org.knime.core.node.Node.execute(Node.java:1041)
	at org.knime.core.node.workflow.NativeNodeContainer.performExecuteNode(NativeNodeContainer.java:595)
	at org.knime.core.node.exec.LocalNodeExecutionJob.mainExecute(LocalNodeExecutionJob.java:98)
	at org.knime.core.node.workflow.NodeExecutionJob.internalRun(NodeExecutionJob.java:201)
	at org.knime.core.node.workflow.NodeExecutionJob.run(NodeExecutionJob.java:117)
	at org.knime.core.util.ThreadUtils$RunnableWithContextImpl.runWithContext(ThreadUtils.java:367)
	at org.knime.core.util.ThreadUtils$RunnableWithContext.run(ThreadUtils.java:221)
	at java.base/java.util.concurrent.Executors$RunnableAdapter.call(Unknown Source)
	at java.base/java.util.concurrent.FutureTask.run(Unknown Source)
	at org.knime.core.util.ThreadPool$MyFuture.run(ThreadPool.java:123)
	at org.knime.core.util.ThreadPool$Worker.run(ThreadPool.java:246)
Caused by: org.knime.python2.kernel.PythonIOException: Executing the Python script failed: Traceback (most recent call last):
  File "<string>", line 5, in <module>
NameError: name 'knio' is not defined

	at org.knime.python3.scripting.Python3KernelBackend.beautifyPythonTraceback(Python3KernelBackend.java:700)
	at org.knime.python3.scripting.Python3KernelBackend.beautifyPythonTraceback(Python3KernelBackend.java:677)
	at org.knime.python3.scripting.Python3KernelBackend.executeAndCheckOutputs(Python3KernelBackend.java:608)
	at org.knime.python3.scripting.Python3KernelBackend.lambda$15(Python3KernelBackend.java:614)
	at org.knime.core.util.ThreadUtils$CallableWithContextImpl.callWithContext(ThreadUtils.java:383)
	at org.knime.core.util.ThreadUtils$CallableWithContext.call(ThreadUtils.java:269)
	at java.base/java.util.concurrent.FutureTask.run(Unknown Source)
	at java.base/java.util.concurrent.ThreadPoolExecutor.runWorker(Unknown Source)
	at java.base/java.util.concurrent.ThreadPoolExecutor$Worker.run(Unknown Source)
	at java.base/java.lang.Thread.run(Unknown Source)
Caused by: Traceback (most recent call last):
  File "<string>", line 5, in <module>
NameError: name 'knio' is not defined

2023-04-23 20:21:14,368 : ERROR : KNIME-Worker-126-Python Script 3:59 :  : Node : Python Script : 3:59 : Execute failed: NameError: name 'knio' is not defined
org.knime.python2.kernel.PythonIOException: NameError: name 'knio' is not defined
	at org.knime.python3.scripting.nodes.AbstractPythonScriptingNodeModel.execute(AbstractPythonScriptingNodeModel.java:294)
	at org.knime.core.node.NodeModel.executeModel(NodeModel.java:549)
	at org.knime.core.node.Node.invokeFullyNodeModelExecute(Node.java:1267)
	at org.knime.core.node.Node.execute(Node.java:1041)
	at org.knime.core.node.workflow.NativeNodeContainer.performExecuteNode(NativeNodeContainer.java:595)
	at org.knime.core.node.exec.LocalNodeExecutionJob.mainExecute(LocalNodeExecutionJob.java:98)
	at org.knime.core.node.workflow.NodeExecutionJob.internalRun(NodeExecutionJob.java:201)
	at org.knime.core.node.workflow.NodeExecutionJob.run(NodeExecutionJob.java:117)
	at org.knime.core.util.ThreadUtils$RunnableWithContextImpl.runWithContext(ThreadUtils.java:367)
	at org.knime.core.util.ThreadUtils$RunnableWithContext.run(ThreadUtils.java:221)
	at java.base/java.util.concurrent.Executors$RunnableAdapter.call(Unknown Source)
	at java.base/java.util.concurrent.FutureTask.run(Unknown Source)
	at org.knime.core.util.ThreadPool$MyFuture.run(ThreadPool.java:123)
	at org.knime.core.util.ThreadPool$Worker.run(ThreadPool.java:246)
Caused by: org.knime.python2.kernel.PythonIOException: Executing the Python script failed: Traceback (most recent call last):
  File "<string>", line 5, in <module>
NameError: name 'knio' is not defined

	at org.knime.python3.scripting.Python3KernelBackend.beautifyPythonTraceback(Python3KernelBackend.java:700)
	at org.knime.python3.scripting.Python3KernelBackend.beautifyPythonTraceback(Python3KernelBackend.java:677)
	at org.knime.python3.scripting.Python3KernelBackend.executeAndCheckOutputs(Python3KernelBackend.java:608)
	at org.knime.python3.scripting.Python3KernelBackend.lambda$15(Python3KernelBackend.java:614)
	at org.knime.core.util.ThreadUtils$CallableWithContextImpl.callWithContext(ThreadUtils.java:383)
	at org.knime.core.util.ThreadUtils$CallableWithContext.call(ThreadUtils.java:269)
	at java.base/java.util.concurrent.FutureTask.run(Unknown Source)
	at java.base/java.util.concurrent.ThreadPoolExecutor.runWorker(Unknown Source)
	at java.base/java.util.concurrent.ThreadPoolExecutor$Worker.run(Unknown Source)
	at java.base/java.lang.Thread.run(Unknown Source)
Caused by: Traceback (most recent call last):
  File "<string>", line 5, in <module>
NameError: name 'knio' is not defined

2023-04-23 20:21:15,262 : ERROR : KNIME-Worker-127-Python Script 3:59 :  : Node : Python Script : 3:59 : Execute failed: NameError: name 'knio' is not defined
org.knime.python2.kernel.PythonIOException: NameError: name 'knio' is not defined
	at org.knime.python3.scripting.nodes.AbstractPythonScriptingNodeModel.execute(AbstractPythonScriptingNodeModel.java:294)
	at org.knime.core.node.NodeModel.executeModel(NodeModel.java:549)
	at org.knime.core.node.Node.invokeFullyNodeModelExecute(Node.java:1267)
	at org.knime.core.node.Node.execute(Node.java:1041)
	at org.knime.core.node.workflow.NativeNodeContainer.performExecuteNode(NativeNodeContainer.java:595)
	at org.knime.core.node.exec.LocalNodeExecutionJob.mainExecute(LocalNodeExecutionJob.java:98)
	at org.knime.core.node.workflow.NodeExecutionJob.internalRun(NodeExecutionJob.java:201)
	at org.knime.core.node.workflow.NodeExecutionJob.run(NodeExecutionJob.java:117)
	at org.knime.core.util.ThreadUtils$RunnableWithContextImpl.runWithContext(ThreadUtils.java:367)
	at org.knime.core.util.ThreadUtils$RunnableWithContext.run(ThreadUtils.java:221)
	at java.base/java.util.concurrent.Executors$RunnableAdapter.call(Unknown Source)
	at java.base/java.util.concurrent.FutureTask.run(Unknown Source)
	at org.knime.core.util.ThreadPool$MyFuture.run(ThreadPool.java:123)
	at org.knime.core.util.ThreadPool$Worker.run(ThreadPool.java:246)
Caused by: org.knime.python2.kernel.PythonIOException: Executing the Python script failed: Traceback (most recent call last):
  File "<string>", line 5, in <module>
NameError: name 'knio' is not defined

	at org.knime.python3.scripting.Python3KernelBackend.beautifyPythonTraceback(Python3KernelBackend.java:700)
	at org.knime.python3.scripting.Python3KernelBackend.beautifyPythonTraceback(Python3KernelBackend.java:677)
	at org.knime.python3.scripting.Python3KernelBackend.executeAndCheckOutputs(Python3KernelBackend.java:608)
	at org.knime.python3.scripting.Python3KernelBackend.lambda$15(Python3KernelBackend.java:614)
	at org.knime.core.util.ThreadUtils$CallableWithContextImpl.callWithContext(ThreadUtils.java:383)
	at org.knime.core.util.ThreadUtils$CallableWithContext.call(ThreadUtils.java:269)
	at java.base/java.util.concurrent.FutureTask.run(Unknown Source)
	at java.base/java.util.concurrent.ThreadPoolExecutor.runWorker(Unknown Source)
	at java.base/java.util.concurrent.ThreadPoolExecutor$Worker.run(Unknown Source)
	at java.base/java.lang.Thread.run(Unknown Source)
Caused by: Traceback (most recent call last):
  File "<string>", line 5, in <module>
NameError: name 'knio' is not defined

2023-04-23 20:22:44,901 : ERROR : KNIME-Worker-126-Python Script 3:59 :  : Node : Python Script : 3:59 : Execute failed: NameError: name 'knio' is not defined
org.knime.python2.kernel.PythonIOException: NameError: name 'knio' is not defined
	at org.knime.python3.scripting.nodes.AbstractPythonScriptingNodeModel.execute(AbstractPythonScriptingNodeModel.java:294)
	at org.knime.core.node.NodeModel.executeModel(NodeModel.java:549)
	at org.knime.core.node.Node.invokeFullyNodeModelExecute(Node.java:1267)
	at org.knime.core.node.Node.execute(Node.java:1041)
	at org.knime.core.node.workflow.NativeNodeContainer.performExecuteNode(NativeNodeContainer.java:595)
	at org.knime.core.node.exec.LocalNodeExecutionJob.mainExecute(LocalNodeExecutionJob.java:98)
	at org.knime.core.node.workflow.NodeExecutionJob.internalRun(NodeExecutionJob.java:201)
	at org.knime.core.node.workflow.NodeExecutionJob.run(NodeExecutionJob.java:117)
	at org.knime.core.util.ThreadUtils$RunnableWithContextImpl.runWithContext(ThreadUtils.java:367)
	at org.knime.core.util.ThreadUtils$RunnableWithContext.run(ThreadUtils.java:221)
	at java.base/java.util.concurrent.Executors$RunnableAdapter.call(Unknown Source)
	at java.base/java.util.concurrent.FutureTask.run(Unknown Source)
	at org.knime.core.util.ThreadPool$MyFuture.run(ThreadPool.java:123)
	at org.knime.core.util.ThreadPool$Worker.run(ThreadPool.java:246)
Caused by: org.knime.python2.kernel.PythonIOException: Executing the Python script failed: Traceback (most recent call last):
  File "<string>", line 5, in <module>
NameError: name 'knio' is not defined

	at org.knime.python3.scripting.Python3KernelBackend.beautifyPythonTraceback(Python3KernelBackend.java:700)
	at org.knime.python3.scripting.Python3KernelBackend.beautifyPythonTraceback(Python3KernelBackend.java:677)
	at org.knime.python3.scripting.Python3KernelBackend.executeAndCheckOutputs(Python3KernelBackend.java:608)
	at org.knime.python3.scripting.Python3KernelBackend.lambda$15(Python3KernelBackend.java:614)
	at org.knime.core.util.ThreadUtils$CallableWithContextImpl.callWithContext(ThreadUtils.java:383)
	at org.knime.core.util.ThreadUtils$CallableWithContext.call(ThreadUtils.java:269)
	at java.base/java.util.concurrent.FutureTask.run(Unknown Source)
	at java.base/java.util.concurrent.ThreadPoolExecutor.runWorker(Unknown Source)
	at java.base/java.util.concurrent.ThreadPoolExecutor$Worker.run(Unknown Source)
	at java.base/java.lang.Thread.run(Unknown Source)
Caused by: Traceback (most recent call last):
  File "<string>", line 5, in <module>
NameError: name 'knio' is not defined

2023-04-23 20:23:43,291 : ERROR : KNIME-Worker-143-Python Script 3:59 :  : Node : Python Script : 3:59 : Execute failed: NameError: name 'knio' is not defined
org.knime.python2.kernel.PythonIOException: NameError: name 'knio' is not defined
	at org.knime.python3.scripting.nodes.AbstractPythonScriptingNodeModel.execute(AbstractPythonScriptingNodeModel.java:294)
	at org.knime.core.node.NodeModel.executeModel(NodeModel.java:549)
	at org.knime.core.node.Node.invokeFullyNodeModelExecute(Node.java:1267)
	at org.knime.core.node.Node.execute(Node.java:1041)
	at org.knime.core.node.workflow.NativeNodeContainer.performExecuteNode(NativeNodeContainer.java:595)
	at org.knime.core.node.exec.LocalNodeExecutionJob.mainExecute(LocalNodeExecutionJob.java:98)
	at org.knime.core.node.workflow.NodeExecutionJob.internalRun(NodeExecutionJob.java:201)
	at org.knime.core.node.workflow.NodeExecutionJob.run(NodeExecutionJob.java:117)
	at org.knime.core.util.ThreadUtils$RunnableWithContextImpl.runWithContext(ThreadUtils.java:367)
	at org.knime.core.util.ThreadUtils$RunnableWithContext.run(ThreadUtils.java:221)
	at java.base/java.util.concurrent.Executors$RunnableAdapter.call(Unknown Source)
	at java.base/java.util.concurrent.FutureTask.run(Unknown Source)
	at org.knime.core.util.ThreadPool$MyFuture.run(ThreadPool.java:123)
	at org.knime.core.util.ThreadPool$Worker.run(ThreadPool.java:246)
Caused by: org.knime.python2.kernel.PythonIOException: Executing the Python script failed: Traceback (most recent call last):
  File "<string>", line 5, in <module>
NameError: name 'knio' is not defined

	at org.knime.python3.scripting.Python3KernelBackend.beautifyPythonTraceback(Python3KernelBackend.java:700)
	at org.knime.python3.scripting.Python3KernelBackend.beautifyPythonTraceback(Python3KernelBackend.java:677)
	at org.knime.python3.scripting.Python3KernelBackend.executeAndCheckOutputs(Python3KernelBackend.java:608)
	at org.knime.python3.scripting.Python3KernelBackend.lambda$15(Python3KernelBackend.java:614)
	at org.knime.core.util.ThreadUtils$CallableWithContextImpl.callWithContext(ThreadUtils.java:383)
	at org.knime.core.util.ThreadUtils$CallableWithContext.call(ThreadUtils.java:269)
	at java.base/java.util.concurrent.FutureTask.run(Unknown Source)
	at java.base/java.util.concurrent.ThreadPoolExecutor.runWorker(Unknown Source)
	at java.base/java.util.concurrent.ThreadPoolExecutor$Worker.run(Unknown Source)
	at java.base/java.lang.Thread.run(Unknown Source)
Caused by: Traceback (most recent call last):
  File "<string>", line 5, in <module>
NameError: name 'knio' is not defined

2023-04-23 20:23:44,781 : ERROR : KNIME-Worker-139-Python Script 3:59 :  : Node : Python Script : 3:59 : Execute failed: NameError: name 'knio' is not defined
org.knime.python2.kernel.PythonIOException: NameError: name 'knio' is not defined
	at org.knime.python3.scripting.nodes.AbstractPythonScriptingNodeModel.execute(AbstractPythonScriptingNodeModel.java:294)
	at org.knime.core.node.NodeModel.executeModel(NodeModel.java:549)
	at org.knime.core.node.Node.invokeFullyNodeModelExecute(Node.java:1267)
	at org.knime.core.node.Node.execute(Node.java:1041)
	at org.knime.core.node.workflow.NativeNodeContainer.performExecuteNode(NativeNodeContainer.java:595)
	at org.knime.core.node.exec.LocalNodeExecutionJob.mainExecute(LocalNodeExecutionJob.java:98)
	at org.knime.core.node.workflow.NodeExecutionJob.internalRun(NodeExecutionJob.java:201)
	at org.knime.core.node.workflow.NodeExecutionJob.run(NodeExecutionJob.java:117)
	at org.knime.core.util.ThreadUtils$RunnableWithContextImpl.runWithContext(ThreadUtils.java:367)
	at org.knime.core.util.ThreadUtils$RunnableWithContext.run(ThreadUtils.java:221)
	at java.base/java.util.concurrent.Executors$RunnableAdapter.call(Unknown Source)
	at java.base/java.util.concurrent.FutureTask.run(Unknown Source)
	at org.knime.core.util.ThreadPool$MyFuture.run(ThreadPool.java:123)
	at org.knime.core.util.ThreadPool$Worker.run(ThreadPool.java:246)
Caused by: org.knime.python2.kernel.PythonIOException: Executing the Python script failed: Traceback (most recent call last):
  File "<string>", line 5, in <module>
NameError: name 'knio' is not defined

	at org.knime.python3.scripting.Python3KernelBackend.beautifyPythonTraceback(Python3KernelBackend.java:700)
	at org.knime.python3.scripting.Python3KernelBackend.beautifyPythonTraceback(Python3KernelBackend.java:677)
	at org.knime.python3.scripting.Python3KernelBackend.executeAndCheckOutputs(Python3KernelBackend.java:608)
	at org.knime.python3.scripting.Python3KernelBackend.lambda$15(Python3KernelBackend.java:614)
	at org.knime.core.util.ThreadUtils$CallableWithContextImpl.callWithContext(ThreadUtils.java:383)
	at org.knime.core.util.ThreadUtils$CallableWithContext.call(ThreadUtils.java:269)
	at java.base/java.util.concurrent.FutureTask.run(Unknown Source)
	at java.base/java.util.concurrent.ThreadPoolExecutor.runWorker(Unknown Source)
	at java.base/java.util.concurrent.ThreadPoolExecutor$Worker.run(Unknown Source)
	at java.base/java.lang.Thread.run(Unknown Source)
Caused by: Traceback (most recent call last):
  File "<string>", line 5, in <module>
NameError: name 'knio' is not defined

2023-04-23 20:24:07,818 : ERROR : KNIME-Worker-135-Python Script 3:59 :  : Node : Python Script : 3:59 : Execute failed: NameError: name 'knio' is not defined
org.knime.python2.kernel.PythonIOException: NameError: name 'knio' is not defined
	at org.knime.python3.scripting.nodes.AbstractPythonScriptingNodeModel.execute(AbstractPythonScriptingNodeModel.java:294)
	at org.knime.core.node.NodeModel.executeModel(NodeModel.java:549)
	at org.knime.core.node.Node.invokeFullyNodeModelExecute(Node.java:1267)
	at org.knime.core.node.Node.execute(Node.java:1041)
	at org.knime.core.node.workflow.NativeNodeContainer.performExecuteNode(NativeNodeContainer.java:595)
	at org.knime.core.node.exec.LocalNodeExecutionJob.mainExecute(LocalNodeExecutionJob.java:98)
	at org.knime.core.node.workflow.NodeExecutionJob.internalRun(NodeExecutionJob.java:201)
	at org.knime.core.node.workflow.NodeExecutionJob.run(NodeExecutionJob.java:117)
	at org.knime.core.util.ThreadUtils$RunnableWithContextImpl.runWithContext(ThreadUtils.java:367)
	at org.knime.core.util.ThreadUtils$RunnableWithContext.run(ThreadUtils.java:221)
	at java.base/java.util.concurrent.Executors$RunnableAdapter.call(Unknown Source)
	at java.base/java.util.concurrent.FutureTask.run(Unknown Source)
	at org.knime.core.util.ThreadPool$MyFuture.run(ThreadPool.java:123)
	at org.knime.core.util.ThreadPool$Worker.run(ThreadPool.java:246)
Caused by: org.knime.python2.kernel.PythonIOException: Executing the Python script failed: Traceback (most recent call last):
  File "<string>", line 5, in <module>
NameError: name 'knio' is not defined

	at org.knime.python3.scripting.Python3KernelBackend.beautifyPythonTraceback(Python3KernelBackend.java:700)
	at org.knime.python3.scripting.Python3KernelBackend.beautifyPythonTraceback(Python3KernelBackend.java:677)
	at org.knime.python3.scripting.Python3KernelBackend.executeAndCheckOutputs(Python3KernelBackend.java:608)
	at org.knime.python3.scripting.Python3KernelBackend.lambda$15(Python3KernelBackend.java:614)
	at org.knime.core.util.ThreadUtils$CallableWithContextImpl.callWithContext(ThreadUtils.java:383)
	at org.knime.core.util.ThreadUtils$CallableWithContext.call(ThreadUtils.java:269)
	at java.base/java.util.concurrent.FutureTask.run(Unknown Source)
	at java.base/java.util.concurrent.ThreadPoolExecutor.runWorker(Unknown Source)
	at java.base/java.util.concurrent.ThreadPoolExecutor$Worker.run(Unknown Source)
	at java.base/java.lang.Thread.run(Unknown Source)
Caused by: Traceback (most recent call last):
  File "<string>", line 5, in <module>
NameError: name 'knio' is not defined

2023-04-23 20:24:09,306 : ERROR : KNIME-Worker-137-Python Script 3:59 :  : Node : Python Script : 3:59 : Execute failed: NameError: name 'knio' is not defined
org.knime.python2.kernel.PythonIOException: NameError: name 'knio' is not defined
	at org.knime.python3.scripting.nodes.AbstractPythonScriptingNodeModel.execute(AbstractPythonScriptingNodeModel.java:294)
	at org.knime.core.node.NodeModel.executeModel(NodeModel.java:549)
	at org.knime.core.node.Node.invokeFullyNodeModelExecute(Node.java:1267)
	at org.knime.core.node.Node.execute(Node.java:1041)
	at org.knime.core.node.workflow.NativeNodeContainer.performExecuteNode(NativeNodeContainer.java:595)
	at org.knime.core.node.exec.LocalNodeExecutionJob.mainExecute(LocalNodeExecutionJob.java:98)
	at org.knime.core.node.workflow.NodeExecutionJob.internalRun(NodeExecutionJob.java:201)
	at org.knime.core.node.workflow.NodeExecutionJob.run(NodeExecutionJob.java:117)
	at org.knime.core.util.ThreadUtils$RunnableWithContextImpl.runWithContext(ThreadUtils.java:367)
	at org.knime.core.util.ThreadUtils$RunnableWithContext.run(ThreadUtils.java:221)
	at java.base/java.util.concurrent.Executors$RunnableAdapter.call(Unknown Source)
	at java.base/java.util.concurrent.FutureTask.run(Unknown Source)
	at org.knime.core.util.ThreadPool$MyFuture.run(ThreadPool.java:123)
	at org.knime.core.util.ThreadPool$Worker.run(ThreadPool.java:246)
Caused by: org.knime.python2.kernel.PythonIOException: Executing the Python script failed: Traceback (most recent call last):
  File "<string>", line 5, in <module>
NameError: name 'knio' is not defined

	at org.knime.python3.scripting.Python3KernelBackend.beautifyPythonTraceback(Python3KernelBackend.java:700)
	at org.knime.python3.scripting.Python3KernelBackend.beautifyPythonTraceback(Python3KernelBackend.java:677)
	at org.knime.python3.scripting.Python3KernelBackend.executeAndCheckOutputs(Python3KernelBackend.java:608)
	at org.knime.python3.scripting.Python3KernelBackend.lambda$15(Python3KernelBackend.java:614)
	at org.knime.core.util.ThreadUtils$CallableWithContextImpl.callWithContext(ThreadUtils.java:383)
	at org.knime.core.util.ThreadUtils$CallableWithContext.call(ThreadUtils.java:269)
	at java.base/java.util.concurrent.FutureTask.run(Unknown Source)
	at java.base/java.util.concurrent.ThreadPoolExecutor.runWorker(Unknown Source)
	at java.base/java.util.concurrent.ThreadPoolExecutor$Worker.run(Unknown Source)
	at java.base/java.lang.Thread.run(Unknown Source)
Caused by: Traceback (most recent call last):
  File "<string>", line 5, in <module>
NameError: name 'knio' is not defined

2023-04-23 20:24:10,800 : ERROR : KNIME-Worker-130-Python Script 3:59 :  : Node : Python Script : 3:59 : Execute failed: NameError: name 'knio' is not defined
org.knime.python2.kernel.PythonIOException: NameError: name 'knio' is not defined
	at org.knime.python3.scripting.nodes.AbstractPythonScriptingNodeModel.execute(AbstractPythonScriptingNodeModel.java:294)
	at org.knime.core.node.NodeModel.executeModel(NodeModel.java:549)
	at org.knime.core.node.Node.invokeFullyNodeModelExecute(Node.java:1267)
	at org.knime.core.node.Node.execute(Node.java:1041)
	at org.knime.core.node.workflow.NativeNodeContainer.performExecuteNode(NativeNodeContainer.java:595)
	at org.knime.core.node.exec.LocalNodeExecutionJob.mainExecute(LocalNodeExecutionJob.java:98)
	at org.knime.core.node.workflow.NodeExecutionJob.internalRun(NodeExecutionJob.java:201)
	at org.knime.core.node.workflow.NodeExecutionJob.run(NodeExecutionJob.java:117)
	at org.knime.core.util.ThreadUtils$RunnableWithContextImpl.runWithContext(ThreadUtils.java:367)
	at org.knime.core.util.ThreadUtils$RunnableWithContext.run(ThreadUtils.java:221)
	at java.base/java.util.concurrent.Executors$RunnableAdapter.call(Unknown Source)
	at java.base/java.util.concurrent.FutureTask.run(Unknown Source)
	at org.knime.core.util.ThreadPool$MyFuture.run(ThreadPool.java:123)
	at org.knime.core.util.ThreadPool$Worker.run(ThreadPool.java:246)
Caused by: org.knime.python2.kernel.PythonIOException: Executing the Python script failed: Traceback (most recent call last):
  File "<string>", line 5, in <module>
NameError: name 'knio' is not defined

	at org.knime.python3.scripting.Python3KernelBackend.beautifyPythonTraceback(Python3KernelBackend.java:700)
	at org.knime.python3.scripting.Python3KernelBackend.beautifyPythonTraceback(Python3KernelBackend.java:677)
	at org.knime.python3.scripting.Python3KernelBackend.executeAndCheckOutputs(Python3KernelBackend.java:608)
	at org.knime.python3.scripting.Python3KernelBackend.lambda$15(Python3KernelBackend.java:614)
	at org.knime.core.util.ThreadUtils$CallableWithContextImpl.callWithContext(ThreadUtils.java:383)
	at org.knime.core.util.ThreadUtils$CallableWithContext.call(ThreadUtils.java:269)
	at java.base/java.util.concurrent.FutureTask.run(Unknown Source)
	at java.base/java.util.concurrent.ThreadPoolExecutor.runWorker(Unknown Source)
	at java.base/java.util.concurrent.ThreadPoolExecutor$Worker.run(Unknown Source)
	at java.base/java.lang.Thread.run(Unknown Source)
Caused by: Traceback (most recent call last):
  File "<string>", line 5, in <module>
NameError: name 'knio' is not defined

2023-04-23 20:36:48,376 : ERROR : KNIME-Worker-146 :  : PythonSourceCodePanel : Python Script : 3:58 : AttributeError: 'Series' object has no attribute 'repleace'
org.knime.python2.kernel.PythonIOException: Executing the Python script failed: Traceback (most recent call last):
  File "<string>", line 10, in <module>
  File "C:\Users\mauro\.eclipse\903338280_win32_win32_x86_64\plugins\org.knime.pythonscripting.channel.v1.bin.win32.x86_64_4.7.1.v202301201518\env\lib\site-packages\pandas\core\generic.py", line 5902, in __getattr__
    return object.__getattribute__(self, name)
AttributeError: 'Series' object has no attribute 'repleace'

	at org.knime.python3.scripting.Python3KernelBackend.beautifyPythonTraceback(Python3KernelBackend.java:700)
	at org.knime.python3.scripting.Python3KernelBackend.beautifyPythonTraceback(Python3KernelBackend.java:677)
	at org.knime.python3.scripting.Python3KernelBackend.executeAndCheckOutputs(Python3KernelBackend.java:608)
	at org.knime.python2.kernel.PythonKernel.executeAndCheckOutputs(PythonKernel.java:486)
	at org.knime.python2.kernel.PythonKernelManager.lambda$1(PythonKernelManager.java:208)
	at org.knime.python2.kernel.PythonKernelManager$3.run(PythonKernelManager.java:225)
	at org.knime.core.util.ThreadUtils$RunnableWithContextImpl.runWithContext(ThreadUtils.java:367)
	at org.knime.core.util.ThreadUtils$RunnableWithContext.run(ThreadUtils.java:221)
	at java.base/java.util.concurrent.Executors$RunnableAdapter.call(Unknown Source)
	at java.base/java.util.concurrent.FutureTask.run(Unknown Source)
	at org.knime.core.util.ThreadPool$MyFuture.run(ThreadPool.java:123)
	at org.knime.core.util.ThreadPool$Worker.run(ThreadPool.java:246)
Caused by: Traceback (most recent call last):
  File "<string>", line 10, in <module>
  File "C:\Users\mauro\.eclipse\903338280_win32_win32_x86_64\plugins\org.knime.pythonscripting.channel.v1.bin.win32.x86_64_4.7.1.v202301201518\env\lib\site-packages\pandas\core\generic.py", line 5902, in __getattr__
    return object.__getattribute__(self, name)
AttributeError: 'Series' object has no attribute 'repleace'

2023-04-23 20:50:16,305 : ERROR : KNIME-Worker-159 :  : PythonSourceCodePanel : Python Script : 3:58 : pyarrow.lib.ArrowInvalid: ("Could not convert 'Ninguna' with type str: tried to convert to int64", 'Conversion failed for column ESCOLARIDA with type object')
org.knime.python2.kernel.PythonIOException: Executing the Python script failed: Traceback (most recent call last):
  File "<string>", line 54, in <module>
  File "C:\Users\mauro\.eclipse\903338280_win32_win32_x86_64\plugins\org.knime.python3_4.7.2.v202303222028\src\main\python\knime\api\table.py", line 343, in from_pandas
    return _backend.create_table_from_pandas(data, sentinel, row_ids=row_ids)
  File "C:\Users\mauro\.eclipse\903338280_win32_win32_x86_64\plugins\org.knime.python3.arrow_4.7.1.v202301311311\src\main\python\knime\_arrow\_table.py", line 140, in create_table_from_pandas
    return _create_table_from_pandas(data, sentinel, row_ids)
  File "C:\Users\mauro\.eclipse\903338280_win32_win32_x86_64\plugins\org.knime.python3.arrow_4.7.1.v202301311311\src\main\python\knime\_arrow\_table.py", line 125, in _create_table_from_pandas
    data = kap.pandas_df_to_arrow(data, row_ids=pandas_row_ids)
  File "C:\Users\mauro\.eclipse\903338280_win32_win32_x86_64\plugins\org.knime.python3.arrow_4.7.1.v202301311311\src\main\python\knime\_arrow\_pandas.py", line 80, in pandas_df_to_arrow
    return pa.Table.from_pandas(data_frame)
  File "pyarrow\table.pxi", line 3480, in pyarrow.lib.Table.from_pandas
  File "C:\Users\mauro\.eclipse\903338280_win32_win32_x86_64\plugins\org.knime.pythonscripting.channel.v1.bin.win32.x86_64_4.7.1.v202301201518\env\lib\site-packages\pyarrow\pandas_compat.py", line 622, in dataframe_to_arrays
    arrays[i] = maybe_fut.result()
  File "C:\Users\mauro\.eclipse\903338280_win32_win32_x86_64\plugins\org.knime.pythonscripting.channel.v1.bin.win32.x86_64_4.7.1.v202301201518\env\lib\concurrent\futures\_base.py", line 439, in result
    return self.__get_result()
  File "C:\Users\mauro\.eclipse\903338280_win32_win32_x86_64\plugins\org.knime.pythonscripting.channel.v1.bin.win32.x86_64_4.7.1.v202301201518\env\lib\concurrent\futures\_base.py", line 391, in __get_result
    raise self._exception
  File "C:\Users\mauro\.eclipse\903338280_win32_win32_x86_64\plugins\org.knime.pythonscripting.channel.v1.bin.win32.x86_64_4.7.1.v202301201518\env\lib\concurrent\futures\thread.py", line 58, in run
    result = self.fn(*self.args, **self.kwargs)
  File "C:\Users\mauro\.eclipse\903338280_win32_win32_x86_64\plugins\org.knime.pythonscripting.channel.v1.bin.win32.x86_64_4.7.1.v202301201518\env\lib\site-packages\pyarrow\pandas_compat.py", line 596, in convert_column
    raise e
  File "C:\Users\mauro\.eclipse\903338280_win32_win32_x86_64\plugins\org.knime.pythonscripting.channel.v1.bin.win32.x86_64_4.7.1.v202301201518\env\lib\site-packages\pyarrow\pandas_compat.py", line 590, in convert_column
    result = pa.array(col, type=type_, from_pandas=True, safe=safe)
  File "pyarrow\array.pxi", line 313, in pyarrow.lib.array
  File "pyarrow\array.pxi", line 83, in pyarrow.lib._ndarray_to_array
  File "pyarrow\error.pxi", line 100, in pyarrow.lib.check_status
pyarrow.lib.ArrowInvalid: ("Could not convert 'Ninguna' with type str: tried to convert to int64", 'Conversion failed for column ESCOLARIDA with type object')

	at org.knime.python3.scripting.Python3KernelBackend.beautifyPythonTraceback(Python3KernelBackend.java:700)
	at org.knime.python3.scripting.Python3KernelBackend.beautifyPythonTraceback(Python3KernelBackend.java:677)
	at org.knime.python3.scripting.Python3KernelBackend.executeAndCheckOutputs(Python3KernelBackend.java:608)
	at org.knime.python2.kernel.PythonKernel.executeAndCheckOutputs(PythonKernel.java:486)
	at org.knime.python2.kernel.PythonKernelManager.lambda$1(PythonKernelManager.java:208)
	at org.knime.python2.kernel.PythonKernelManager$3.run(PythonKernelManager.java:225)
	at org.knime.core.util.ThreadUtils$RunnableWithContextImpl.runWithContext(ThreadUtils.java:367)
	at org.knime.core.util.ThreadUtils$RunnableWithContext.run(ThreadUtils.java:221)
	at java.base/java.util.concurrent.Executors$RunnableAdapter.call(Unknown Source)
	at java.base/java.util.concurrent.FutureTask.run(Unknown Source)
	at org.knime.core.util.ThreadPool$MyFuture.run(ThreadPool.java:123)
	at org.knime.core.util.ThreadPool$Worker.run(ThreadPool.java:246)
Caused by: Traceback (most recent call last):
  File "<string>", line 54, in <module>
  File "C:\Users\mauro\.eclipse\903338280_win32_win32_x86_64\plugins\org.knime.python3_4.7.2.v202303222028\src\main\python\knime\api\table.py", line 343, in from_pandas
    return _backend.create_table_from_pandas(data, sentinel, row_ids=row_ids)
  File "C:\Users\mauro\.eclipse\903338280_win32_win32_x86_64\plugins\org.knime.python3.arrow_4.7.1.v202301311311\src\main\python\knime\_arrow\_table.py", line 140, in create_table_from_pandas
    return _create_table_from_pandas(data, sentinel, row_ids)
  File "C:\Users\mauro\.eclipse\903338280_win32_win32_x86_64\plugins\org.knime.python3.arrow_4.7.1.v202301311311\src\main\python\knime\_arrow\_table.py", line 125, in _create_table_from_pandas
    data = kap.pandas_df_to_arrow(data, row_ids=pandas_row_ids)
  File "C:\Users\mauro\.eclipse\903338280_win32_win32_x86_64\plugins\org.knime.python3.arrow_4.7.1.v202301311311\src\main\python\knime\_arrow\_pandas.py", line 80, in pandas_df_to_arrow
    return pa.Table.from_pandas(data_frame)
  File "pyarrow\table.pxi", line 3480, in pyarrow.lib.Table.from_pandas
  File "C:\Users\mauro\.eclipse\903338280_win32_win32_x86_64\plugins\org.knime.pythonscripting.channel.v1.bin.win32.x86_64_4.7.1.v202301201518\env\lib\site-packages\pyarrow\pandas_compat.py", line 622, in dataframe_to_arrays
    arrays[i] = maybe_fut.result()
  File "C:\Users\mauro\.eclipse\903338280_win32_win32_x86_64\plugins\org.knime.pythonscripting.channel.v1.bin.win32.x86_64_4.7.1.v202301201518\env\lib\concurrent\futures\_base.py", line 439, in result
    return self.__get_result()
  File "C:\Users\mauro\.eclipse\903338280_win32_win32_x86_64\plugins\org.knime.pythonscripting.channel.v1.bin.win32.x86_64_4.7.1.v202301201518\env\lib\concurrent\futures\_base.py", line 391, in __get_result
    raise self._exception
  File "C:\Users\mauro\.eclipse\903338280_win32_win32_x86_64\plugins\org.knime.pythonscripting.channel.v1.bin.win32.x86_64_4.7.1.v202301201518\env\lib\concurrent\futures\thread.py", line 58, in run
    result = self.fn(*self.args, **self.kwargs)
  File "C:\Users\mauro\.eclipse\903338280_win32_win32_x86_64\plugins\org.knime.pythonscripting.channel.v1.bin.win32.x86_64_4.7.1.v202301201518\env\lib\site-packages\pyarrow\pandas_compat.py", line 596, in convert_column
    raise e
  File "C:\Users\mauro\.eclipse\903338280_win32_win32_x86_64\plugins\org.knime.pythonscripting.channel.v1.bin.win32.x86_64_4.7.1.v202301201518\env\lib\site-packages\pyarrow\pandas_compat.py", line 590, in convert_column
    result = pa.array(col, type=type_, from_pandas=True, safe=safe)
  File "pyarrow\array.pxi", line 313, in pyarrow.lib.array
  File "pyarrow\array.pxi", line 83, in pyarrow.lib._ndarray_to_array
  File "pyarrow\error.pxi", line 100, in pyarrow.lib.check_status
pyarrow.lib.ArrowInvalid: ("Could not convert 'Ninguna' with type str: tried to convert to int64", 'Conversion failed for column ESCOLARIDA with type object')

2023-04-23 20:50:53,978 : ERROR : KNIME-Worker-159 :  : PythonSourceCodePanel : Python Script : 3:58 : pyarrow.lib.ArrowInvalid: ("Could not convert 'Ninguna' with type str: tried to convert to int64", 'Conversion failed for column ESCOLARIDA with type object')
org.knime.python2.kernel.PythonIOException: Executing the Python script failed: Traceback (most recent call last):
  File "<string>", line 54, in <module>
  File "C:\Users\mauro\.eclipse\903338280_win32_win32_x86_64\plugins\org.knime.python3_4.7.2.v202303222028\src\main\python\knime\api\table.py", line 343, in from_pandas
    return _backend.create_table_from_pandas(data, sentinel, row_ids=row_ids)
  File "C:\Users\mauro\.eclipse\903338280_win32_win32_x86_64\plugins\org.knime.python3.arrow_4.7.1.v202301311311\src\main\python\knime\_arrow\_table.py", line 140, in create_table_from_pandas
    return _create_table_from_pandas(data, sentinel, row_ids)
  File "C:\Users\mauro\.eclipse\903338280_win32_win32_x86_64\plugins\org.knime.python3.arrow_4.7.1.v202301311311\src\main\python\knime\_arrow\_table.py", line 125, in _create_table_from_pandas
    data = kap.pandas_df_to_arrow(data, row_ids=pandas_row_ids)
  File "C:\Users\mauro\.eclipse\903338280_win32_win32_x86_64\plugins\org.knime.python3.arrow_4.7.1.v202301311311\src\main\python\knime\_arrow\_pandas.py", line 80, in pandas_df_to_arrow
    return pa.Table.from_pandas(data_frame)
  File "pyarrow\table.pxi", line 3480, in pyarrow.lib.Table.from_pandas
  File "C:\Users\mauro\.eclipse\903338280_win32_win32_x86_64\plugins\org.knime.pythonscripting.channel.v1.bin.win32.x86_64_4.7.1.v202301201518\env\lib\site-packages\pyarrow\pandas_compat.py", line 622, in dataframe_to_arrays
    arrays[i] = maybe_fut.result()
  File "C:\Users\mauro\.eclipse\903338280_win32_win32_x86_64\plugins\org.knime.pythonscripting.channel.v1.bin.win32.x86_64_4.7.1.v202301201518\env\lib\concurrent\futures\_base.py", line 439, in result
    return self.__get_result()
  File "C:\Users\mauro\.eclipse\903338280_win32_win32_x86_64\plugins\org.knime.pythonscripting.channel.v1.bin.win32.x86_64_4.7.1.v202301201518\env\lib\concurrent\futures\_base.py", line 391, in __get_result
    raise self._exception
  File "C:\Users\mauro\.eclipse\903338280_win32_win32_x86_64\plugins\org.knime.pythonscripting.channel.v1.bin.win32.x86_64_4.7.1.v202301201518\env\lib\concurrent\futures\thread.py", line 58, in run
    result = self.fn(*self.args, **self.kwargs)
  File "C:\Users\mauro\.eclipse\903338280_win32_win32_x86_64\plugins\org.knime.pythonscripting.channel.v1.bin.win32.x86_64_4.7.1.v202301201518\env\lib\site-packages\pyarrow\pandas_compat.py", line 596, in convert_column
    raise e
  File "C:\Users\mauro\.eclipse\903338280_win32_win32_x86_64\plugins\org.knime.pythonscripting.channel.v1.bin.win32.x86_64_4.7.1.v202301201518\env\lib\site-packages\pyarrow\pandas_compat.py", line 590, in convert_column
    result = pa.array(col, type=type_, from_pandas=True, safe=safe)
  File "pyarrow\array.pxi", line 313, in pyarrow.lib.array
  File "pyarrow\array.pxi", line 83, in pyarrow.lib._ndarray_to_array
  File "pyarrow\error.pxi", line 100, in pyarrow.lib.check_status
pyarrow.lib.ArrowInvalid: ("Could not convert 'Ninguna' with type str: tried to convert to int64", 'Conversion failed for column ESCOLARIDA with type object')

	at org.knime.python3.scripting.Python3KernelBackend.beautifyPythonTraceback(Python3KernelBackend.java:700)
	at org.knime.python3.scripting.Python3KernelBackend.beautifyPythonTraceback(Python3KernelBackend.java:677)
	at org.knime.python3.scripting.Python3KernelBackend.executeAndCheckOutputs(Python3KernelBackend.java:608)
	at org.knime.python2.kernel.PythonKernel.executeAndCheckOutputs(PythonKernel.java:486)
	at org.knime.python2.kernel.PythonKernelManager.lambda$1(PythonKernelManager.java:208)
	at org.knime.python2.kernel.PythonKernelManager$3.run(PythonKernelManager.java:225)
	at org.knime.core.util.ThreadUtils$RunnableWithContextImpl.runWithContext(ThreadUtils.java:367)
	at org.knime.core.util.ThreadUtils$RunnableWithContext.run(ThreadUtils.java:221)
	at java.base/java.util.concurrent.Executors$RunnableAdapter.call(Unknown Source)
	at java.base/java.util.concurrent.FutureTask.run(Unknown Source)
	at org.knime.core.util.ThreadPool$MyFuture.run(ThreadPool.java:123)
	at org.knime.core.util.ThreadPool$Worker.run(ThreadPool.java:246)
Caused by: Traceback (most recent call last):
  File "<string>", line 54, in <module>
  File "C:\Users\mauro\.eclipse\903338280_win32_win32_x86_64\plugins\org.knime.python3_4.7.2.v202303222028\src\main\python\knime\api\table.py", line 343, in from_pandas
    return _backend.create_table_from_pandas(data, sentinel, row_ids=row_ids)
  File "C:\Users\mauro\.eclipse\903338280_win32_win32_x86_64\plugins\org.knime.python3.arrow_4.7.1.v202301311311\src\main\python\knime\_arrow\_table.py", line 140, in create_table_from_pandas
    return _create_table_from_pandas(data, sentinel, row_ids)
  File "C:\Users\mauro\.eclipse\903338280_win32_win32_x86_64\plugins\org.knime.python3.arrow_4.7.1.v202301311311\src\main\python\knime\_arrow\_table.py", line 125, in _create_table_from_pandas
    data = kap.pandas_df_to_arrow(data, row_ids=pandas_row_ids)
  File "C:\Users\mauro\.eclipse\903338280_win32_win32_x86_64\plugins\org.knime.python3.arrow_4.7.1.v202301311311\src\main\python\knime\_arrow\_pandas.py", line 80, in pandas_df_to_arrow
    return pa.Table.from_pandas(data_frame)
  File "pyarrow\table.pxi", line 3480, in pyarrow.lib.Table.from_pandas
  File "C:\Users\mauro\.eclipse\903338280_win32_win32_x86_64\plugins\org.knime.pythonscripting.channel.v1.bin.win32.x86_64_4.7.1.v202301201518\env\lib\site-packages\pyarrow\pandas_compat.py", line 622, in dataframe_to_arrays
    arrays[i] = maybe_fut.result()
  File "C:\Users\mauro\.eclipse\903338280_win32_win32_x86_64\plugins\org.knime.pythonscripting.channel.v1.bin.win32.x86_64_4.7.1.v202301201518\env\lib\concurrent\futures\_base.py", line 439, in result
    return self.__get_result()
  File "C:\Users\mauro\.eclipse\903338280_win32_win32_x86_64\plugins\org.knime.pythonscripting.channel.v1.bin.win32.x86_64_4.7.1.v202301201518\env\lib\concurrent\futures\_base.py", line 391, in __get_result
    raise self._exception
  File "C:\Users\mauro\.eclipse\903338280_win32_win32_x86_64\plugins\org.knime.pythonscripting.channel.v1.bin.win32.x86_64_4.7.1.v202301201518\env\lib\concurrent\futures\thread.py", line 58, in run
    result = self.fn(*self.args, **self.kwargs)
  File "C:\Users\mauro\.eclipse\903338280_win32_win32_x86_64\plugins\org.knime.pythonscripting.channel.v1.bin.win32.x86_64_4.7.1.v202301201518\env\lib\site-packages\pyarrow\pandas_compat.py", line 596, in convert_column
    raise e
  File "C:\Users\mauro\.eclipse\903338280_win32_win32_x86_64\plugins\org.knime.pythonscripting.channel.v1.bin.win32.x86_64_4.7.1.v202301201518\env\lib\site-packages\pyarrow\pandas_compat.py", line 590, in convert_column
    result = pa.array(col, type=type_, from_pandas=True, safe=safe)
  File "pyarrow\array.pxi", line 313, in pyarrow.lib.array
  File "pyarrow\array.pxi", line 83, in pyarrow.lib._ndarray_to_array
  File "pyarrow\error.pxi", line 100, in pyarrow.lib.check_status
pyarrow.lib.ArrowInvalid: ("Could not convert 'Ninguna' with type str: tried to convert to int64", 'Conversion failed for column ESCOLARIDA with type object')

2023-04-23 20:53:33,029 : ERROR : KNIME-Worker-162 :  : PythonSourceCodePanel : Python Script : 3:58 : pyarrow.lib.ArrowInvalid: ("Could not convert 'No Especificado' with type str: tried to convert to int64", 'Conversion failed for column ESCOLARIDA with type object')
org.knime.python2.kernel.PythonIOException: Executing the Python script failed: Traceback (most recent call last):
  File "<string>", line 56, in <module>
  File "C:\Users\mauro\.eclipse\903338280_win32_win32_x86_64\plugins\org.knime.python3_4.7.2.v202303222028\src\main\python\knime\api\table.py", line 343, in from_pandas
    return _backend.create_table_from_pandas(data, sentinel, row_ids=row_ids)
  File "C:\Users\mauro\.eclipse\903338280_win32_win32_x86_64\plugins\org.knime.python3.arrow_4.7.1.v202301311311\src\main\python\knime\_arrow\_table.py", line 140, in create_table_from_pandas
    return _create_table_from_pandas(data, sentinel, row_ids)
  File "C:\Users\mauro\.eclipse\903338280_win32_win32_x86_64\plugins\org.knime.python3.arrow_4.7.1.v202301311311\src\main\python\knime\_arrow\_table.py", line 125, in _create_table_from_pandas
    data = kap.pandas_df_to_arrow(data, row_ids=pandas_row_ids)
  File "C:\Users\mauro\.eclipse\903338280_win32_win32_x86_64\plugins\org.knime.python3.arrow_4.7.1.v202301311311\src\main\python\knime\_arrow\_pandas.py", line 80, in pandas_df_to_arrow
    return pa.Table.from_pandas(data_frame)
  File "pyarrow\table.pxi", line 3480, in pyarrow.lib.Table.from_pandas
  File "C:\Users\mauro\.eclipse\903338280_win32_win32_x86_64\plugins\org.knime.pythonscripting.channel.v1.bin.win32.x86_64_4.7.1.v202301201518\env\lib\site-packages\pyarrow\pandas_compat.py", line 622, in dataframe_to_arrays
    arrays[i] = maybe_fut.result()
  File "C:\Users\mauro\.eclipse\903338280_win32_win32_x86_64\plugins\org.knime.pythonscripting.channel.v1.bin.win32.x86_64_4.7.1.v202301201518\env\lib\concurrent\futures\_base.py", line 439, in result
    return self.__get_result()
  File "C:\Users\mauro\.eclipse\903338280_win32_win32_x86_64\plugins\org.knime.pythonscripting.channel.v1.bin.win32.x86_64_4.7.1.v202301201518\env\lib\concurrent\futures\_base.py", line 391, in __get_result
    raise self._exception
  File "C:\Users\mauro\.eclipse\903338280_win32_win32_x86_64\plugins\org.knime.pythonscripting.channel.v1.bin.win32.x86_64_4.7.1.v202301201518\env\lib\concurrent\futures\thread.py", line 58, in run
    result = self.fn(*self.args, **self.kwargs)
  File "C:\Users\mauro\.eclipse\903338280_win32_win32_x86_64\plugins\org.knime.pythonscripting.channel.v1.bin.win32.x86_64_4.7.1.v202301201518\env\lib\site-packages\pyarrow\pandas_compat.py", line 596, in convert_column
    raise e
  File "C:\Users\mauro\.eclipse\903338280_win32_win32_x86_64\plugins\org.knime.pythonscripting.channel.v1.bin.win32.x86_64_4.7.1.v202301201518\env\lib\site-packages\pyarrow\pandas_compat.py", line 590, in convert_column
    result = pa.array(col, type=type_, from_pandas=True, safe=safe)
  File "pyarrow\array.pxi", line 313, in pyarrow.lib.array
  File "pyarrow\array.pxi", line 83, in pyarrow.lib._ndarray_to_array
  File "pyarrow\error.pxi", line 100, in pyarrow.lib.check_status
pyarrow.lib.ArrowInvalid: ("Could not convert 'No Especificado' with type str: tried to convert to int64", 'Conversion failed for column ESCOLARIDA with type object')

	at org.knime.python3.scripting.Python3KernelBackend.beautifyPythonTraceback(Python3KernelBackend.java:700)
	at org.knime.python3.scripting.Python3KernelBackend.beautifyPythonTraceback(Python3KernelBackend.java:677)
	at org.knime.python3.scripting.Python3KernelBackend.executeAndCheckOutputs(Python3KernelBackend.java:608)
	at org.knime.python2.kernel.PythonKernel.executeAndCheckOutputs(PythonKernel.java:486)
	at org.knime.python2.kernel.PythonKernelManager.lambda$1(PythonKernelManager.java:208)
	at org.knime.python2.kernel.PythonKernelManager$3.run(PythonKernelManager.java:225)
	at org.knime.core.util.ThreadUtils$RunnableWithContextImpl.runWithContext(ThreadUtils.java:367)
	at org.knime.core.util.ThreadUtils$RunnableWithContext.run(ThreadUtils.java:221)
	at java.base/java.util.concurrent.Executors$RunnableAdapter.call(Unknown Source)
	at java.base/java.util.concurrent.FutureTask.run(Unknown Source)
	at org.knime.core.util.ThreadPool$MyFuture.run(ThreadPool.java:123)
	at org.knime.core.util.ThreadPool$Worker.run(ThreadPool.java:246)
Caused by: Traceback (most recent call last):
  File "<string>", line 56, in <module>
  File "C:\Users\mauro\.eclipse\903338280_win32_win32_x86_64\plugins\org.knime.python3_4.7.2.v202303222028\src\main\python\knime\api\table.py", line 343, in from_pandas
    return _backend.create_table_from_pandas(data, sentinel, row_ids=row_ids)
  File "C:\Users\mauro\.eclipse\903338280_win32_win32_x86_64\plugins\org.knime.python3.arrow_4.7.1.v202301311311\src\main\python\knime\_arrow\_table.py", line 140, in create_table_from_pandas
    return _create_table_from_pandas(data, sentinel, row_ids)
  File "C:\Users\mauro\.eclipse\903338280_win32_win32_x86_64\plugins\org.knime.python3.arrow_4.7.1.v202301311311\src\main\python\knime\_arrow\_table.py", line 125, in _create_table_from_pandas
    data = kap.pandas_df_to_arrow(data, row_ids=pandas_row_ids)
  File "C:\Users\mauro\.eclipse\903338280_win32_win32_x86_64\plugins\org.knime.python3.arrow_4.7.1.v202301311311\src\main\python\knime\_arrow\_pandas.py", line 80, in pandas_df_to_arrow
    return pa.Table.from_pandas(data_frame)
  File "pyarrow\table.pxi", line 3480, in pyarrow.lib.Table.from_pandas
  File "C:\Users\mauro\.eclipse\903338280_win32_win32_x86_64\plugins\org.knime.pythonscripting.channel.v1.bin.win32.x86_64_4.7.1.v202301201518\env\lib\site-packages\pyarrow\pandas_compat.py", line 622, in dataframe_to_arrays
    arrays[i] = maybe_fut.result()
  File "C:\Users\mauro\.eclipse\903338280_win32_win32_x86_64\plugins\org.knime.pythonscripting.channel.v1.bin.win32.x86_64_4.7.1.v202301201518\env\lib\concurrent\futures\_base.py", line 439, in result
    return self.__get_result()
  File "C:\Users\mauro\.eclipse\903338280_win32_win32_x86_64\plugins\org.knime.pythonscripting.channel.v1.bin.win32.x86_64_4.7.1.v202301201518\env\lib\concurrent\futures\_base.py", line 391, in __get_result
    raise self._exception
  File "C:\Users\mauro\.eclipse\903338280_win32_win32_x86_64\plugins\org.knime.pythonscripting.channel.v1.bin.win32.x86_64_4.7.1.v202301201518\env\lib\concurrent\futures\thread.py", line 58, in run
    result = self.fn(*self.args, **self.kwargs)
  File "C:\Users\mauro\.eclipse\903338280_win32_win32_x86_64\plugins\org.knime.pythonscripting.channel.v1.bin.win32.x86_64_4.7.1.v202301201518\env\lib\site-packages\pyarrow\pandas_compat.py", line 596, in convert_column
    raise e
  File "C:\Users\mauro\.eclipse\903338280_win32_win32_x86_64\plugins\org.knime.pythonscripting.channel.v1.bin.win32.x86_64_4.7.1.v202301201518\env\lib\site-packages\pyarrow\pandas_compat.py", line 590, in convert_column
    result = pa.array(col, type=type_, from_pandas=True, safe=safe)
  File "pyarrow\array.pxi", line 313, in pyarrow.lib.array
  File "pyarrow\array.pxi", line 83, in pyarrow.lib._ndarray_to_array
  File "pyarrow\error.pxi", line 100, in pyarrow.lib.check_status
pyarrow.lib.ArrowInvalid: ("Could not convert 'No Especificado' with type str: tried to convert to int64", 'Conversion failed for column ESCOLARIDA with type object')

2023-04-24 14:37:31,963 : ERROR : main :  : WindowsDefenderExceptionHandler :  :  : PowerShell command powershell -inputformat none -outputformat text -NonInteractive -Command Get-Item -Path 'Registry::HKEY_LOCAL_MACHINE\SOFTWARE\Microsoft\Windows Defender\Exclusions\Processes' -ErrorAction Stop | Select-Object -ExpandProperty Property did not terminate successfully.
2023-04-24 14:37:31,967 : ERROR : main :  : WindowsDefenderExceptionHandler :  :  : Stderr is:
2023-04-24 14:37:31,967 : ERROR : main :  : WindowsDefenderExceptionHandler :  :  : Get-Item : Requested registry access is not allowed.
2023-04-24 14:37:31,967 : ERROR : main :  : WindowsDefenderExceptionHandler :  :  : At line:1 char:1
2023-04-24 14:37:31,967 : ERROR : main :  : WindowsDefenderExceptionHandler :  :  : + Get-Item -Path 'Registry::HKEY_LOCAL_MACHINE\SOFTWARE\Microsoft\Windo ...
2023-04-24 14:37:31,967 : ERROR : main :  : WindowsDefenderExceptionHandler :  :  : + ~~~~~~~~~~~~~~~~~~~~~~~~~~~~~~~~~~~~~~~~~~~~~~~~~~~~~~~~~~~~~~~~~~~~~
2023-04-24 14:37:31,967 : ERROR : main :  : WindowsDefenderExceptionHandler :  :  :     + CategoryInfo          : PermissionDenied: (HKEY_LOCAL_MACH...sions\Processes:String) [Get-Item], SecurityExcepti 
2023-04-24 14:37:31,967 : ERROR : main :  : WindowsDefenderExceptionHandler :  :  :    on
2023-04-24 14:37:31,967 : ERROR : main :  : WindowsDefenderExceptionHandler :  :  :     + FullyQualifiedErrorId : System.Security.SecurityException,Microsoft.PowerShell.Commands.GetItemCommand
2023-04-24 14:37:31,967 : ERROR : main :  : WindowsDefenderExceptionHandler :  :  :  
2023-04-27 20:54:13,095 : ERROR : main :  : WindowsDefenderExceptionHandler :  :  : PowerShell command powershell -inputformat none -outputformat text -NonInteractive -Command Get-Item -Path 'Registry::HKEY_LOCAL_MACHINE\SOFTWARE\Microsoft\Windows Defender\Exclusions\Processes' -ErrorAction Stop | Select-Object -ExpandProperty Property did not terminate successfully.
2023-04-27 20:54:13,095 : ERROR : main :  : WindowsDefenderExceptionHandler :  :  : Stderr is:
2023-04-27 20:54:13,095 : ERROR : main :  : WindowsDefenderExceptionHandler :  :  : Get-Item : Requested registry access is not allowed.
2023-04-27 20:54:13,095 : ERROR : main :  : WindowsDefenderExceptionHandler :  :  : At line:1 char:1
2023-04-27 20:54:13,095 : ERROR : main :  : WindowsDefenderExceptionHandler :  :  : + Get-Item -Path 'Registry::HKEY_LOCAL_MACHINE\SOFTWARE\Microsoft\Windo ...
2023-04-27 20:54:13,095 : ERROR : main :  : WindowsDefenderExceptionHandler :  :  : + ~~~~~~~~~~~~~~~~~~~~~~~~~~~~~~~~~~~~~~~~~~~~~~~~~~~~~~~~~~~~~~~~~~~~~
2023-04-27 20:54:13,095 : ERROR : main :  : WindowsDefenderExceptionHandler :  :  :     + CategoryInfo          : PermissionDenied: (HKEY_LOCAL_MACH...sions\Processes:String) [Get-Item], SecurityExcepti 
2023-04-27 20:54:13,095 : ERROR : main :  : WindowsDefenderExceptionHandler :  :  :    on
2023-04-27 20:54:13,095 : ERROR : main :  : WindowsDefenderExceptionHandler :  :  :     + FullyQualifiedErrorId : System.Security.SecurityException,Microsoft.PowerShell.Commands.GetItemCommand
2023-04-27 20:54:13,095 : ERROR : main :  : WindowsDefenderExceptionHandler :  :  :  
2023-04-28 19:04:09,348 : ERROR : main :  : WindowsDefenderExceptionHandler :  :  : PowerShell command powershell -inputformat none -outputformat text -NonInteractive -Command Get-Item -Path 'Registry::HKEY_LOCAL_MACHINE\SOFTWARE\Microsoft\Windows Defender\Exclusions\Processes' -ErrorAction Stop | Select-Object -ExpandProperty Property did not terminate successfully.
2023-04-28 19:04:09,348 : ERROR : main :  : WindowsDefenderExceptionHandler :  :  : Stderr is:
2023-04-28 19:04:09,348 : ERROR : main :  : WindowsDefenderExceptionHandler :  :  : Get-Item : Requested registry access is not allowed.
2023-04-28 19:04:09,349 : ERROR : main :  : WindowsDefenderExceptionHandler :  :  : At line:1 char:1
2023-04-28 19:04:09,349 : ERROR : main :  : WindowsDefenderExceptionHandler :  :  : + Get-Item -Path 'Registry::HKEY_LOCAL_MACHINE\SOFTWARE\Microsoft\Windo ...
2023-04-28 19:04:09,349 : ERROR : main :  : WindowsDefenderExceptionHandler :  :  : + ~~~~~~~~~~~~~~~~~~~~~~~~~~~~~~~~~~~~~~~~~~~~~~~~~~~~~~~~~~~~~~~~~~~~~
2023-04-28 19:04:09,349 : ERROR : main :  : WindowsDefenderExceptionHandler :  :  :     + CategoryInfo          : PermissionDenied: (HKEY_LOCAL_MACH...sions\Processes:String) [Get-Item], SecurityExcepti 
2023-04-28 19:04:09,349 : ERROR : main :  : WindowsDefenderExceptionHandler :  :  :    on
2023-04-28 19:04:09,349 : ERROR : main :  : WindowsDefenderExceptionHandler :  :  :     + FullyQualifiedErrorId : System.Security.SecurityException,Microsoft.PowerShell.Commands.GetItemCommand
2023-04-28 19:04:09,349 : ERROR : main :  : WindowsDefenderExceptionHandler :  :  :  
2023-04-29 21:08:02,698 : ERROR : main :  : WindowsDefenderExceptionHandler :  :  : PowerShell command powershell -inputformat none -outputformat text -NonInteractive -Command Get-Item -Path 'Registry::HKEY_LOCAL_MACHINE\SOFTWARE\Microsoft\Windows Defender\Exclusions\Processes' -ErrorAction Stop | Select-Object -ExpandProperty Property did not terminate successfully.
2023-04-29 21:08:02,699 : ERROR : main :  : WindowsDefenderExceptionHandler :  :  : Stderr is:
2023-04-29 21:08:02,699 : ERROR : main :  : WindowsDefenderExceptionHandler :  :  : Get-Item : Requested registry access is not allowed.
2023-04-29 21:08:02,700 : ERROR : main :  : WindowsDefenderExceptionHandler :  :  : At line:1 char:1
2023-04-29 21:08:02,700 : ERROR : main :  : WindowsDefenderExceptionHandler :  :  : + Get-Item -Path 'Registry::HKEY_LOCAL_MACHINE\SOFTWARE\Microsoft\Windo ...
2023-04-29 21:08:02,700 : ERROR : main :  : WindowsDefenderExceptionHandler :  :  : + ~~~~~~~~~~~~~~~~~~~~~~~~~~~~~~~~~~~~~~~~~~~~~~~~~~~~~~~~~~~~~~~~~~~~~
2023-04-29 21:08:02,700 : ERROR : main :  : WindowsDefenderExceptionHandler :  :  :     + CategoryInfo          : PermissionDenied: (HKEY_LOCAL_MACH...sions\Processes:String) [Get-Item], SecurityExcepti 
2023-04-29 21:08:02,700 : ERROR : main :  : WindowsDefenderExceptionHandler :  :  :    on
2023-04-29 21:08:02,700 : ERROR : main :  : WindowsDefenderExceptionHandler :  :  :     + FullyQualifiedErrorId : System.Security.SecurityException,Microsoft.PowerShell.Commands.GetItemCommand
2023-04-29 21:08:02,700 : ERROR : main :  : WindowsDefenderExceptionHandler :  :  :  
2023-05-02 00:45:35,958 : ERROR : main :  : WindowsDefenderExceptionHandler :  :  : PowerShell command powershell -inputformat none -outputformat text -NonInteractive -Command Get-Item -Path 'Registry::HKEY_LOCAL_MACHINE\SOFTWARE\Microsoft\Windows Defender\Exclusions\Processes' -ErrorAction Stop | Select-Object -ExpandProperty Property did not terminate successfully.
2023-05-02 00:45:35,959 : ERROR : main :  : WindowsDefenderExceptionHandler :  :  : Stderr is:
2023-05-02 00:45:35,960 : ERROR : main :  : WindowsDefenderExceptionHandler :  :  : Get-Item : Requested registry access is not allowed.
2023-05-02 00:45:35,960 : ERROR : main :  : WindowsDefenderExceptionHandler :  :  : At line:1 char:1
2023-05-02 00:45:35,960 : ERROR : main :  : WindowsDefenderExceptionHandler :  :  : + Get-Item -Path 'Registry::HKEY_LOCAL_MACHINE\SOFTWARE\Microsoft\Windo ...
2023-05-02 00:45:35,960 : ERROR : main :  : WindowsDefenderExceptionHandler :  :  : + ~~~~~~~~~~~~~~~~~~~~~~~~~~~~~~~~~~~~~~~~~~~~~~~~~~~~~~~~~~~~~~~~~~~~~
2023-05-02 00:45:35,960 : ERROR : main :  : WindowsDefenderExceptionHandler :  :  :     + CategoryInfo          : PermissionDenied: (HKEY_LOCAL_MACH...sions\Processes:String) [Get-Item], SecurityExcepti 
2023-05-02 00:45:35,960 : ERROR : main :  : WindowsDefenderExceptionHandler :  :  :    on
2023-05-02 00:45:35,960 : ERROR : main :  : WindowsDefenderExceptionHandler :  :  :     + FullyQualifiedErrorId : System.Security.SecurityException,Microsoft.PowerShell.Commands.GetItemCommand
2023-05-02 00:45:35,960 : ERROR : main :  : WindowsDefenderExceptionHandler :  :  :  
2023-05-02 00:46:35,889 : ERROR : KNIME-ConfigurationArea-Checker :  : ConfigurationAreaChecker :  :  : Can't check integrity of configuration area ("C:\Users\mauro\.eclipse\903338280_win32_win32_x86_64\configuration"): The process cannot access the file because another process has locked a portion of the file
java.io.IOException: The process cannot access the file because another process has locked a portion of the file
	at java.base/sun.nio.ch.FileDispatcherImpl.write0(Native Method)
	at java.base/sun.nio.ch.FileDispatcherImpl.write(Unknown Source)
	at java.base/sun.nio.ch.IOUtil.writeFromNativeBuffer(Unknown Source)
	at java.base/sun.nio.ch.IOUtil.write(Unknown Source)
	at java.base/sun.nio.ch.IOUtil.write(Unknown Source)
	at java.base/sun.nio.ch.FileChannelImpl.write(Unknown Source)
	at org.knime.core.internal.ConfigurationAreaChecker.lambda$0(ConfigurationAreaChecker.java:135)
	at java.base/java.lang.Thread.run(Unknown Source)
2023-05-07 21:47:31,222 : ERROR : main :  : WindowsDefenderExceptionHandler :  :  : PowerShell command powershell -inputformat none -outputformat text -NonInteractive -Command Get-Item -Path 'Registry::HKEY_LOCAL_MACHINE\SOFTWARE\Microsoft\Windows Defender\Exclusions\Processes' -ErrorAction Stop | Select-Object -ExpandProperty Property did not terminate successfully.
2023-05-07 21:47:31,223 : ERROR : main :  : WindowsDefenderExceptionHandler :  :  : Stderr is:
2023-05-07 21:47:31,224 : ERROR : main :  : WindowsDefenderExceptionHandler :  :  : Get-Item : Requested registry access is not allowed.
2023-05-07 21:47:31,224 : ERROR : main :  : WindowsDefenderExceptionHandler :  :  : At line:1 char:1
2023-05-07 21:47:31,224 : ERROR : main :  : WindowsDefenderExceptionHandler :  :  : + Get-Item -Path 'Registry::HKEY_LOCAL_MACHINE\SOFTWARE\Microsoft\Windo ...
2023-05-07 21:47:31,224 : ERROR : main :  : WindowsDefenderExceptionHandler :  :  : + ~~~~~~~~~~~~~~~~~~~~~~~~~~~~~~~~~~~~~~~~~~~~~~~~~~~~~~~~~~~~~~~~~~~~~
2023-05-07 21:47:31,224 : ERROR : main :  : WindowsDefenderExceptionHandler :  :  :     + CategoryInfo          : PermissionDenied: (HKEY_LOCAL_MACH...sions\Processes:String) [Get-Item], SecurityExcepti 
2023-05-07 21:47:31,224 : ERROR : main :  : WindowsDefenderExceptionHandler :  :  :    on
2023-05-07 21:47:31,224 : ERROR : main :  : WindowsDefenderExceptionHandler :  :  :     + FullyQualifiedErrorId : System.Security.SecurityException,Microsoft.PowerShell.Commands.GetItemCommand
2023-05-07 21:47:31,224 : ERROR : main :  : WindowsDefenderExceptionHandler :  :  :  
2023-05-08 13:45:46,706 : ERROR : main :  : WindowsDefenderExceptionHandler :  :  : PowerShell command powershell -inputformat none -outputformat text -NonInteractive -Command Get-Item -Path 'Registry::HKEY_LOCAL_MACHINE\SOFTWARE\Microsoft\Windows Defender\Exclusions\Processes' -ErrorAction Stop | Select-Object -ExpandProperty Property did not terminate successfully.
2023-05-08 13:45:46,706 : ERROR : main :  : WindowsDefenderExceptionHandler :  :  : Stderr is:
2023-05-08 13:45:46,710 : ERROR : main :  : WindowsDefenderExceptionHandler :  :  : Get-Item : Requested registry access is not allowed.
2023-05-08 13:45:46,710 : ERROR : main :  : WindowsDefenderExceptionHandler :  :  : At line:1 char:1
2023-05-08 13:45:46,710 : ERROR : main :  : WindowsDefenderExceptionHandler :  :  : + Get-Item -Path 'Registry::HKEY_LOCAL_MACHINE\SOFTWARE\Microsoft\Windo ...
2023-05-08 13:45:46,710 : ERROR : main :  : WindowsDefenderExceptionHandler :  :  : + ~~~~~~~~~~~~~~~~~~~~~~~~~~~~~~~~~~~~~~~~~~~~~~~~~~~~~~~~~~~~~~~~~~~~~
2023-05-08 13:45:46,710 : ERROR : main :  : WindowsDefenderExceptionHandler :  :  :     + CategoryInfo          : PermissionDenied: (HKEY_LOCAL_MACH...sions\Processes:String) [Get-Item], SecurityExcepti 
2023-05-08 13:45:46,710 : ERROR : main :  : WindowsDefenderExceptionHandler :  :  :    on
2023-05-08 13:45:46,710 : ERROR : main :  : WindowsDefenderExceptionHandler :  :  :     + FullyQualifiedErrorId : System.Security.SecurityException,Microsoft.PowerShell.Commands.GetItemCommand
2023-05-08 13:45:46,710 : ERROR : main :  : WindowsDefenderExceptionHandler :  :  :  
2023-05-08 13:46:46,636 : ERROR : KNIME-ConfigurationArea-Checker :  : ConfigurationAreaChecker :  :  : Can't check integrity of configuration area ("C:\Users\mauro\.eclipse\903338280_win32_win32_x86_64\configuration"): The process cannot access the file because another process has locked a portion of the file
java.io.IOException: The process cannot access the file because another process has locked a portion of the file
	at java.base/sun.nio.ch.FileDispatcherImpl.write0(Native Method)
	at java.base/sun.nio.ch.FileDispatcherImpl.write(Unknown Source)
	at java.base/sun.nio.ch.IOUtil.writeFromNativeBuffer(Unknown Source)
	at java.base/sun.nio.ch.IOUtil.write(Unknown Source)
	at java.base/sun.nio.ch.IOUtil.write(Unknown Source)
	at java.base/sun.nio.ch.FileChannelImpl.write(Unknown Source)
	at org.knime.core.internal.ConfigurationAreaChecker.lambda$0(ConfigurationAreaChecker.java:135)
	at java.base/java.lang.Thread.run(Unknown Source)
